make[4]: Entering directory '/data/tusers/yutianx/tongji2/Software/ncbi-blast-2.6.0+-src/c++/ReleaseMT/build/objmgr/split'
Updating dependency information for /data/tusers/yutianx/tongji2/Software/ncbi-blast-2.6.0+-src/c++/src/objmgr/split/split_exceptions.cpp.
Updating dependency information for /data/tusers/yutianx/tongji2/Software/ncbi-blast-2.6.0+-src/c++/src/objmgr/split/size.cpp.
Updating dependency information for /data/tusers/yutianx/tongji2/Software/ncbi-blast-2.6.0+-src/c++/src/objmgr/split/chunk_info.cpp.
Updating dependency information for /data/tusers/yutianx/tongji2/Software/ncbi-blast-2.6.0+-src/c++/src/objmgr/split/annot_piece.cpp.
Updating dependency information for /data/tusers/yutianx/tongji2/Software/ncbi-blast-2.6.0+-src/c++/src/objmgr/split/asn_sizer.cpp.
Updating dependency information for /data/tusers/yutianx/tongji2/Software/ncbi-blast-2.6.0+-src/c++/src/objmgr/split/object_splitinfo.cpp.
Updating dependency information for /data/tusers/yutianx/tongji2/Software/ncbi-blast-2.6.0+-src/c++/src/objmgr/split/id_range.cpp.
Updating dependency information for /data/tusers/yutianx/tongji2/Software/ncbi-blast-2.6.0+-src/c++/src/objmgr/split/blob_splitter_maker.cpp.
Updating dependency information for /data/tusers/yutianx/tongji2/Software/ncbi-blast-2.6.0+-src/c++/src/objmgr/split/blob_splitter_parser.cpp.
Updating dependency information for /data/tusers/yutianx/tongji2/Software/ncbi-blast-2.6.0+-src/c++/src/objmgr/split/blob_splitter_impl.cpp.
Updating dependency information for /data/tusers/yutianx/tongji2/Software/ncbi-blast-2.6.0+-src/c++/src/objmgr/split/split_blob.cpp.
Updating dependency information for /data/tusers/yutianx/tongji2/Software/ncbi-blast-2.6.0+-src/c++/src/objmgr/split/blob_splitter_params.cpp.
Updating dependency information for /data/tusers/yutianx/tongji2/Software/ncbi-blast-2.6.0+-src/c++/src/objmgr/split/blob_splitter.cpp.
/usr/bin/ccache /usr/bin/g++  -std=gnu++11 -c  -Wall -Wno-format-y2k  -pthread -fopenmp -O2 -fPIC   -DNDEBUG -D_LARGEFILE_SOURCE -D_FILE_OFFSET_BITS=64 -D_LARGEFILE64_SOURCE   -D_MT -D_REENTRANT -D_THREAD_SAFE -I/data/tusers/yutianx/tongji2/Software/ncbi-blast-2.6.0+-src/c++/ReleaseMT/inc -I/data/tusers/yutianx/tongji2/Software/ncbi-blast-2.6.0+-src/c++/include     -fdiagnostics-color=always /data/tusers/yutianx/tongji2/Software/ncbi-blast-2.6.0+-src/c++/src/objmgr/split/blob_splitter.cpp -o blob_splitter.o 
/usr/bin/ccache /usr/bin/g++  -std=gnu++11 -c  -Wall -Wno-format-y2k  -pthread -fopenmp -O2 -fPIC   -DNDEBUG -D_LARGEFILE_SOURCE -D_FILE_OFFSET_BITS=64 -D_LARGEFILE64_SOURCE   -D_MT -D_REENTRANT -D_THREAD_SAFE -I/data/tusers/yutianx/tongji2/Software/ncbi-blast-2.6.0+-src/c++/ReleaseMT/inc -I/data/tusers/yutianx/tongji2/Software/ncbi-blast-2.6.0+-src/c++/include     -fdiagnostics-color=always /data/tusers/yutianx/tongji2/Software/ncbi-blast-2.6.0+-src/c++/src/objmgr/split/blob_splitter_params.cpp -o blob_splitter_params.o 
/usr/bin/ccache /usr/bin/g++  -std=gnu++11 -c  -Wall -Wno-format-y2k  -pthread -fopenmp -O2 -fPIC   -DNDEBUG -D_LARGEFILE_SOURCE -D_FILE_OFFSET_BITS=64 -D_LARGEFILE64_SOURCE   -D_MT -D_REENTRANT -D_THREAD_SAFE -I/data/tusers/yutianx/tongji2/Software/ncbi-blast-2.6.0+-src/c++/ReleaseMT/inc -I/data/tusers/yutianx/tongji2/Software/ncbi-blast-2.6.0+-src/c++/include     -fdiagnostics-color=always /data/tusers/yutianx/tongji2/Software/ncbi-blast-2.6.0+-src/c++/src/objmgr/split/split_blob.cpp -o split_blob.o 
/usr/bin/ccache /usr/bin/g++  -std=gnu++11 -c  -Wall -Wno-format-y2k  -pthread -fopenmp -O2 -fPIC   -DNDEBUG -D_LARGEFILE_SOURCE -D_FILE_OFFSET_BITS=64 -D_LARGEFILE64_SOURCE   -D_MT -D_REENTRANT -D_THREAD_SAFE -I/data/tusers/yutianx/tongji2/Software/ncbi-blast-2.6.0+-src/c++/ReleaseMT/inc -I/data/tusers/yutianx/tongji2/Software/ncbi-blast-2.6.0+-src/c++/include     -fdiagnostics-color=always /data/tusers/yutianx/tongji2/Software/ncbi-blast-2.6.0+-src/c++/src/objmgr/split/blob_splitter_impl.cpp -o blob_splitter_impl.o 
/usr/bin/ccache /usr/bin/g++  -std=gnu++11 -c  -Wall -Wno-format-y2k  -pthread -fopenmp -O2 -fPIC   -DNDEBUG -D_LARGEFILE_SOURCE -D_FILE_OFFSET_BITS=64 -D_LARGEFILE64_SOURCE   -D_MT -D_REENTRANT -D_THREAD_SAFE -I/data/tusers/yutianx/tongji2/Software/ncbi-blast-2.6.0+-src/c++/ReleaseMT/inc -I/data/tusers/yutianx/tongji2/Software/ncbi-blast-2.6.0+-src/c++/include     -fdiagnostics-color=always /data/tusers/yutianx/tongji2/Software/ncbi-blast-2.6.0+-src/c++/src/objmgr/split/blob_splitter_parser.cpp -o blob_splitter_parser.o 
/usr/bin/ccache /usr/bin/g++  -std=gnu++11 -c  -Wall -Wno-format-y2k  -pthread -fopenmp -O2 -fPIC   -DNDEBUG -D_LARGEFILE_SOURCE -D_FILE_OFFSET_BITS=64 -D_LARGEFILE64_SOURCE   -D_MT -D_REENTRANT -D_THREAD_SAFE -I/data/tusers/yutianx/tongji2/Software/ncbi-blast-2.6.0+-src/c++/ReleaseMT/inc -I/data/tusers/yutianx/tongji2/Software/ncbi-blast-2.6.0+-src/c++/include     -fdiagnostics-color=always /data/tusers/yutianx/tongji2/Software/ncbi-blast-2.6.0+-src/c++/src/objmgr/split/blob_splitter_maker.cpp -o blob_splitter_maker.o 
/usr/bin/ccache /usr/bin/g++  -std=gnu++11 -c  -Wall -Wno-format-y2k  -pthread -fopenmp -O2 -fPIC   -DNDEBUG -D_LARGEFILE_SOURCE -D_FILE_OFFSET_BITS=64 -D_LARGEFILE64_SOURCE   -D_MT -D_REENTRANT -D_THREAD_SAFE -I/data/tusers/yutianx/tongji2/Software/ncbi-blast-2.6.0+-src/c++/ReleaseMT/inc -I/data/tusers/yutianx/tongji2/Software/ncbi-blast-2.6.0+-src/c++/include     -fdiagnostics-color=always /data/tusers/yutianx/tongji2/Software/ncbi-blast-2.6.0+-src/c++/src/objmgr/split/id_range.cpp -o id_range.o 
/usr/bin/ccache /usr/bin/g++  -std=gnu++11 -c  -Wall -Wno-format-y2k  -pthread -fopenmp -O2 -fPIC   -DNDEBUG -D_LARGEFILE_SOURCE -D_FILE_OFFSET_BITS=64 -D_LARGEFILE64_SOURCE   -D_MT -D_REENTRANT -D_THREAD_SAFE -I/data/tusers/yutianx/tongji2/Software/ncbi-blast-2.6.0+-src/c++/ReleaseMT/inc -I/data/tusers/yutianx/tongji2/Software/ncbi-blast-2.6.0+-src/c++/include     -fdiagnostics-color=always /data/tusers/yutianx/tongji2/Software/ncbi-blast-2.6.0+-src/c++/src/objmgr/split/object_splitinfo.cpp -o object_splitinfo.o 
/usr/bin/ccache /usr/bin/g++  -std=gnu++11 -c  -Wall -Wno-format-y2k  -pthread -fopenmp -O2 -fPIC   -DNDEBUG -D_LARGEFILE_SOURCE -D_FILE_OFFSET_BITS=64 -D_LARGEFILE64_SOURCE   -D_MT -D_REENTRANT -D_THREAD_SAFE -I/data/tusers/yutianx/tongji2/Software/ncbi-blast-2.6.0+-src/c++/ReleaseMT/inc -I/data/tusers/yutianx/tongji2/Software/ncbi-blast-2.6.0+-src/c++/include     -fdiagnostics-color=always /data/tusers/yutianx/tongji2/Software/ncbi-blast-2.6.0+-src/c++/src/objmgr/split/asn_sizer.cpp -o asn_sizer.o 
/usr/bin/ccache /usr/bin/g++  -std=gnu++11 -c  -Wall -Wno-format-y2k  -pthread -fopenmp -O2 -fPIC   -DNDEBUG -D_LARGEFILE_SOURCE -D_FILE_OFFSET_BITS=64 -D_LARGEFILE64_SOURCE   -D_MT -D_REENTRANT -D_THREAD_SAFE -I/data/tusers/yutianx/tongji2/Software/ncbi-blast-2.6.0+-src/c++/ReleaseMT/inc -I/data/tusers/yutianx/tongji2/Software/ncbi-blast-2.6.0+-src/c++/include     -fdiagnostics-color=always /data/tusers/yutianx/tongji2/Software/ncbi-blast-2.6.0+-src/c++/src/objmgr/split/annot_piece.cpp -o annot_piece.o 
/usr/bin/ccache /usr/bin/g++  -std=gnu++11 -c  -Wall -Wno-format-y2k  -pthread -fopenmp -O2 -fPIC   -DNDEBUG -D_LARGEFILE_SOURCE -D_FILE_OFFSET_BITS=64 -D_LARGEFILE64_SOURCE   -D_MT -D_REENTRANT -D_THREAD_SAFE -I/data/tusers/yutianx/tongji2/Software/ncbi-blast-2.6.0+-src/c++/ReleaseMT/inc -I/data/tusers/yutianx/tongji2/Software/ncbi-blast-2.6.0+-src/c++/include     -fdiagnostics-color=always /data/tusers/yutianx/tongji2/Software/ncbi-blast-2.6.0+-src/c++/src/objmgr/split/chunk_info.cpp -o chunk_info.o 
/usr/bin/ccache /usr/bin/g++  -std=gnu++11 -c  -Wall -Wno-format-y2k  -pthread -fopenmp -O2 -fPIC   -DNDEBUG -D_LARGEFILE_SOURCE -D_FILE_OFFSET_BITS=64 -D_LARGEFILE64_SOURCE   -D_MT -D_REENTRANT -D_THREAD_SAFE -I/data/tusers/yutianx/tongji2/Software/ncbi-blast-2.6.0+-src/c++/ReleaseMT/inc -I/data/tusers/yutianx/tongji2/Software/ncbi-blast-2.6.0+-src/c++/include     -fdiagnostics-color=always /data/tusers/yutianx/tongji2/Software/ncbi-blast-2.6.0+-src/c++/src/objmgr/split/size.cpp -o size.o 
/usr/bin/ccache /usr/bin/g++  -std=gnu++11 -c  -Wall -Wno-format-y2k  -pthread -fopenmp -O2 -fPIC   -DNDEBUG -D_LARGEFILE_SOURCE -D_FILE_OFFSET_BITS=64 -D_LARGEFILE64_SOURCE   -D_MT -D_REENTRANT -D_THREAD_SAFE -I/data/tusers/yutianx/tongji2/Software/ncbi-blast-2.6.0+-src/c++/ReleaseMT/inc -I/data/tusers/yutianx/tongji2/Software/ncbi-blast-2.6.0+-src/c++/include     -fdiagnostics-color=always /data/tusers/yutianx/tongji2/Software/ncbi-blast-2.6.0+-src/c++/src/objmgr/split/split_exceptions.cpp -o split_exceptions.o 
/bin/rm -f libid2_split.a .libid2_split.a.stamp
ar cr libid2_split.a blob_splitter.o blob_splitter_params.o split_blob.o blob_splitter_impl.o blob_splitter_parser.o blob_splitter_maker.o id_range.o object_splitinfo.o asn_sizer.o annot_piece.o chunk_info.o size.o split_exceptions.o  
/bin/bash /data/tusers/yutianx/tongji2/Software/ncbi-blast-2.6.0+-src/c++/scripts/common/impl/if_diff.sh /bin/ln -f libid2_split.a /data/tusers/yutianx/tongji2/Software/ncbi-blast-2.6.0+-src/c++/ReleaseMT/lib
/bin/ln -f libid2_split.a /data/tusers/yutianx/tongji2/Software/ncbi-blast-2.6.0+-src/c++/ReleaseMT/lib/libid2_split.a
/bin/ln -f .id2_split.dep /data/tusers/yutianx/tongji2/Software/ncbi-blast-2.6.0+-src/c++/ReleaseMT/status/.id2_split.dep
make[4]: Leaving directory '/data/tusers/yutianx/tongji2/Software/ncbi-blast-2.6.0+-src/c++/ReleaseMT/build/objmgr/split'
