make[4]: Entering directory '/data/tusers/yutianx/tongji2/Software/ncbi-blast-2.6.0+-src/c++/ReleaseMT/build/objmgr/util'
Updating dependency information for /data/tusers/yutianx/tongji2/Software/ncbi-blast-2.6.0+-src/c++/src/objmgr/util/objutil.cpp.
Updating dependency information for /data/tusers/yutianx/tongji2/Software/ncbi-blast-2.6.0+-src/c++/src/objmgr/util/bioseqgaps_ci.cpp.
Updating dependency information for /data/tusers/yutianx/tongji2/Software/ncbi-blast-2.6.0+-src/c++/src/objmgr/util/seq_trimmer.cpp.
Updating dependency information for /data/tusers/yutianx/tongji2/Software/ncbi-blast-2.6.0+-src/c++/src/objmgr/util/seq_align_util.cpp.
Updating dependency information for /data/tusers/yutianx/tongji2/Software/ncbi-blast-2.6.0+-src/c++/src/objmgr/util/seq_loc_util.cpp.
Updating dependency information for /data/tusers/yutianx/tongji2/Software/ncbi-blast-2.6.0+-src/c++/src/objmgr/util/obj_sniff.cpp.
Updating dependency information for /data/tusers/yutianx/tongji2/Software/ncbi-blast-2.6.0+-src/c++/src/objmgr/util/create_defline.cpp.
Updating dependency information for /data/tusers/yutianx/tongji2/Software/ncbi-blast-2.6.0+-src/c++/src/objmgr/util/seqtitle.cpp.
Updating dependency information for /data/tusers/yutianx/tongji2/Software/ncbi-blast-2.6.0+-src/c++/src/objmgr/util/feature.cpp.
Updating dependency information for /data/tusers/yutianx/tongji2/Software/ncbi-blast-2.6.0+-src/c++/src/objmgr/util/sequence.cpp.
Updating dependency information for /data/tusers/yutianx/tongji2/Software/ncbi-blast-2.6.0+-src/c++/src/objmgr/util/weight.cpp.
/usr/bin/ccache /usr/bin/g++  -std=gnu++11 -c  -Wall -Wno-format-y2k  -pthread -fopenmp -O2 -fPIC   -DNDEBUG -D_LARGEFILE_SOURCE -D_FILE_OFFSET_BITS=64 -D_LARGEFILE64_SOURCE   -D_MT -D_REENTRANT -D_THREAD_SAFE -I/data/tusers/yutianx/tongji2/Software/ncbi-blast-2.6.0+-src/c++/ReleaseMT/inc -I/data/tusers/yutianx/tongji2/Software/ncbi-blast-2.6.0+-src/c++/include  -fdiagnostics-color=always /data/tusers/yutianx/tongji2/Software/ncbi-blast-2.6.0+-src/c++/src/objmgr/util/weight.cpp -o weight.o 
/usr/bin/ccache /usr/bin/g++  -std=gnu++11 -c  -Wall -Wno-format-y2k  -pthread -fopenmp -O2 -fPIC   -DNDEBUG -D_LARGEFILE_SOURCE -D_FILE_OFFSET_BITS=64 -D_LARGEFILE64_SOURCE   -D_MT -D_REENTRANT -D_THREAD_SAFE -I/data/tusers/yutianx/tongji2/Software/ncbi-blast-2.6.0+-src/c++/ReleaseMT/inc -I/data/tusers/yutianx/tongji2/Software/ncbi-blast-2.6.0+-src/c++/include  -fdiagnostics-color=always /data/tusers/yutianx/tongji2/Software/ncbi-blast-2.6.0+-src/c++/src/objmgr/util/sequence.cpp -o sequence.o 
/usr/bin/ccache /usr/bin/g++  -std=gnu++11 -c  -Wall -Wno-format-y2k  -pthread -fopenmp -O2 -fPIC   -DNDEBUG -D_LARGEFILE_SOURCE -D_FILE_OFFSET_BITS=64 -D_LARGEFILE64_SOURCE   -D_MT -D_REENTRANT -D_THREAD_SAFE -I/data/tusers/yutianx/tongji2/Software/ncbi-blast-2.6.0+-src/c++/ReleaseMT/inc -I/data/tusers/yutianx/tongji2/Software/ncbi-blast-2.6.0+-src/c++/include  -fdiagnostics-color=always /data/tusers/yutianx/tongji2/Software/ncbi-blast-2.6.0+-src/c++/src/objmgr/util/feature.cpp -o feature.o 
gr/util/feature.cpp:e ncbi::objects::feature::IsLocationInFrame(const ncbi::objects::CSeq_feat_Handle&, const ncbi::objects::CSeq_loc&)gr/util/feature.cpp:3357:89:pare ncbi::objects::sequence::Compare(const ncbi::objects::CSeq_loc&, const ncbi::objects::CSeq_loc&, ncbi::objects::CScope*)pare cmp = sequence::Compare(cds.GetLocation(), loc, &(cds.GetScope()));
 gr/util/feature.hpp:39:0 gr/util/feature.cpp:84gr/util/seq_loc_util.hpp:200:20:pare Compare(const CSeq_loc& loc1,
/usr/bin/ccache /usr/bin/g++  -std=gnu++11 -c  -Wall -Wno-format-y2k  -pthread -fopenmp -O2 -fPIC   -DNDEBUG -D_LARGEFILE_SOURCE -D_FILE_OFFSET_BITS=64 -D_LARGEFILE64_SOURCE   -D_MT -D_REENTRANT -D_THREAD_SAFE -I/data/tusers/yutianx/tongji2/Software/ncbi-blast-2.6.0+-src/c++/ReleaseMT/inc -I/data/tusers/yutianx/tongji2/Software/ncbi-blast-2.6.0+-src/c++/include  -fdiagnostics-color=always /data/tusers/yutianx/tongji2/Software/ncbi-blast-2.6.0+-src/c++/src/objmgr/util/seqtitle.cpp -o seqtitle.o 
/usr/bin/ccache /usr/bin/g++  -std=gnu++11 -c  -Wall -Wno-format-y2k  -pthread -fopenmp -O2 -fPIC   -DNDEBUG -D_LARGEFILE_SOURCE -D_FILE_OFFSET_BITS=64 -D_LARGEFILE64_SOURCE   -D_MT -D_REENTRANT -D_THREAD_SAFE -I/data/tusers/yutianx/tongji2/Software/ncbi-blast-2.6.0+-src/c++/ReleaseMT/inc -I/data/tusers/yutianx/tongji2/Software/ncbi-blast-2.6.0+-src/c++/include  -fdiagnostics-color=always /data/tusers/yutianx/tongji2/Software/ncbi-blast-2.6.0+-src/c++/src/objmgr/util/create_defline.cpp -o create_defline.o 
gr/util/create_defline.cpp:ember function 'gr/util/create_defline.cpp:804:45:pString, ncbi::CTempString, std::__cxx11::list<std::__cxx11::basic_string<char> >&)   gr/util/create_defline.hpp:37 gr/util/create_defline.cpp:35pString    str,
gr/util/create_defline.cpp:pString&, const ncbi::CTempString&)gr/util/create_defline.cpp:1068:80:pString, ncbi::CTempString, ncbi::SIZE_TYPE, ncbi::SIZE_TYPE, ncbi::NStr::EOccurrence)e, strain, 0, taxname.size() - 1, NStr::eLast);
   gr/util/create_defline.hpp:37 gr/util/create_defline.cpp:35pString str,
gr/util/create_defline.cpp:oveBracketedOrgFromEnd(std::__cxx11::string, std::__cxx11::string)gr/util/create_defline.cpp:1709:74:pString, ncbi::CTempString, ncbi::SIZE_TYPE, ncbi::SIZE_TYPE, ncbi::NStr::EOccurrence, ncbi::NStr::ECase)   gr/util/create_defline.hpp:37 gr/util/create_defline.cpp:35pString str, const CTempString pattern,
gr/util/create_defline.cpp:ember function 'Protein(const ncbi::objects::CBioseq_Handle&)gr/util/create_defline.cpp:1787:38:parison between signed and unsigned integer expressions [-Wsign-compare]
             if (offset > 0 && offset < m_MainTitle.length()) {
gr/util/create_defline.cpp:(std::__cxx11::string&, ncbi::CTempString)gr/util/create_defline.cpp:2400:81:pString, ncbi::CTempString, ncbi::SIZE_TYPE, ncbi::SIZE_TYPE, ncbi::NStr::EOccurrence)   gr/util/create_defline.hpp:37 gr/util/create_defline.cpp:35pString str,
gr/util/create_defline.cpp:2401:17:parison between signed and unsigned integer expressions [-Wsign-compare]
         if (pos == idx + 2) {
gr/util/create_defline.cpp:ember function 'gr/util/create_defline.cpp:2471:96:pString, ncbi::CTempString, ncbi::SIZE_TYPE, ncbi::SIZE_TYPE, ncbi::NStr::EOccurrence)   gr/util/create_defline.hpp:37 gr/util/create_defline.cpp:35pString str,
gr/util/create_defline.cpp:ember function 'gr/util/create_defline.cpp:2656:23:parison between signed and unsigned integer expressions [-Wsign-compare]
     for (int i = 0; i < sizeof (s_tpaPrefixList) / sizeof (const char*); i++) {
/usr/bin/ccache /usr/bin/g++  -std=gnu++11 -c  -Wall -Wno-format-y2k  -pthread -fopenmp -O2 -fPIC   -DNDEBUG -D_LARGEFILE_SOURCE -D_FILE_OFFSET_BITS=64 -D_LARGEFILE64_SOURCE   -D_MT -D_REENTRANT -D_THREAD_SAFE -I/data/tusers/yutianx/tongji2/Software/ncbi-blast-2.6.0+-src/c++/ReleaseMT/inc -I/data/tusers/yutianx/tongji2/Software/ncbi-blast-2.6.0+-src/c++/include  -fdiagnostics-color=always /data/tusers/yutianx/tongji2/Software/ncbi-blast-2.6.0+-src/c++/src/objmgr/util/obj_sniff.cpp -o obj_sniff.o 
/usr/bin/ccache /usr/bin/g++  -std=gnu++11 -c  -Wall -Wno-format-y2k  -pthread -fopenmp -O2 -fPIC   -DNDEBUG -D_LARGEFILE_SOURCE -D_FILE_OFFSET_BITS=64 -D_LARGEFILE64_SOURCE   -D_MT -D_REENTRANT -D_THREAD_SAFE -I/data/tusers/yutianx/tongji2/Software/ncbi-blast-2.6.0+-src/c++/ReleaseMT/inc -I/data/tusers/yutianx/tongji2/Software/ncbi-blast-2.6.0+-src/c++/include  -fdiagnostics-color=always /data/tusers/yutianx/tongji2/Software/ncbi-blast-2.6.0+-src/c++/src/objmgr/util/seq_loc_util.cpp -o seq_loc_util.o 
/usr/bin/ccache /usr/bin/g++  -std=gnu++11 -c  -Wall -Wno-format-y2k  -pthread -fopenmp -O2 -fPIC   -DNDEBUG -D_LARGEFILE_SOURCE -D_FILE_OFFSET_BITS=64 -D_LARGEFILE64_SOURCE   -D_MT -D_REENTRANT -D_THREAD_SAFE -I/data/tusers/yutianx/tongji2/Software/ncbi-blast-2.6.0+-src/c++/ReleaseMT/inc -I/data/tusers/yutianx/tongji2/Software/ncbi-blast-2.6.0+-src/c++/include  -fdiagnostics-color=always /data/tusers/yutianx/tongji2/Software/ncbi-blast-2.6.0+-src/c++/src/objmgr/util/seq_align_util.cpp -o seq_align_util.o 
/usr/bin/ccache /usr/bin/g++  -std=gnu++11 -c  -Wall -Wno-format-y2k  -pthread -fopenmp -O2 -fPIC   -DNDEBUG -D_LARGEFILE_SOURCE -D_FILE_OFFSET_BITS=64 -D_LARGEFILE64_SOURCE   -D_MT -D_REENTRANT -D_THREAD_SAFE -I/data/tusers/yutianx/tongji2/Software/ncbi-blast-2.6.0+-src/c++/ReleaseMT/inc -I/data/tusers/yutianx/tongji2/Software/ncbi-blast-2.6.0+-src/c++/include  -fdiagnostics-color=always /data/tusers/yutianx/tongji2/Software/ncbi-blast-2.6.0+-src/c++/src/objmgr/util/seq_trimmer.cpp -o seq_trimmer.o 
/usr/bin/ccache /usr/bin/g++  -std=gnu++11 -c  -Wall -Wno-format-y2k  -pthread -fopenmp -O2 -fPIC   -DNDEBUG -D_LARGEFILE_SOURCE -D_FILE_OFFSET_BITS=64 -D_LARGEFILE64_SOURCE   -D_MT -D_REENTRANT -D_THREAD_SAFE -I/data/tusers/yutianx/tongji2/Software/ncbi-blast-2.6.0+-src/c++/ReleaseMT/inc -I/data/tusers/yutianx/tongji2/Software/ncbi-blast-2.6.0+-src/c++/include  -fdiagnostics-color=always /data/tusers/yutianx/tongji2/Software/ncbi-blast-2.6.0+-src/c++/src/objmgr/util/bioseqgaps_ci.cpp -o bioseqgaps_ci.o 
/usr/bin/ccache /usr/bin/g++  -std=gnu++11 -c  -Wall -Wno-format-y2k  -pthread -fopenmp -O2 -fPIC   -DNDEBUG -D_LARGEFILE_SOURCE -D_FILE_OFFSET_BITS=64 -D_LARGEFILE64_SOURCE   -D_MT -D_REENTRANT -D_THREAD_SAFE -I/data/tusers/yutianx/tongji2/Software/ncbi-blast-2.6.0+-src/c++/ReleaseMT/inc -I/data/tusers/yutianx/tongji2/Software/ncbi-blast-2.6.0+-src/c++/include  -fdiagnostics-color=always /data/tusers/yutianx/tongji2/Software/ncbi-blast-2.6.0+-src/c++/src/objmgr/util/objutil.cpp -o objutil.o 
gr/util/objutil.cpp: In instantiation of 'ous}::s_IsTagStart(const _T&, const _T&) [with _T = const char*]gr/util/objutil.cpp:1804:81: here
gr/util/objutil.cpp:1732:57:parison between signed and unsigned integer expressions [-Wsign-compare]
         for (int possible_str_idx = 0; possible_str_idx < num_possible_tag_starts; ++possible_str_idx) {
/bin/rm -f libxobjutil.a .libxobjutil.a.stamp
ar cr libxobjutil.a weight.o sequence.o feature.o seqtitle.o create_defline.o obj_sniff.o seq_loc_util.o seq_align_util.o seq_trimmer.o bioseqgaps_ci.o objutil.o  
/bin/bash /data/tusers/yutianx/tongji2/Software/ncbi-blast-2.6.0+-src/c++/scripts/common/impl/if_diff.sh /bin/ln -f libxobjutil.a /data/tusers/yutianx/tongji2/Software/ncbi-blast-2.6.0+-src/c++/ReleaseMT/lib
/bin/ln -f libxobjutil.a /data/tusers/yutianx/tongji2/Software/ncbi-blast-2.6.0+-src/c++/ReleaseMT/lib/libxobjutil.a
/bin/ln -f .xobjutil.dep /data/tusers/yutianx/tongji2/Software/ncbi-blast-2.6.0+-src/c++/ReleaseMT/status/.xobjutil.dep
make[4]: Leaving directory '/data/tusers/yutianx/tongji2/Software/ncbi-blast-2.6.0+-src/c++/ReleaseMT/build/objmgr/util'
