make[4]: Entering directory '/data/tusers/yutianx/tongji2/Software/ncbi-blast-2.6.0+-src/c++/ReleaseMT/build/objects'
cd /data/tusers/yutianx/tongji2/Software/ncbi-blast-2.6.0+-src/c++/src/objects || exit 2; \
for i in omssa access biblio blast blastdb blastxml blastxml2 cdd cn3d docsum biotree entrez2 entrezgene featdef gbseq general id1 id2 insdseq macro medlars medline mim mla mmdb1 mmdb2 mmdb3 ncbimime objprt proj pub pubmed scoremat seq seqalign seqblock seqcode seqfeat seqloc seqsplit seqres seqset submit taxon1 taxon3 tinyseq pcsubstance pcassay remap homologene seqedit seqtable seqtest trackmgr gbproj valerr valid genesbyloc; do \
  if test -f "$i/$i.asn"; then \
    MAKE="/usr/bin/make -w"; export MAKE; \
    ( cd $i && /data/tusers/yutianx/tongji2/Software/ncbi-blast-2.6.0+-src/c++/ReleaseMT/build/new_module.sh $i all; ) \
    || case "-w" in *k*) ;; *) exit 2 ;; esac; \
  else \
    echo "Warning: $i/$i.asn not found (skipping)"; \
  fi; \
done
/usr/bin/make -w -f /data/tusers/yutianx/tongji2/Software/ncbi-blast-2.6.0+-src/c++/src/build-system/Makefile.module MODULE=omssa MODULE_PATH=objects/omssa MODULE_ASN=omssa.asn MODULE_IMPORT='objects/seq/seq' IMPDEPS='/data/tusers/yutianx/tongji2/Software/ncbi-blast-2.6.0+-src/c++/src/objects/seq/seq.asn' IMPFILES='objects/seq/seq.asn' top_srcdir=/data/tusers/yutianx/tongji2/Software/ncbi-blast-2.6.0+-src/c++ DATATOOL=/data/tusers/yutianx/tongji2/Software/ncbi-blast-2.6.0+-src/c++/ReleaseMT/bin/datatool MODULE_SEARCH=/data/tusers/yutianx/tongji2/Software/ncbi-blast-2.6.0+-src/c++/src all
make[5]: Entering directory '/data/tusers/yutianx/tongji2/Software/ncbi-blast-2.6.0+-src/c++/src/objects/omssa'
/data/tusers/yutianx/tongji2/Software/ncbi-blast-2.6.0+-src/c++/ReleaseMT/bin/datatool -oR /data/tusers/yutianx/tongji2/Software/ncbi-blast-2.6.0+-src/c++ -opm /data/tusers/yutianx/tongji2/Software/ncbi-blast-2.6.0+-src/c++/src -m omssa.asn -M "objects/seq/seq.asn" -oA -oc omssa -or objects/omssa -odi -od omssa.def -oex '' -ocvs -pch 'ncbi_pch.hpp' -fd omssa.dump 
datatool: 2.16.0
make[5]: Leaving directory '/data/tusers/yutianx/tongji2/Software/ncbi-blast-2.6.0+-src/c++/src/objects/omssa'
/usr/bin/make -w -f /data/tusers/yutianx/tongji2/Software/ncbi-blast-2.6.0+-src/c++/src/build-system/Makefile.module MODULE=access MODULE_PATH=objects/access MODULE_ASN=access.asn MODULE_IMPORT='' IMPDEPS='' IMPFILES='' top_srcdir=/data/tusers/yutianx/tongji2/Software/ncbi-blast-2.6.0+-src/c++ DATATOOL=/data/tusers/yutianx/tongji2/Software/ncbi-blast-2.6.0+-src/c++/ReleaseMT/bin/datatool MODULE_SEARCH=/data/tusers/yutianx/tongji2/Software/ncbi-blast-2.6.0+-src/c++/src all
make[5]: Entering directory '/data/tusers/yutianx/tongji2/Software/ncbi-blast-2.6.0+-src/c++/src/objects/access'
/data/tusers/yutianx/tongji2/Software/ncbi-blast-2.6.0+-src/c++/ReleaseMT/bin/datatool -oR /data/tusers/yutianx/tongji2/Software/ncbi-blast-2.6.0+-src/c++ -opm /data/tusers/yutianx/tongji2/Software/ncbi-blast-2.6.0+-src/c++/src -m access.asn -M "" -oA -oc access -or objects/access -odi -od access.def -oex '' -ocvs -pch 'ncbi_pch.hpp' -fd access.dump 
datatool: 2.16.0
make[5]: Leaving directory '/data/tusers/yutianx/tongji2/Software/ncbi-blast-2.6.0+-src/c++/src/objects/access'
/usr/bin/make -w -f /data/tusers/yutianx/tongji2/Software/ncbi-blast-2.6.0+-src/c++/src/build-system/Makefile.module MODULE=biblio MODULE_PATH=objects/biblio MODULE_ASN=biblio.asn MODULE_IMPORT='objects/general/general' IMPDEPS='/data/tusers/yutianx/tongji2/Software/ncbi-blast-2.6.0+-src/c++/src/objects/general/general.asn' IMPFILES='objects/general/general.asn' top_srcdir=/data/tusers/yutianx/tongji2/Software/ncbi-blast-2.6.0+-src/c++ DATATOOL=/data/tusers/yutianx/tongji2/Software/ncbi-blast-2.6.0+-src/c++/ReleaseMT/bin/datatool MODULE_SEARCH=/data/tusers/yutianx/tongji2/Software/ncbi-blast-2.6.0+-src/c++/src all
make[5]: Entering directory '/data/tusers/yutianx/tongji2/Software/ncbi-blast-2.6.0+-src/c++/src/objects/biblio'
/data/tusers/yutianx/tongji2/Software/ncbi-blast-2.6.0+-src/c++/ReleaseMT/bin/datatool -oR /data/tusers/yutianx/tongji2/Software/ncbi-blast-2.6.0+-src/c++ -opm /data/tusers/yutianx/tongji2/Software/ncbi-blast-2.6.0+-src/c++/src -m biblio.asn -M "objects/general/general.asn" -oA -oc biblio -or objects/biblio -odi -od biblio.def -oex '' -ocvs -pch 'ncbi_pch.hpp' -fd biblio.dump 
datatool: 2.16.0
make[5]: Leaving directory '/data/tusers/yutianx/tongji2/Software/ncbi-blast-2.6.0+-src/c++/src/objects/biblio'
/usr/bin/make -w -f /data/tusers/yutianx/tongji2/Software/ncbi-blast-2.6.0+-src/c++/src/build-system/Makefile.module MODULE=blast MODULE_PATH=objects/blast MODULE_ASN=blast.asn MODULE_IMPORT='objects/scoremat/scoremat objects/seq/seq objects/seqset/seqset objects/seqloc/seqloc objects/seqalign/seqalign' IMPDEPS='/data/tusers/yutianx/tongji2/Software/ncbi-blast-2.6.0+-src/c++/src/objects/scoremat/scoremat.asn /data/tusers/yutianx/tongji2/Software/ncbi-blast-2.6.0+-src/c++/src/objects/seq/seq.asn /data/tusers/yutianx/tongji2/Software/ncbi-blast-2.6.0+-src/c++/src/objects/seqset/seqset.asn /data/tusers/yutianx/tongji2/Software/ncbi-blast-2.6.0+-src/c++/src/objects/seqloc/seqloc.asn /data/tusers/yutianx/tongji2/Software/ncbi-blast-2.6.0+-src/c++/src/objects/seqalign/seqalign.asn' IMPFILES='objects/scoremat/scoremat.asn objects/seq/seq.asn objects/seqset/seqset.asn objects/seqloc/seqloc.asn objects/seqalign/seqalign.asn' top_srcdir=/data/tusers/yutianx/tongji2/Software/ncbi-blast-2.6.0+-src/c++ DATATOOL=/data/tusers/yutianx/tongji2/Software/ncbi-blast-2.6.0+-src/c++/ReleaseMT/bin/datatool MODULE_SEARCH=/data/tusers/yutianx/tongji2/Software/ncbi-blast-2.6.0+-src/c++/src all
make[5]: Entering directory '/data/tusers/yutianx/tongji2/Software/ncbi-blast-2.6.0+-src/c++/src/objects/blast'
/data/tusers/yutianx/tongji2/Software/ncbi-blast-2.6.0+-src/c++/ReleaseMT/bin/datatool -oR /data/tusers/yutianx/tongji2/Software/ncbi-blast-2.6.0+-src/c++ -opm /data/tusers/yutianx/tongji2/Software/ncbi-blast-2.6.0+-src/c++/src -m blast.asn -M "objects/scoremat/scoremat.asn objects/seq/seq.asn objects/seqset/seqset.asn objects/seqloc/seqloc.asn objects/seqalign/seqalign.asn" -oA -oc blast -or objects/blast -odi -od blast.def -oex '' -ocvs -pch 'ncbi_pch.hpp' -fd blast.dump 
datatool: 2.16.0
make[5]: Leaving directory '/data/tusers/yutianx/tongji2/Software/ncbi-blast-2.6.0+-src/c++/src/objects/blast'
/usr/bin/make -w -f /data/tusers/yutianx/tongji2/Software/ncbi-blast-2.6.0+-src/c++/src/build-system/Makefile.module MODULE=blastdb MODULE_PATH=objects/blastdb MODULE_ASN=blastdb.asn MODULE_IMPORT='objects/seqloc/seqloc' IMPDEPS='/data/tusers/yutianx/tongji2/Software/ncbi-blast-2.6.0+-src/c++/src/objects/seqloc/seqloc.asn' IMPFILES='objects/seqloc/seqloc.asn' top_srcdir=/data/tusers/yutianx/tongji2/Software/ncbi-blast-2.6.0+-src/c++ DATATOOL=/data/tusers/yutianx/tongji2/Software/ncbi-blast-2.6.0+-src/c++/ReleaseMT/bin/datatool MODULE_SEARCH=/data/tusers/yutianx/tongji2/Software/ncbi-blast-2.6.0+-src/c++/src all
make[5]: Entering directory '/data/tusers/yutianx/tongji2/Software/ncbi-blast-2.6.0+-src/c++/src/objects/blastdb'
/data/tusers/yutianx/tongji2/Software/ncbi-blast-2.6.0+-src/c++/ReleaseMT/bin/datatool -oR /data/tusers/yutianx/tongji2/Software/ncbi-blast-2.6.0+-src/c++ -opm /data/tusers/yutianx/tongji2/Software/ncbi-blast-2.6.0+-src/c++/src -m blastdb.asn -M "objects/seqloc/seqloc.asn" -oA -oc blastdb -or objects/blastdb -odi -od blastdb.def -oex '' -ocvs -pch 'ncbi_pch.hpp' -fd blastdb.dump 
datatool: 2.16.0
make[5]: Leaving directory '/data/tusers/yutianx/tongji2/Software/ncbi-blast-2.6.0+-src/c++/src/objects/blastdb'
File blastxml.module not found. Using defaults...
/usr/bin/make -w -f /data/tusers/yutianx/tongji2/Software/ncbi-blast-2.6.0+-src/c++/src/build-system/Makefile.module MODULE=blastxml MODULE_PATH=objects/blastxml MODULE_ASN=blastxml.asn MODULE_IMPORT='' IMPDEPS='' IMPFILES='' top_srcdir=/data/tusers/yutianx/tongji2/Software/ncbi-blast-2.6.0+-src/c++ DATATOOL=/data/tusers/yutianx/tongji2/Software/ncbi-blast-2.6.0+-src/c++/ReleaseMT/bin/datatool MODULE_SEARCH=/data/tusers/yutianx/tongji2/Software/ncbi-blast-2.6.0+-src/c++/src all
make[5]: Entering directory '/data/tusers/yutianx/tongji2/Software/ncbi-blast-2.6.0+-src/c++/src/objects/blastxml'
/data/tusers/yutianx/tongji2/Software/ncbi-blast-2.6.0+-src/c++/ReleaseMT/bin/datatool -oR /data/tusers/yutianx/tongji2/Software/ncbi-blast-2.6.0+-src/c++ -opm /data/tusers/yutianx/tongji2/Software/ncbi-blast-2.6.0+-src/c++/src -m blastxml.asn -M "" -oA -oc blastxml -or objects/blastxml -odi -od blastxml.def -oex '' -ocvs -pch 'ncbi_pch.hpp' -fd blastxml.dump 
datatool: 2.16.0
make[5]: Leaving directory '/data/tusers/yutianx/tongji2/Software/ncbi-blast-2.6.0+-src/c++/src/objects/blastxml'
File blastxml2.module not found. Using defaults...
/usr/bin/make -w -f /data/tusers/yutianx/tongji2/Software/ncbi-blast-2.6.0+-src/c++/src/build-system/Makefile.module MODULE=blastxml2 MODULE_PATH=objects/blastxml2 MODULE_ASN=blastxml2.asn MODULE_IMPORT='' IMPDEPS='' IMPFILES='' top_srcdir=/data/tusers/yutianx/tongji2/Software/ncbi-blast-2.6.0+-src/c++ DATATOOL=/data/tusers/yutianx/tongji2/Software/ncbi-blast-2.6.0+-src/c++/ReleaseMT/bin/datatool MODULE_SEARCH=/data/tusers/yutianx/tongji2/Software/ncbi-blast-2.6.0+-src/c++/src all
make[5]: Entering directory '/data/tusers/yutianx/tongji2/Software/ncbi-blast-2.6.0+-src/c++/src/objects/blastxml2'
/data/tusers/yutianx/tongji2/Software/ncbi-blast-2.6.0+-src/c++/ReleaseMT/bin/datatool -oR /data/tusers/yutianx/tongji2/Software/ncbi-blast-2.6.0+-src/c++ -opm /data/tusers/yutianx/tongji2/Software/ncbi-blast-2.6.0+-src/c++/src -m blastxml2.asn -M "" -oA -oc blastxml2 -or objects/blastxml2 -odi -od blastxml2.def -oex '' -ocvs -pch 'ncbi_pch.hpp' -fd blastxml2.dump 
datatool: 2.16.0
make[5]: Leaving directory '/data/tusers/yutianx/tongji2/Software/ncbi-blast-2.6.0+-src/c++/src/objects/blastxml2'
/usr/bin/make -w -f /data/tusers/yutianx/tongji2/Software/ncbi-blast-2.6.0+-src/c++/src/build-system/Makefile.module MODULE=cdd MODULE_PATH=objects/cdd MODULE_ASN=cdd.asn MODULE_IMPORT='objects/general/general objects/biblio/biblio objects/pub/pub objects/seq/seq objects/seqset/seqset objects/seqloc/seqloc objects/seqfeat/seqfeat objects/seqalign/seqalign objects/mmdb1/mmdb1 objects/mmdb2/mmdb2 objects/mmdb3/mmdb3 objects/cn3d/cn3d objects/scoremat/scoremat' IMPDEPS='/data/tusers/yutianx/tongji2/Software/ncbi-blast-2.6.0+-src/c++/src/objects/general/general.asn /data/tusers/yutianx/tongji2/Software/ncbi-blast-2.6.0+-src/c++/src/objects/biblio/biblio.asn /data/tusers/yutianx/tongji2/Software/ncbi-blast-2.6.0+-src/c++/src/objects/pub/pub.asn /data/tusers/yutianx/tongji2/Software/ncbi-blast-2.6.0+-src/c++/src/objects/seq/seq.asn /data/tusers/yutianx/tongji2/Software/ncbi-blast-2.6.0+-src/c++/src/objects/seqset/seqset.asn /data/tusers/yutianx/tongji2/Software/ncbi-blast-2.6.0+-src/c++/src/objects/seqloc/seqloc.asn /data/tusers/yutianx/tongji2/Software/ncbi-blast-2.6.0+-src/c++/src/objects/seqfeat/seqfeat.asn /data/tusers/yutianx/tongji2/Software/ncbi-blast-2.6.0+-src/c++/src/objects/seqalign/seqalign.asn /data/tusers/yutianx/tongji2/Software/ncbi-blast-2.6.0+-src/c++/src/objects/mmdb1/mmdb1.asn /data/tusers/yutianx/tongji2/Software/ncbi-blast-2.6.0+-src/c++/src/objects/mmdb2/mmdb2.asn /data/tusers/yutianx/tongji2/Software/ncbi-blast-2.6.0+-src/c++/src/objects/mmdb3/mmdb3.asn /data/tusers/yutianx/tongji2/Software/ncbi-blast-2.6.0+-src/c++/src/objects/cn3d/cn3d.asn /data/tusers/yutianx/tongji2/Software/ncbi-blast-2.6.0+-src/c++/src/objects/scoremat/scoremat.asn' IMPFILES='objects/general/general.asn objects/biblio/biblio.asn objects/pub/pub.asn objects/seq/seq.asn objects/seqset/seqset.asn objects/seqloc/seqloc.asn objects/seqfeat/seqfeat.asn objects/seqalign/seqalign.asn objects/mmdb1/mmdb1.asn objects/mmdb2/mmdb2.asn objects/mmdb3/mmdb3.asn objects/cn3d/cn3d.asn objects/scoremat/scoremat.asn' top_srcdir=/data/tusers/yutianx/tongji2/Software/ncbi-blast-2.6.0+-src/c++ DATATOOL=/data/tusers/yutianx/tongji2/Software/ncbi-blast-2.6.0+-src/c++/ReleaseMT/bin/datatool MODULE_SEARCH=/data/tusers/yutianx/tongji2/Software/ncbi-blast-2.6.0+-src/c++/src all
make[5]: Entering directory '/data/tusers/yutianx/tongji2/Software/ncbi-blast-2.6.0+-src/c++/src/objects/cdd'
/data/tusers/yutianx/tongji2/Software/ncbi-blast-2.6.0+-src/c++/ReleaseMT/bin/datatool -oR /data/tusers/yutianx/tongji2/Software/ncbi-blast-2.6.0+-src/c++ -opm /data/tusers/yutianx/tongji2/Software/ncbi-blast-2.6.0+-src/c++/src -m cdd.asn -M "objects/general/general.asn objects/biblio/biblio.asn objects/pub/pub.asn objects/seq/seq.asn objects/seqset/seqset.asn objects/seqloc/seqloc.asn objects/seqfeat/seqfeat.asn objects/seqalign/seqalign.asn objects/mmdb1/mmdb1.asn objects/mmdb2/mmdb2.asn objects/mmdb3/mmdb3.asn objects/cn3d/cn3d.asn objects/scoremat/scoremat.asn" -oA -oc cdd -or objects/cdd -odi -od cdd.def -oex '' -ocvs -pch 'ncbi_pch.hpp' -fd cdd.dump 
datatool: 2.16.0
make[5]: Leaving directory '/data/tusers/yutianx/tongji2/Software/ncbi-blast-2.6.0+-src/c++/src/objects/cdd'
/usr/bin/make -w -f /data/tusers/yutianx/tongji2/Software/ncbi-blast-2.6.0+-src/c++/src/build-system/Makefile.module MODULE=cn3d MODULE_PATH=objects/cn3d MODULE_ASN=cn3d.asn MODULE_IMPORT='objects/mmdb1/mmdb1' IMPDEPS='/data/tusers/yutianx/tongji2/Software/ncbi-blast-2.6.0+-src/c++/src/objects/mmdb1/mmdb1.asn' IMPFILES='objects/mmdb1/mmdb1.asn' top_srcdir=/data/tusers/yutianx/tongji2/Software/ncbi-blast-2.6.0+-src/c++ DATATOOL=/data/tusers/yutianx/tongji2/Software/ncbi-blast-2.6.0+-src/c++/ReleaseMT/bin/datatool MODULE_SEARCH=/data/tusers/yutianx/tongji2/Software/ncbi-blast-2.6.0+-src/c++/src all
make[5]: Entering directory '/data/tusers/yutianx/tongji2/Software/ncbi-blast-2.6.0+-src/c++/src/objects/cn3d'
/data/tusers/yutianx/tongji2/Software/ncbi-blast-2.6.0+-src/c++/ReleaseMT/bin/datatool -oR /data/tusers/yutianx/tongji2/Software/ncbi-blast-2.6.0+-src/c++ -opm /data/tusers/yutianx/tongji2/Software/ncbi-blast-2.6.0+-src/c++/src -m cn3d.asn -M "objects/mmdb1/mmdb1.asn" -oA -oc cn3d -or objects/cn3d -odi -od cn3d.def -oex '' -ocvs -pch 'ncbi_pch.hpp' -fd cn3d.dump 
datatool: 2.16.0
make[5]: Leaving directory '/data/tusers/yutianx/tongji2/Software/ncbi-blast-2.6.0+-src/c++/src/objects/cn3d'
/usr/bin/make -w -f /data/tusers/yutianx/tongji2/Software/ncbi-blast-2.6.0+-src/c++/src/build-system/Makefile.module MODULE=docsum MODULE_PATH=objects/docsum MODULE_ASN=docsum.asn MODULE_IMPORT='' IMPDEPS='' IMPFILES='' top_srcdir=/data/tusers/yutianx/tongji2/Software/ncbi-blast-2.6.0+-src/c++ DATATOOL=/data/tusers/yutianx/tongji2/Software/ncbi-blast-2.6.0+-src/c++/ReleaseMT/bin/datatool MODULE_SEARCH=/data/tusers/yutianx/tongji2/Software/ncbi-blast-2.6.0+-src/c++/src all
make[5]: Entering directory '/data/tusers/yutianx/tongji2/Software/ncbi-blast-2.6.0+-src/c++/src/objects/docsum'
/data/tusers/yutianx/tongji2/Software/ncbi-blast-2.6.0+-src/c++/ReleaseMT/bin/datatool -oR /data/tusers/yutianx/tongji2/Software/ncbi-blast-2.6.0+-src/c++ -opm /data/tusers/yutianx/tongji2/Software/ncbi-blast-2.6.0+-src/c++/src -m docsum.asn -M "" -oA -oc docsum -or objects/docsum -odi -od docsum.def -oex '' -ocvs -pch 'ncbi_pch.hpp' -fd docsum.dump 
datatool: 2.16.0
make[5]: Leaving directory '/data/tusers/yutianx/tongji2/Software/ncbi-blast-2.6.0+-src/c++/src/objects/docsum'
/usr/bin/make -w -f /data/tusers/yutianx/tongji2/Software/ncbi-blast-2.6.0+-src/c++/src/build-system/Makefile.module MODULE=biotree MODULE_PATH=objects/biotree MODULE_ASN=biotree.asn MODULE_IMPORT='objects/general/general' IMPDEPS='/data/tusers/yutianx/tongji2/Software/ncbi-blast-2.6.0+-src/c++/src/objects/general/general.asn' IMPFILES='objects/general/general.asn' top_srcdir=/data/tusers/yutianx/tongji2/Software/ncbi-blast-2.6.0+-src/c++ DATATOOL=/data/tusers/yutianx/tongji2/Software/ncbi-blast-2.6.0+-src/c++/ReleaseMT/bin/datatool MODULE_SEARCH=/data/tusers/yutianx/tongji2/Software/ncbi-blast-2.6.0+-src/c++/src all
make[5]: Entering directory '/data/tusers/yutianx/tongji2/Software/ncbi-blast-2.6.0+-src/c++/src/objects/biotree'
/data/tusers/yutianx/tongji2/Software/ncbi-blast-2.6.0+-src/c++/ReleaseMT/bin/datatool -oR /data/tusers/yutianx/tongji2/Software/ncbi-blast-2.6.0+-src/c++ -opm /data/tusers/yutianx/tongji2/Software/ncbi-blast-2.6.0+-src/c++/src -m biotree.asn -M "objects/general/general.asn" -oA -oc biotree -or objects/biotree -odi -od biotree.def -oex '' -ocvs -pch 'ncbi_pch.hpp' -fd biotree.dump 
datatool: 2.16.0
make[5]: Leaving directory '/data/tusers/yutianx/tongji2/Software/ncbi-blast-2.6.0+-src/c++/src/objects/biotree'
/usr/bin/make -w -f /data/tusers/yutianx/tongji2/Software/ncbi-blast-2.6.0+-src/c++/src/build-system/Makefile.module MODULE=entrez2 MODULE_PATH=objects/entrez2 MODULE_ASN=entrez2.asn MODULE_IMPORT='' IMPDEPS='' IMPFILES='' top_srcdir=/data/tusers/yutianx/tongji2/Software/ncbi-blast-2.6.0+-src/c++ DATATOOL=/data/tusers/yutianx/tongji2/Software/ncbi-blast-2.6.0+-src/c++/ReleaseMT/bin/datatool MODULE_SEARCH=/data/tusers/yutianx/tongji2/Software/ncbi-blast-2.6.0+-src/c++/src all
make[5]: Entering directory '/data/tusers/yutianx/tongji2/Software/ncbi-blast-2.6.0+-src/c++/src/objects/entrez2'
/data/tusers/yutianx/tongji2/Software/ncbi-blast-2.6.0+-src/c++/ReleaseMT/bin/datatool -oR /data/tusers/yutianx/tongji2/Software/ncbi-blast-2.6.0+-src/c++ -opm /data/tusers/yutianx/tongji2/Software/ncbi-blast-2.6.0+-src/c++/src -m entrez2.asn -M "" -oA -oc entrez2 -or objects/entrez2 -odi -od entrez2.def -oex '' -ocvs -pch 'ncbi_pch.hpp' -fd entrez2.dump 
datatool: 2.16.0
make[5]: Leaving directory '/data/tusers/yutianx/tongji2/Software/ncbi-blast-2.6.0+-src/c++/src/objects/entrez2'
/usr/bin/make -w -f /data/tusers/yutianx/tongji2/Software/ncbi-blast-2.6.0+-src/c++/src/build-system/Makefile.module MODULE=entrezgene MODULE_PATH=objects/entrezgene MODULE_ASN=entrezgene.asn MODULE_IMPORT='objects/seqfeat/seqfeat objects/general/general objects/seqloc/seqloc objects/pub/pub' IMPDEPS='/data/tusers/yutianx/tongji2/Software/ncbi-blast-2.6.0+-src/c++/src/objects/seqfeat/seqfeat.asn /data/tusers/yutianx/tongji2/Software/ncbi-blast-2.6.0+-src/c++/src/objects/general/general.asn /data/tusers/yutianx/tongji2/Software/ncbi-blast-2.6.0+-src/c++/src/objects/seqloc/seqloc.asn /data/tusers/yutianx/tongji2/Software/ncbi-blast-2.6.0+-src/c++/src/objects/pub/pub.asn' IMPFILES='objects/seqfeat/seqfeat.asn objects/general/general.asn objects/seqloc/seqloc.asn objects/pub/pub.asn' top_srcdir=/data/tusers/yutianx/tongji2/Software/ncbi-blast-2.6.0+-src/c++ DATATOOL=/data/tusers/yutianx/tongji2/Software/ncbi-blast-2.6.0+-src/c++/ReleaseMT/bin/datatool MODULE_SEARCH=/data/tusers/yutianx/tongji2/Software/ncbi-blast-2.6.0+-src/c++/src all
make[5]: Entering directory '/data/tusers/yutianx/tongji2/Software/ncbi-blast-2.6.0+-src/c++/src/objects/entrezgene'
/data/tusers/yutianx/tongji2/Software/ncbi-blast-2.6.0+-src/c++/ReleaseMT/bin/datatool -oR /data/tusers/yutianx/tongji2/Software/ncbi-blast-2.6.0+-src/c++ -opm /data/tusers/yutianx/tongji2/Software/ncbi-blast-2.6.0+-src/c++/src -m entrezgene.asn -M "objects/seqfeat/seqfeat.asn objects/general/general.asn objects/seqloc/seqloc.asn objects/pub/pub.asn" -oA -oc entrezgene -or objects/entrezgene -odi -od entrezgene.def -oex '' -ocvs -pch 'ncbi_pch.hpp' -fd entrezgene.dump 
datatool: 2.16.0
make[5]: Leaving directory '/data/tusers/yutianx/tongji2/Software/ncbi-blast-2.6.0+-src/c++/src/objects/entrezgene'
/usr/bin/make -w -f /data/tusers/yutianx/tongji2/Software/ncbi-blast-2.6.0+-src/c++/src/build-system/Makefile.module MODULE=featdef MODULE_PATH=objects/featdef MODULE_ASN=featdef.asn MODULE_IMPORT='' IMPDEPS='' IMPFILES='' top_srcdir=/data/tusers/yutianx/tongji2/Software/ncbi-blast-2.6.0+-src/c++ DATATOOL=/data/tusers/yutianx/tongji2/Software/ncbi-blast-2.6.0+-src/c++/ReleaseMT/bin/datatool MODULE_SEARCH=/data/tusers/yutianx/tongji2/Software/ncbi-blast-2.6.0+-src/c++/src all
make[5]: Entering directory '/data/tusers/yutianx/tongji2/Software/ncbi-blast-2.6.0+-src/c++/src/objects/featdef'
/data/tusers/yutianx/tongji2/Software/ncbi-blast-2.6.0+-src/c++/ReleaseMT/bin/datatool -oR /data/tusers/yutianx/tongji2/Software/ncbi-blast-2.6.0+-src/c++ -opm /data/tusers/yutianx/tongji2/Software/ncbi-blast-2.6.0+-src/c++/src -m featdef.asn -M "" -oA -oc featdef -or objects/featdef -odi -od featdef.def -oex '' -ocvs -pch 'ncbi_pch.hpp' -fd featdef.dump 
datatool: 2.16.0
make[5]: Leaving directory '/data/tusers/yutianx/tongji2/Software/ncbi-blast-2.6.0+-src/c++/src/objects/featdef'
/usr/bin/make -w -f /data/tusers/yutianx/tongji2/Software/ncbi-blast-2.6.0+-src/c++/src/build-system/Makefile.module MODULE=gbseq MODULE_PATH=objects/gbseq MODULE_ASN=gbseq.asn MODULE_IMPORT='' IMPDEPS='' IMPFILES='' top_srcdir=/data/tusers/yutianx/tongji2/Software/ncbi-blast-2.6.0+-src/c++ DATATOOL=/data/tusers/yutianx/tongji2/Software/ncbi-blast-2.6.0+-src/c++/ReleaseMT/bin/datatool MODULE_SEARCH=/data/tusers/yutianx/tongji2/Software/ncbi-blast-2.6.0+-src/c++/src all
make[5]: Entering directory '/data/tusers/yutianx/tongji2/Software/ncbi-blast-2.6.0+-src/c++/src/objects/gbseq'
/data/tusers/yutianx/tongji2/Software/ncbi-blast-2.6.0+-src/c++/ReleaseMT/bin/datatool -oR /data/tusers/yutianx/tongji2/Software/ncbi-blast-2.6.0+-src/c++ -opm /data/tusers/yutianx/tongji2/Software/ncbi-blast-2.6.0+-src/c++/src -m gbseq.asn -M "" -oA -oc gbseq -or objects/gbseq -odi -od gbseq.def -oex '' -ocvs -pch 'ncbi_pch.hpp' -fd gbseq.dump 
datatool: 2.16.0
make[5]: Leaving directory '/data/tusers/yutianx/tongji2/Software/ncbi-blast-2.6.0+-src/c++/src/objects/gbseq'
/usr/bin/make -w -f /data/tusers/yutianx/tongji2/Software/ncbi-blast-2.6.0+-src/c++/src/build-system/Makefile.module MODULE=general MODULE_PATH=objects/general MODULE_ASN=general.asn MODULE_IMPORT='' IMPDEPS='' IMPFILES='' top_srcdir=/data/tusers/yutianx/tongji2/Software/ncbi-blast-2.6.0+-src/c++ DATATOOL=/data/tusers/yutianx/tongji2/Software/ncbi-blast-2.6.0+-src/c++/ReleaseMT/bin/datatool MODULE_SEARCH=/data/tusers/yutianx/tongji2/Software/ncbi-blast-2.6.0+-src/c++/src all
make[5]: Entering directory '/data/tusers/yutianx/tongji2/Software/ncbi-blast-2.6.0+-src/c++/src/objects/general'
/data/tusers/yutianx/tongji2/Software/ncbi-blast-2.6.0+-src/c++/ReleaseMT/bin/datatool -oR /data/tusers/yutianx/tongji2/Software/ncbi-blast-2.6.0+-src/c++ -opm /data/tusers/yutianx/tongji2/Software/ncbi-blast-2.6.0+-src/c++/src -m general.asn -M "" -oA -oc general -or objects/general -odi -od general.def -oex '' -ocvs -pch 'ncbi_pch.hpp' -fd general.dump 
datatool: 2.16.0
make[5]: Leaving directory '/data/tusers/yutianx/tongji2/Software/ncbi-blast-2.6.0+-src/c++/src/objects/general'
/usr/bin/make -w -f /data/tusers/yutianx/tongji2/Software/ncbi-blast-2.6.0+-src/c++/src/build-system/Makefile.module MODULE=id1 MODULE_PATH=objects/id1 MODULE_ASN=id1.asn MODULE_IMPORT='objects/seqloc/seqloc objects/seqset/seqset objects/seq/seq' IMPDEPS='/data/tusers/yutianx/tongji2/Software/ncbi-blast-2.6.0+-src/c++/src/objects/seqloc/seqloc.asn /data/tusers/yutianx/tongji2/Software/ncbi-blast-2.6.0+-src/c++/src/objects/seqset/seqset.asn /data/tusers/yutianx/tongji2/Software/ncbi-blast-2.6.0+-src/c++/src/objects/seq/seq.asn' IMPFILES='objects/seqloc/seqloc.asn objects/seqset/seqset.asn objects/seq/seq.asn' top_srcdir=/data/tusers/yutianx/tongji2/Software/ncbi-blast-2.6.0+-src/c++ DATATOOL=/data/tusers/yutianx/tongji2/Software/ncbi-blast-2.6.0+-src/c++/ReleaseMT/bin/datatool MODULE_SEARCH=/data/tusers/yutianx/tongji2/Software/ncbi-blast-2.6.0+-src/c++/src all
make[5]: Entering directory '/data/tusers/yutianx/tongji2/Software/ncbi-blast-2.6.0+-src/c++/src/objects/id1'
/data/tusers/yutianx/tongji2/Software/ncbi-blast-2.6.0+-src/c++/ReleaseMT/bin/datatool -oR /data/tusers/yutianx/tongji2/Software/ncbi-blast-2.6.0+-src/c++ -opm /data/tusers/yutianx/tongji2/Software/ncbi-blast-2.6.0+-src/c++/src -m id1.asn -M "objects/seqloc/seqloc.asn objects/seqset/seqset.asn objects/seq/seq.asn" -oA -oc id1 -or objects/id1 -odi -od id1.def -oex '' -ocvs -pch 'ncbi_pch.hpp' -fd id1.dump 
datatool: 2.16.0
make[5]: Leaving directory '/data/tusers/yutianx/tongji2/Software/ncbi-blast-2.6.0+-src/c++/src/objects/id1'
/usr/bin/make -w -f /data/tusers/yutianx/tongji2/Software/ncbi-blast-2.6.0+-src/c++/src/build-system/Makefile.module MODULE=id2 MODULE_PATH=objects/id2 MODULE_ASN=id2.asn MODULE_IMPORT='objects/seqsplit/seqsplit objects/seqloc/seqloc' IMPDEPS='/data/tusers/yutianx/tongji2/Software/ncbi-blast-2.6.0+-src/c++/src/objects/seqsplit/seqsplit.asn /data/tusers/yutianx/tongji2/Software/ncbi-blast-2.6.0+-src/c++/src/objects/seqloc/seqloc.asn' IMPFILES='objects/seqsplit/seqsplit.asn objects/seqloc/seqloc.asn' top_srcdir=/data/tusers/yutianx/tongji2/Software/ncbi-blast-2.6.0+-src/c++ DATATOOL=/data/tusers/yutianx/tongji2/Software/ncbi-blast-2.6.0+-src/c++/ReleaseMT/bin/datatool MODULE_SEARCH=/data/tusers/yutianx/tongji2/Software/ncbi-blast-2.6.0+-src/c++/src all
make[5]: Entering directory '/data/tusers/yutianx/tongji2/Software/ncbi-blast-2.6.0+-src/c++/src/objects/id2'
/data/tusers/yutianx/tongji2/Software/ncbi-blast-2.6.0+-src/c++/ReleaseMT/bin/datatool -oR /data/tusers/yutianx/tongji2/Software/ncbi-blast-2.6.0+-src/c++ -opm /data/tusers/yutianx/tongji2/Software/ncbi-blast-2.6.0+-src/c++/src -m id2.asn -M "objects/seqsplit/seqsplit.asn objects/seqloc/seqloc.asn" -oA -oc id2 -or objects/id2 -odi -od id2.def -oex '' -ocvs -pch 'ncbi_pch.hpp' -fd id2.dump 
datatool: 2.16.0
make[5]: Leaving directory '/data/tusers/yutianx/tongji2/Software/ncbi-blast-2.6.0+-src/c++/src/objects/id2'
/usr/bin/make -w -f /data/tusers/yutianx/tongji2/Software/ncbi-blast-2.6.0+-src/c++/src/build-system/Makefile.module MODULE=insdseq MODULE_PATH=objects/insdseq MODULE_ASN=insdseq.asn MODULE_IMPORT='' IMPDEPS='' IMPFILES='' top_srcdir=/data/tusers/yutianx/tongji2/Software/ncbi-blast-2.6.0+-src/c++ DATATOOL=/data/tusers/yutianx/tongji2/Software/ncbi-blast-2.6.0+-src/c++/ReleaseMT/bin/datatool MODULE_SEARCH=/data/tusers/yutianx/tongji2/Software/ncbi-blast-2.6.0+-src/c++/src all
make[5]: Entering directory '/data/tusers/yutianx/tongji2/Software/ncbi-blast-2.6.0+-src/c++/src/objects/insdseq'
/data/tusers/yutianx/tongji2/Software/ncbi-blast-2.6.0+-src/c++/ReleaseMT/bin/datatool -oR /data/tusers/yutianx/tongji2/Software/ncbi-blast-2.6.0+-src/c++ -opm /data/tusers/yutianx/tongji2/Software/ncbi-blast-2.6.0+-src/c++/src -m insdseq.asn -M "" -oA -oc insdseq -or objects/insdseq -odi -od insdseq.def -oex '' -ocvs -pch 'ncbi_pch.hpp' -fd insdseq.dump 
datatool: 2.16.0
make[5]: Leaving directory '/data/tusers/yutianx/tongji2/Software/ncbi-blast-2.6.0+-src/c++/src/objects/insdseq'
/usr/bin/make -w -f /data/tusers/yutianx/tongji2/Software/ncbi-blast-2.6.0+-src/c++/src/build-system/Makefile.module MODULE=macro MODULE_PATH=objects/macro MODULE_ASN=macro.asn MODULE_IMPORT='' IMPDEPS='' IMPFILES='' top_srcdir=/data/tusers/yutianx/tongji2/Software/ncbi-blast-2.6.0+-src/c++ DATATOOL=/data/tusers/yutianx/tongji2/Software/ncbi-blast-2.6.0+-src/c++/ReleaseMT/bin/datatool MODULE_SEARCH=/data/tusers/yutianx/tongji2/Software/ncbi-blast-2.6.0+-src/c++/src all
make[5]: Entering directory '/data/tusers/yutianx/tongji2/Software/ncbi-blast-2.6.0+-src/c++/src/objects/macro'
/data/tusers/yutianx/tongji2/Software/ncbi-blast-2.6.0+-src/c++/ReleaseMT/bin/datatool -oR /data/tusers/yutianx/tongji2/Software/ncbi-blast-2.6.0+-src/c++ -opm /data/tusers/yutianx/tongji2/Software/ncbi-blast-2.6.0+-src/c++/src -m macro.asn -M "" -oA -oc macro -or objects/macro -odi -od macro.def -oex '' -ocvs -pch 'ncbi_pch.hpp' -fd macro.dump 
datatool: 2.16.0
make[5]: Leaving directory '/data/tusers/yutianx/tongji2/Software/ncbi-blast-2.6.0+-src/c++/src/objects/macro'
/usr/bin/make -w -f /data/tusers/yutianx/tongji2/Software/ncbi-blast-2.6.0+-src/c++/src/build-system/Makefile.module MODULE=medlars MODULE_PATH=objects/medlars MODULE_ASN=medlars.asn MODULE_IMPORT='objects/general/general objects/biblio/biblio' IMPDEPS='/data/tusers/yutianx/tongji2/Software/ncbi-blast-2.6.0+-src/c++/src/objects/general/general.asn /data/tusers/yutianx/tongji2/Software/ncbi-blast-2.6.0+-src/c++/src/objects/biblio/biblio.asn' IMPFILES='objects/general/general.asn objects/biblio/biblio.asn' top_srcdir=/data/tusers/yutianx/tongji2/Software/ncbi-blast-2.6.0+-src/c++ DATATOOL=/data/tusers/yutianx/tongji2/Software/ncbi-blast-2.6.0+-src/c++/ReleaseMT/bin/datatool MODULE_SEARCH=/data/tusers/yutianx/tongji2/Software/ncbi-blast-2.6.0+-src/c++/src all
make[5]: Entering directory '/data/tusers/yutianx/tongji2/Software/ncbi-blast-2.6.0+-src/c++/src/objects/medlars'
/data/tusers/yutianx/tongji2/Software/ncbi-blast-2.6.0+-src/c++/ReleaseMT/bin/datatool -oR /data/tusers/yutianx/tongji2/Software/ncbi-blast-2.6.0+-src/c++ -opm /data/tusers/yutianx/tongji2/Software/ncbi-blast-2.6.0+-src/c++/src -m medlars.asn -M "objects/general/general.asn objects/biblio/biblio.asn" -oA -oc medlars -or objects/medlars -odi -od medlars.def -oex '' -ocvs -pch 'ncbi_pch.hpp' -fd medlars.dump 
datatool: 2.16.0
make[5]: Leaving directory '/data/tusers/yutianx/tongji2/Software/ncbi-blast-2.6.0+-src/c++/src/objects/medlars'
/usr/bin/make -w -f /data/tusers/yutianx/tongji2/Software/ncbi-blast-2.6.0+-src/c++/src/build-system/Makefile.module MODULE=medline MODULE_PATH=objects/medline MODULE_ASN=medline.asn MODULE_IMPORT='objects/general/general objects/biblio/biblio' IMPDEPS='/data/tusers/yutianx/tongji2/Software/ncbi-blast-2.6.0+-src/c++/src/objects/general/general.asn /data/tusers/yutianx/tongji2/Software/ncbi-blast-2.6.0+-src/c++/src/objects/biblio/biblio.asn' IMPFILES='objects/general/general.asn objects/biblio/biblio.asn' top_srcdir=/data/tusers/yutianx/tongji2/Software/ncbi-blast-2.6.0+-src/c++ DATATOOL=/data/tusers/yutianx/tongji2/Software/ncbi-blast-2.6.0+-src/c++/ReleaseMT/bin/datatool MODULE_SEARCH=/data/tusers/yutianx/tongji2/Software/ncbi-blast-2.6.0+-src/c++/src all
make[5]: Entering directory '/data/tusers/yutianx/tongji2/Software/ncbi-blast-2.6.0+-src/c++/src/objects/medline'
/data/tusers/yutianx/tongji2/Software/ncbi-blast-2.6.0+-src/c++/ReleaseMT/bin/datatool -oR /data/tusers/yutianx/tongji2/Software/ncbi-blast-2.6.0+-src/c++ -opm /data/tusers/yutianx/tongji2/Software/ncbi-blast-2.6.0+-src/c++/src -m medline.asn -M "objects/general/general.asn objects/biblio/biblio.asn" -oA -oc medline -or objects/medline -odi -od medline.def -oex '' -ocvs -pch 'ncbi_pch.hpp' -fd medline.dump 
datatool: 2.16.0
make[5]: Leaving directory '/data/tusers/yutianx/tongji2/Software/ncbi-blast-2.6.0+-src/c++/src/objects/medline'
/usr/bin/make -w -f /data/tusers/yutianx/tongji2/Software/ncbi-blast-2.6.0+-src/c++/src/build-system/Makefile.module MODULE=mim MODULE_PATH=objects/mim MODULE_ASN=mim.asn MODULE_IMPORT='' IMPDEPS='' IMPFILES='' top_srcdir=/data/tusers/yutianx/tongji2/Software/ncbi-blast-2.6.0+-src/c++ DATATOOL=/data/tusers/yutianx/tongji2/Software/ncbi-blast-2.6.0+-src/c++/ReleaseMT/bin/datatool MODULE_SEARCH=/data/tusers/yutianx/tongji2/Software/ncbi-blast-2.6.0+-src/c++/src all
make[5]: Entering directory '/data/tusers/yutianx/tongji2/Software/ncbi-blast-2.6.0+-src/c++/src/objects/mim'
/data/tusers/yutianx/tongji2/Software/ncbi-blast-2.6.0+-src/c++/ReleaseMT/bin/datatool -oR /data/tusers/yutianx/tongji2/Software/ncbi-blast-2.6.0+-src/c++ -opm /data/tusers/yutianx/tongji2/Software/ncbi-blast-2.6.0+-src/c++/src -m mim.asn -M "" -oA -oc mim -or objects/mim -odi -od mim.def -oex '' -ocvs -pch 'ncbi_pch.hpp' -fd mim.dump 
datatool: 2.16.0
make[5]: Leaving directory '/data/tusers/yutianx/tongji2/Software/ncbi-blast-2.6.0+-src/c++/src/objects/mim'
/usr/bin/make -w -f /data/tusers/yutianx/tongji2/Software/ncbi-blast-2.6.0+-src/c++/src/build-system/Makefile.module MODULE=mla MODULE_PATH=objects/mla MODULE_ASN=mla.asn MODULE_IMPORT='objects/biblio/biblio objects/medline/medline objects/medlars/medlars objects/pubmed/pubmed objects/pub/pub' IMPDEPS='/data/tusers/yutianx/tongji2/Software/ncbi-blast-2.6.0+-src/c++/src/objects/biblio/biblio.asn /data/tusers/yutianx/tongji2/Software/ncbi-blast-2.6.0+-src/c++/src/objects/medline/medline.asn /data/tusers/yutianx/tongji2/Software/ncbi-blast-2.6.0+-src/c++/src/objects/medlars/medlars.asn /data/tusers/yutianx/tongji2/Software/ncbi-blast-2.6.0+-src/c++/src/objects/pubmed/pubmed.asn /data/tusers/yutianx/tongji2/Software/ncbi-blast-2.6.0+-src/c++/src/objects/pub/pub.asn' IMPFILES='objects/biblio/biblio.asn objects/medline/medline.asn objects/medlars/medlars.asn objects/pubmed/pubmed.asn objects/pub/pub.asn' top_srcdir=/data/tusers/yutianx/tongji2/Software/ncbi-blast-2.6.0+-src/c++ DATATOOL=/data/tusers/yutianx/tongji2/Software/ncbi-blast-2.6.0+-src/c++/ReleaseMT/bin/datatool MODULE_SEARCH=/data/tusers/yutianx/tongji2/Software/ncbi-blast-2.6.0+-src/c++/src all
make[5]: Entering directory '/data/tusers/yutianx/tongji2/Software/ncbi-blast-2.6.0+-src/c++/src/objects/mla'
/data/tusers/yutianx/tongji2/Software/ncbi-blast-2.6.0+-src/c++/ReleaseMT/bin/datatool -oR /data/tusers/yutianx/tongji2/Software/ncbi-blast-2.6.0+-src/c++ -opm /data/tusers/yutianx/tongji2/Software/ncbi-blast-2.6.0+-src/c++/src -m mla.asn -M "objects/biblio/biblio.asn objects/medline/medline.asn objects/medlars/medlars.asn objects/pubmed/pubmed.asn objects/pub/pub.asn" -oA -oc mla -or objects/mla -odi -od mla.def -oex '' -ocvs -pch 'ncbi_pch.hpp' -fd mla.dump 
datatool: 2.16.0
make[5]: Leaving directory '/data/tusers/yutianx/tongji2/Software/ncbi-blast-2.6.0+-src/c++/src/objects/mla'
/usr/bin/make -w -f /data/tusers/yutianx/tongji2/Software/ncbi-blast-2.6.0+-src/c++/src/build-system/Makefile.module MODULE=mmdb1 MODULE_PATH=objects/mmdb1 MODULE_ASN=mmdb1.asn MODULE_IMPORT='objects/general/general objects/pub/pub objects/seqloc/seqloc objects/seqfeat/seqfeat objects/mmdb2/mmdb2 objects/mmdb3/mmdb3' IMPDEPS='/data/tusers/yutianx/tongji2/Software/ncbi-blast-2.6.0+-src/c++/src/objects/general/general.asn /data/tusers/yutianx/tongji2/Software/ncbi-blast-2.6.0+-src/c++/src/objects/pub/pub.asn /data/tusers/yutianx/tongji2/Software/ncbi-blast-2.6.0+-src/c++/src/objects/seqloc/seqloc.asn /data/tusers/yutianx/tongji2/Software/ncbi-blast-2.6.0+-src/c++/src/objects/seqfeat/seqfeat.asn /data/tusers/yutianx/tongji2/Software/ncbi-blast-2.6.0+-src/c++/src/objects/mmdb2/mmdb2.asn /data/tusers/yutianx/tongji2/Software/ncbi-blast-2.6.0+-src/c++/src/objects/mmdb3/mmdb3.asn' IMPFILES='objects/general/general.asn objects/pub/pub.asn objects/seqloc/seqloc.asn objects/seqfeat/seqfeat.asn objects/mmdb2/mmdb2.asn objects/mmdb3/mmdb3.asn' top_srcdir=/data/tusers/yutianx/tongji2/Software/ncbi-blast-2.6.0+-src/c++ DATATOOL=/data/tusers/yutianx/tongji2/Software/ncbi-blast-2.6.0+-src/c++/ReleaseMT/bin/datatool MODULE_SEARCH=/data/tusers/yutianx/tongji2/Software/ncbi-blast-2.6.0+-src/c++/src all
make[5]: Entering directory '/data/tusers/yutianx/tongji2/Software/ncbi-blast-2.6.0+-src/c++/src/objects/mmdb1'
/data/tusers/yutianx/tongji2/Software/ncbi-blast-2.6.0+-src/c++/ReleaseMT/bin/datatool -oR /data/tusers/yutianx/tongji2/Software/ncbi-blast-2.6.0+-src/c++ -opm /data/tusers/yutianx/tongji2/Software/ncbi-blast-2.6.0+-src/c++/src -m mmdb1.asn -M "objects/general/general.asn objects/pub/pub.asn objects/seqloc/seqloc.asn objects/seqfeat/seqfeat.asn objects/mmdb2/mmdb2.asn objects/mmdb3/mmdb3.asn" -oA -oc mmdb1 -or objects/mmdb1 -odi -od mmdb1.def -oex '' -ocvs -pch 'ncbi_pch.hpp' -fd mmdb1.dump 
datatool: 2.16.0
make[5]: Leaving directory '/data/tusers/yutianx/tongji2/Software/ncbi-blast-2.6.0+-src/c++/src/objects/mmdb1'
/usr/bin/make -w -f /data/tusers/yutianx/tongji2/Software/ncbi-blast-2.6.0+-src/c++/src/build-system/Makefile.module MODULE=mmdb2 MODULE_PATH=objects/mmdb2 MODULE_ASN=mmdb2.asn MODULE_IMPORT='objects/pub/pub objects/mmdb1/mmdb1 objects/mmdb3/mmdb3' IMPDEPS='/data/tusers/yutianx/tongji2/Software/ncbi-blast-2.6.0+-src/c++/src/objects/pub/pub.asn /data/tusers/yutianx/tongji2/Software/ncbi-blast-2.6.0+-src/c++/src/objects/mmdb1/mmdb1.asn /data/tusers/yutianx/tongji2/Software/ncbi-blast-2.6.0+-src/c++/src/objects/mmdb3/mmdb3.asn' IMPFILES='objects/pub/pub.asn objects/mmdb1/mmdb1.asn objects/mmdb3/mmdb3.asn' top_srcdir=/data/tusers/yutianx/tongji2/Software/ncbi-blast-2.6.0+-src/c++ DATATOOL=/data/tusers/yutianx/tongji2/Software/ncbi-blast-2.6.0+-src/c++/ReleaseMT/bin/datatool MODULE_SEARCH=/data/tusers/yutianx/tongji2/Software/ncbi-blast-2.6.0+-src/c++/src all
make[5]: Entering directory '/data/tusers/yutianx/tongji2/Software/ncbi-blast-2.6.0+-src/c++/src/objects/mmdb2'
/data/tusers/yutianx/tongji2/Software/ncbi-blast-2.6.0+-src/c++/ReleaseMT/bin/datatool -oR /data/tusers/yutianx/tongji2/Software/ncbi-blast-2.6.0+-src/c++ -opm /data/tusers/yutianx/tongji2/Software/ncbi-blast-2.6.0+-src/c++/src -m mmdb2.asn -M "objects/pub/pub.asn objects/mmdb1/mmdb1.asn objects/mmdb3/mmdb3.asn" -oA -oc mmdb2 -or objects/mmdb2 -odi -od mmdb2.def -oex '' -ocvs -pch 'ncbi_pch.hpp' -fd mmdb2.dump 
datatool: 2.16.0
make[5]: Leaving directory '/data/tusers/yutianx/tongji2/Software/ncbi-blast-2.6.0+-src/c++/src/objects/mmdb2'
/usr/bin/make -w -f /data/tusers/yutianx/tongji2/Software/ncbi-blast-2.6.0+-src/c++/src/build-system/Makefile.module MODULE=mmdb3 MODULE_PATH=objects/mmdb3 MODULE_ASN=mmdb3.asn MODULE_IMPORT='objects/general/general objects/pub/pub objects/mmdb1/mmdb1 objects/mmdb2/mmdb2' IMPDEPS='/data/tusers/yutianx/tongji2/Software/ncbi-blast-2.6.0+-src/c++/src/objects/general/general.asn /data/tusers/yutianx/tongji2/Software/ncbi-blast-2.6.0+-src/c++/src/objects/pub/pub.asn /data/tusers/yutianx/tongji2/Software/ncbi-blast-2.6.0+-src/c++/src/objects/mmdb1/mmdb1.asn /data/tusers/yutianx/tongji2/Software/ncbi-blast-2.6.0+-src/c++/src/objects/mmdb2/mmdb2.asn' IMPFILES='objects/general/general.asn objects/pub/pub.asn objects/mmdb1/mmdb1.asn objects/mmdb2/mmdb2.asn' top_srcdir=/data/tusers/yutianx/tongji2/Software/ncbi-blast-2.6.0+-src/c++ DATATOOL=/data/tusers/yutianx/tongji2/Software/ncbi-blast-2.6.0+-src/c++/ReleaseMT/bin/datatool MODULE_SEARCH=/data/tusers/yutianx/tongji2/Software/ncbi-blast-2.6.0+-src/c++/src all
make[5]: Entering directory '/data/tusers/yutianx/tongji2/Software/ncbi-blast-2.6.0+-src/c++/src/objects/mmdb3'
/data/tusers/yutianx/tongji2/Software/ncbi-blast-2.6.0+-src/c++/ReleaseMT/bin/datatool -oR /data/tusers/yutianx/tongji2/Software/ncbi-blast-2.6.0+-src/c++ -opm /data/tusers/yutianx/tongji2/Software/ncbi-blast-2.6.0+-src/c++/src -m mmdb3.asn -M "objects/general/general.asn objects/pub/pub.asn objects/mmdb1/mmdb1.asn objects/mmdb2/mmdb2.asn" -oA -oc mmdb3 -or objects/mmdb3 -odi -od mmdb3.def -oex '' -ocvs -pch 'ncbi_pch.hpp' -fd mmdb3.dump 
datatool: 2.16.0
make[5]: Leaving directory '/data/tusers/yutianx/tongji2/Software/ncbi-blast-2.6.0+-src/c++/src/objects/mmdb3'
/usr/bin/make -w -f /data/tusers/yutianx/tongji2/Software/ncbi-blast-2.6.0+-src/c++/src/build-system/Makefile.module MODULE=ncbimime MODULE_PATH=objects/ncbimime MODULE_ASN=ncbimime.asn MODULE_IMPORT='objects/general/general objects/biblio/biblio objects/pub/pub objects/medline/medline objects/seq/seq objects/seqset/seqset objects/seqloc/seqloc objects/seqfeat/seqfeat objects/mmdb1/mmdb1 objects/mmdb2/mmdb2 objects/mmdb3/mmdb3 objects/cn3d/cn3d objects/cdd/cdd' IMPDEPS='/data/tusers/yutianx/tongji2/Software/ncbi-blast-2.6.0+-src/c++/src/objects/general/general.asn /data/tusers/yutianx/tongji2/Software/ncbi-blast-2.6.0+-src/c++/src/objects/biblio/biblio.asn /data/tusers/yutianx/tongji2/Software/ncbi-blast-2.6.0+-src/c++/src/objects/pub/pub.asn /data/tusers/yutianx/tongji2/Software/ncbi-blast-2.6.0+-src/c++/src/objects/medline/medline.asn /data/tusers/yutianx/tongji2/Software/ncbi-blast-2.6.0+-src/c++/src/objects/seq/seq.asn /data/tusers/yutianx/tongji2/Software/ncbi-blast-2.6.0+-src/c++/src/objects/seqset/seqset.asn /data/tusers/yutianx/tongji2/Software/ncbi-blast-2.6.0+-src/c++/src/objects/seqloc/seqloc.asn /data/tusers/yutianx/tongji2/Software/ncbi-blast-2.6.0+-src/c++/src/objects/seqfeat/seqfeat.asn /data/tusers/yutianx/tongji2/Software/ncbi-blast-2.6.0+-src/c++/src/objects/mmdb1/mmdb1.asn /data/tusers/yutianx/tongji2/Software/ncbi-blast-2.6.0+-src/c++/src/objects/mmdb2/mmdb2.asn /data/tusers/yutianx/tongji2/Software/ncbi-blast-2.6.0+-src/c++/src/objects/mmdb3/mmdb3.asn /data/tusers/yutianx/tongji2/Software/ncbi-blast-2.6.0+-src/c++/src/objects/cn3d/cn3d.asn /data/tusers/yutianx/tongji2/Software/ncbi-blast-2.6.0+-src/c++/src/objects/cdd/cdd.asn' IMPFILES='objects/general/general.asn objects/biblio/biblio.asn objects/pub/pub.asn objects/medline/medline.asn objects/seq/seq.asn objects/seqset/seqset.asn objects/seqloc/seqloc.asn objects/seqfeat/seqfeat.asn objects/mmdb1/mmdb1.asn objects/mmdb2/mmdb2.asn objects/mmdb3/mmdb3.asn objects/cn3d/cn3d.asn objects/cdd/cdd.asn' top_srcdir=/data/tusers/yutianx/tongji2/Software/ncbi-blast-2.6.0+-src/c++ DATATOOL=/data/tusers/yutianx/tongji2/Software/ncbi-blast-2.6.0+-src/c++/ReleaseMT/bin/datatool MODULE_SEARCH=/data/tusers/yutianx/tongji2/Software/ncbi-blast-2.6.0+-src/c++/src all
make[5]: Entering directory '/data/tusers/yutianx/tongji2/Software/ncbi-blast-2.6.0+-src/c++/src/objects/ncbimime'
/data/tusers/yutianx/tongji2/Software/ncbi-blast-2.6.0+-src/c++/ReleaseMT/bin/datatool -oR /data/tusers/yutianx/tongji2/Software/ncbi-blast-2.6.0+-src/c++ -opm /data/tusers/yutianx/tongji2/Software/ncbi-blast-2.6.0+-src/c++/src -m ncbimime.asn -M "objects/general/general.asn objects/biblio/biblio.asn objects/pub/pub.asn objects/medline/medline.asn objects/seq/seq.asn objects/seqset/seqset.asn objects/seqloc/seqloc.asn objects/seqfeat/seqfeat.asn objects/mmdb1/mmdb1.asn objects/mmdb2/mmdb2.asn objects/mmdb3/mmdb3.asn objects/cn3d/cn3d.asn objects/cdd/cdd.asn" -oA -oc ncbimime -or objects/ncbimime -odi -od ncbimime.def -oex '' -ocvs -pch 'ncbi_pch.hpp' -fd ncbimime.dump 
datatool: 2.16.0
make[5]: Leaving directory '/data/tusers/yutianx/tongji2/Software/ncbi-blast-2.6.0+-src/c++/src/objects/ncbimime'
/usr/bin/make -w -f /data/tusers/yutianx/tongji2/Software/ncbi-blast-2.6.0+-src/c++/src/build-system/Makefile.module MODULE=objprt MODULE_PATH=objects/objprt MODULE_ASN=objprt.asn MODULE_IMPORT='' IMPDEPS='' IMPFILES='' top_srcdir=/data/tusers/yutianx/tongji2/Software/ncbi-blast-2.6.0+-src/c++ DATATOOL=/data/tusers/yutianx/tongji2/Software/ncbi-blast-2.6.0+-src/c++/ReleaseMT/bin/datatool MODULE_SEARCH=/data/tusers/yutianx/tongji2/Software/ncbi-blast-2.6.0+-src/c++/src all
make[5]: Entering directory '/data/tusers/yutianx/tongji2/Software/ncbi-blast-2.6.0+-src/c++/src/objects/objprt'
/data/tusers/yutianx/tongji2/Software/ncbi-blast-2.6.0+-src/c++/ReleaseMT/bin/datatool -oR /data/tusers/yutianx/tongji2/Software/ncbi-blast-2.6.0+-src/c++ -opm /data/tusers/yutianx/tongji2/Software/ncbi-blast-2.6.0+-src/c++/src -m objprt.asn -M "" -oA -oc objprt -or objects/objprt -odi -od objprt.def -oex '' -ocvs -pch 'ncbi_pch.hpp' -fd objprt.dump 
datatool: 2.16.0
make[5]: Leaving directory '/data/tusers/yutianx/tongji2/Software/ncbi-blast-2.6.0+-src/c++/src/objects/objprt'
/usr/bin/make -w -f /data/tusers/yutianx/tongji2/Software/ncbi-blast-2.6.0+-src/c++/src/build-system/Makefile.module MODULE=proj MODULE_PATH=objects/proj MODULE_ASN=proj.asn MODULE_IMPORT='objects/general/general objects/biblio/biblio objects/pubmed/pubmed objects/seqloc/seqloc objects/seq/seq objects/seqset/seqset' IMPDEPS='/data/tusers/yutianx/tongji2/Software/ncbi-blast-2.6.0+-src/c++/src/objects/general/general.asn /data/tusers/yutianx/tongji2/Software/ncbi-blast-2.6.0+-src/c++/src/objects/biblio/biblio.asn /data/tusers/yutianx/tongji2/Software/ncbi-blast-2.6.0+-src/c++/src/objects/pubmed/pubmed.asn /data/tusers/yutianx/tongji2/Software/ncbi-blast-2.6.0+-src/c++/src/objects/seqloc/seqloc.asn /data/tusers/yutianx/tongji2/Software/ncbi-blast-2.6.0+-src/c++/src/objects/seq/seq.asn /data/tusers/yutianx/tongji2/Software/ncbi-blast-2.6.0+-src/c++/src/objects/seqset/seqset.asn' IMPFILES='objects/general/general.asn objects/biblio/biblio.asn objects/pubmed/pubmed.asn objects/seqloc/seqloc.asn objects/seq/seq.asn objects/seqset/seqset.asn' top_srcdir=/data/tusers/yutianx/tongji2/Software/ncbi-blast-2.6.0+-src/c++ DATATOOL=/data/tusers/yutianx/tongji2/Software/ncbi-blast-2.6.0+-src/c++/ReleaseMT/bin/datatool MODULE_SEARCH=/data/tusers/yutianx/tongji2/Software/ncbi-blast-2.6.0+-src/c++/src all
make[5]: Entering directory '/data/tusers/yutianx/tongji2/Software/ncbi-blast-2.6.0+-src/c++/src/objects/proj'
/data/tusers/yutianx/tongji2/Software/ncbi-blast-2.6.0+-src/c++/ReleaseMT/bin/datatool -oR /data/tusers/yutianx/tongji2/Software/ncbi-blast-2.6.0+-src/c++ -opm /data/tusers/yutianx/tongji2/Software/ncbi-blast-2.6.0+-src/c++/src -m proj.asn -M "objects/general/general.asn objects/biblio/biblio.asn objects/pubmed/pubmed.asn objects/seqloc/seqloc.asn objects/seq/seq.asn objects/seqset/seqset.asn" -oA -oc proj -or objects/proj -odi -od proj.def -oex '' -ocvs -pch 'ncbi_pch.hpp' -fd proj.dump 
datatool: 2.16.0
make[5]: Leaving directory '/data/tusers/yutianx/tongji2/Software/ncbi-blast-2.6.0+-src/c++/src/objects/proj'
/usr/bin/make -w -f /data/tusers/yutianx/tongji2/Software/ncbi-blast-2.6.0+-src/c++/src/build-system/Makefile.module MODULE=pub MODULE_PATH=objects/pub MODULE_ASN=pub.asn MODULE_IMPORT='objects/general/general objects/biblio/biblio objects/medline/medline' IMPDEPS='/data/tusers/yutianx/tongji2/Software/ncbi-blast-2.6.0+-src/c++/src/objects/general/general.asn /data/tusers/yutianx/tongji2/Software/ncbi-blast-2.6.0+-src/c++/src/objects/biblio/biblio.asn /data/tusers/yutianx/tongji2/Software/ncbi-blast-2.6.0+-src/c++/src/objects/medline/medline.asn' IMPFILES='objects/general/general.asn objects/biblio/biblio.asn objects/medline/medline.asn' top_srcdir=/data/tusers/yutianx/tongji2/Software/ncbi-blast-2.6.0+-src/c++ DATATOOL=/data/tusers/yutianx/tongji2/Software/ncbi-blast-2.6.0+-src/c++/ReleaseMT/bin/datatool MODULE_SEARCH=/data/tusers/yutianx/tongji2/Software/ncbi-blast-2.6.0+-src/c++/src all
make[5]: Entering directory '/data/tusers/yutianx/tongji2/Software/ncbi-blast-2.6.0+-src/c++/src/objects/pub'
/data/tusers/yutianx/tongji2/Software/ncbi-blast-2.6.0+-src/c++/ReleaseMT/bin/datatool -oR /data/tusers/yutianx/tongji2/Software/ncbi-blast-2.6.0+-src/c++ -opm /data/tusers/yutianx/tongji2/Software/ncbi-blast-2.6.0+-src/c++/src -m pub.asn -M "objects/general/general.asn objects/biblio/biblio.asn objects/medline/medline.asn" -oA -oc pub -or objects/pub -odi -od pub.def -oex '' -ocvs -pch 'ncbi_pch.hpp' -fd pub.dump 
datatool: 2.16.0
make[5]: Leaving directory '/data/tusers/yutianx/tongji2/Software/ncbi-blast-2.6.0+-src/c++/src/objects/pub'
/usr/bin/make -w -f /data/tusers/yutianx/tongji2/Software/ncbi-blast-2.6.0+-src/c++/src/build-system/Makefile.module MODULE=pubmed MODULE_PATH=objects/pubmed MODULE_ASN=pubmed.asn MODULE_IMPORT='objects/general/general objects/biblio/biblio objects/medline/medline' IMPDEPS='/data/tusers/yutianx/tongji2/Software/ncbi-blast-2.6.0+-src/c++/src/objects/general/general.asn /data/tusers/yutianx/tongji2/Software/ncbi-blast-2.6.0+-src/c++/src/objects/biblio/biblio.asn /data/tusers/yutianx/tongji2/Software/ncbi-blast-2.6.0+-src/c++/src/objects/medline/medline.asn' IMPFILES='objects/general/general.asn objects/biblio/biblio.asn objects/medline/medline.asn' top_srcdir=/data/tusers/yutianx/tongji2/Software/ncbi-blast-2.6.0+-src/c++ DATATOOL=/data/tusers/yutianx/tongji2/Software/ncbi-blast-2.6.0+-src/c++/ReleaseMT/bin/datatool MODULE_SEARCH=/data/tusers/yutianx/tongji2/Software/ncbi-blast-2.6.0+-src/c++/src all
make[5]: Entering directory '/data/tusers/yutianx/tongji2/Software/ncbi-blast-2.6.0+-src/c++/src/objects/pubmed'
/data/tusers/yutianx/tongji2/Software/ncbi-blast-2.6.0+-src/c++/ReleaseMT/bin/datatool -oR /data/tusers/yutianx/tongji2/Software/ncbi-blast-2.6.0+-src/c++ -opm /data/tusers/yutianx/tongji2/Software/ncbi-blast-2.6.0+-src/c++/src -m pubmed.asn -M "objects/general/general.asn objects/biblio/biblio.asn objects/medline/medline.asn" -oA -oc pubmed -or objects/pubmed -odi -od pubmed.def -oex '' -ocvs -pch 'ncbi_pch.hpp' -fd pubmed.dump 
datatool: 2.16.0
make[5]: Leaving directory '/data/tusers/yutianx/tongji2/Software/ncbi-blast-2.6.0+-src/c++/src/objects/pubmed'
/usr/bin/make -w -f /data/tusers/yutianx/tongji2/Software/ncbi-blast-2.6.0+-src/c++/src/build-system/Makefile.module MODULE=scoremat MODULE_PATH=objects/scoremat MODULE_ASN=scoremat.asn MODULE_IMPORT='objects/seqset/seqset objects/general/general' IMPDEPS='/data/tusers/yutianx/tongji2/Software/ncbi-blast-2.6.0+-src/c++/src/objects/seqset/seqset.asn /data/tusers/yutianx/tongji2/Software/ncbi-blast-2.6.0+-src/c++/src/objects/general/general.asn' IMPFILES='objects/seqset/seqset.asn objects/general/general.asn' top_srcdir=/data/tusers/yutianx/tongji2/Software/ncbi-blast-2.6.0+-src/c++ DATATOOL=/data/tusers/yutianx/tongji2/Software/ncbi-blast-2.6.0+-src/c++/ReleaseMT/bin/datatool MODULE_SEARCH=/data/tusers/yutianx/tongji2/Software/ncbi-blast-2.6.0+-src/c++/src all
make[5]: Entering directory '/data/tusers/yutianx/tongji2/Software/ncbi-blast-2.6.0+-src/c++/src/objects/scoremat'
/data/tusers/yutianx/tongji2/Software/ncbi-blast-2.6.0+-src/c++/ReleaseMT/bin/datatool -oR /data/tusers/yutianx/tongji2/Software/ncbi-blast-2.6.0+-src/c++ -opm /data/tusers/yutianx/tongji2/Software/ncbi-blast-2.6.0+-src/c++/src -m scoremat.asn -M "objects/seqset/seqset.asn objects/general/general.asn" -oA -oc scoremat -or objects/scoremat -odi -od scoremat.def -oex '' -ocvs -pch 'ncbi_pch.hpp' -fd scoremat.dump 
datatool: 2.16.0
make[5]: Leaving directory '/data/tusers/yutianx/tongji2/Software/ncbi-blast-2.6.0+-src/c++/src/objects/scoremat'
/usr/bin/make -w -f /data/tusers/yutianx/tongji2/Software/ncbi-blast-2.6.0+-src/c++/src/build-system/Makefile.module MODULE=seq MODULE_PATH=objects/seq MODULE_ASN=seq.asn MODULE_IMPORT='objects/general/general objects/biblio/biblio objects/pub/pub objects/medline/medline objects/seqloc/seqloc objects/seqblock/seqblock objects/seqalign/seqalign objects/seqfeat/seqfeat objects/seqres/seqres objects/seqtable/seqtable' IMPDEPS='/data/tusers/yutianx/tongji2/Software/ncbi-blast-2.6.0+-src/c++/src/objects/general/general.asn /data/tusers/yutianx/tongji2/Software/ncbi-blast-2.6.0+-src/c++/src/objects/biblio/biblio.asn /data/tusers/yutianx/tongji2/Software/ncbi-blast-2.6.0+-src/c++/src/objects/pub/pub.asn /data/tusers/yutianx/tongji2/Software/ncbi-blast-2.6.0+-src/c++/src/objects/medline/medline.asn /data/tusers/yutianx/tongji2/Software/ncbi-blast-2.6.0+-src/c++/src/objects/seqloc/seqloc.asn /data/tusers/yutianx/tongji2/Software/ncbi-blast-2.6.0+-src/c++/src/objects/seqblock/seqblock.asn /data/tusers/yutianx/tongji2/Software/ncbi-blast-2.6.0+-src/c++/src/objects/seqalign/seqalign.asn /data/tusers/yutianx/tongji2/Software/ncbi-blast-2.6.0+-src/c++/src/objects/seqfeat/seqfeat.asn /data/tusers/yutianx/tongji2/Software/ncbi-blast-2.6.0+-src/c++/src/objects/seqres/seqres.asn /data/tusers/yutianx/tongji2/Software/ncbi-blast-2.6.0+-src/c++/src/objects/seqtable/seqtable.asn' IMPFILES='objects/general/general.asn objects/biblio/biblio.asn objects/pub/pub.asn objects/medline/medline.asn objects/seqloc/seqloc.asn objects/seqblock/seqblock.asn objects/seqalign/seqalign.asn objects/seqfeat/seqfeat.asn objects/seqres/seqres.asn objects/seqtable/seqtable.asn' top_srcdir=/data/tusers/yutianx/tongji2/Software/ncbi-blast-2.6.0+-src/c++ DATATOOL=/data/tusers/yutianx/tongji2/Software/ncbi-blast-2.6.0+-src/c++/ReleaseMT/bin/datatool MODULE_SEARCH=/data/tusers/yutianx/tongji2/Software/ncbi-blast-2.6.0+-src/c++/src all
make[5]: Entering directory '/data/tusers/yutianx/tongji2/Software/ncbi-blast-2.6.0+-src/c++/src/objects/seq'
/data/tusers/yutianx/tongji2/Software/ncbi-blast-2.6.0+-src/c++/ReleaseMT/bin/datatool -oR /data/tusers/yutianx/tongji2/Software/ncbi-blast-2.6.0+-src/c++ -opm /data/tusers/yutianx/tongji2/Software/ncbi-blast-2.6.0+-src/c++/src -m seq.asn -M "objects/general/general.asn objects/biblio/biblio.asn objects/pub/pub.asn objects/medline/medline.asn objects/seqloc/seqloc.asn objects/seqblock/seqblock.asn objects/seqalign/seqalign.asn objects/seqfeat/seqfeat.asn objects/seqres/seqres.asn objects/seqtable/seqtable.asn" -oA -oc seq -or objects/seq -odi -od seq.def -oex '' -ocvs -pch 'ncbi_pch.hpp' -fd seq.dump 
datatool: 2.16.0
make[5]: Leaving directory '/data/tusers/yutianx/tongji2/Software/ncbi-blast-2.6.0+-src/c++/src/objects/seq'
/usr/bin/make -w -f /data/tusers/yutianx/tongji2/Software/ncbi-blast-2.6.0+-src/c++/src/build-system/Makefile.module MODULE=seqalign MODULE_PATH=objects/seqalign MODULE_ASN=seqalign.asn MODULE_IMPORT='objects/general/general objects/biblio/biblio objects/medline/medline objects/seqloc/seqloc' IMPDEPS='/data/tusers/yutianx/tongji2/Software/ncbi-blast-2.6.0+-src/c++/src/objects/general/general.asn /data/tusers/yutianx/tongji2/Software/ncbi-blast-2.6.0+-src/c++/src/objects/biblio/biblio.asn /data/tusers/yutianx/tongji2/Software/ncbi-blast-2.6.0+-src/c++/src/objects/medline/medline.asn /data/tusers/yutianx/tongji2/Software/ncbi-blast-2.6.0+-src/c++/src/objects/seqloc/seqloc.asn' IMPFILES='objects/general/general.asn objects/biblio/biblio.asn objects/medline/medline.asn objects/seqloc/seqloc.asn' top_srcdir=/data/tusers/yutianx/tongji2/Software/ncbi-blast-2.6.0+-src/c++ DATATOOL=/data/tusers/yutianx/tongji2/Software/ncbi-blast-2.6.0+-src/c++/ReleaseMT/bin/datatool MODULE_SEARCH=/data/tusers/yutianx/tongji2/Software/ncbi-blast-2.6.0+-src/c++/src all
make[5]: Entering directory '/data/tusers/yutianx/tongji2/Software/ncbi-blast-2.6.0+-src/c++/src/objects/seqalign'
/data/tusers/yutianx/tongji2/Software/ncbi-blast-2.6.0+-src/c++/ReleaseMT/bin/datatool -oR /data/tusers/yutianx/tongji2/Software/ncbi-blast-2.6.0+-src/c++ -opm /data/tusers/yutianx/tongji2/Software/ncbi-blast-2.6.0+-src/c++/src -m seqalign.asn -M "objects/general/general.asn objects/biblio/biblio.asn objects/medline/medline.asn objects/seqloc/seqloc.asn" -oA -oc seqalign -or objects/seqalign -odi -od seqalign.def -oex '' -ocvs -pch 'ncbi_pch.hpp' -fd seqalign.dump 
datatool: 2.16.0
make[5]: Leaving directory '/data/tusers/yutianx/tongji2/Software/ncbi-blast-2.6.0+-src/c++/src/objects/seqalign'
/usr/bin/make -w -f /data/tusers/yutianx/tongji2/Software/ncbi-blast-2.6.0+-src/c++/src/build-system/Makefile.module MODULE=seqblock MODULE_PATH=objects/seqblock MODULE_ASN=seqblock.asn MODULE_IMPORT='objects/general/general objects/biblio/biblio objects/medline/medline objects/seqloc/seqloc' IMPDEPS='/data/tusers/yutianx/tongji2/Software/ncbi-blast-2.6.0+-src/c++/src/objects/general/general.asn /data/tusers/yutianx/tongji2/Software/ncbi-blast-2.6.0+-src/c++/src/objects/biblio/biblio.asn /data/tusers/yutianx/tongji2/Software/ncbi-blast-2.6.0+-src/c++/src/objects/medline/medline.asn /data/tusers/yutianx/tongji2/Software/ncbi-blast-2.6.0+-src/c++/src/objects/seqloc/seqloc.asn' IMPFILES='objects/general/general.asn objects/biblio/biblio.asn objects/medline/medline.asn objects/seqloc/seqloc.asn' top_srcdir=/data/tusers/yutianx/tongji2/Software/ncbi-blast-2.6.0+-src/c++ DATATOOL=/data/tusers/yutianx/tongji2/Software/ncbi-blast-2.6.0+-src/c++/ReleaseMT/bin/datatool MODULE_SEARCH=/data/tusers/yutianx/tongji2/Software/ncbi-blast-2.6.0+-src/c++/src all
make[5]: Entering directory '/data/tusers/yutianx/tongji2/Software/ncbi-blast-2.6.0+-src/c++/src/objects/seqblock'
/data/tusers/yutianx/tongji2/Software/ncbi-blast-2.6.0+-src/c++/ReleaseMT/bin/datatool -oR /data/tusers/yutianx/tongji2/Software/ncbi-blast-2.6.0+-src/c++ -opm /data/tusers/yutianx/tongji2/Software/ncbi-blast-2.6.0+-src/c++/src -m seqblock.asn -M "objects/general/general.asn objects/biblio/biblio.asn objects/medline/medline.asn objects/seqloc/seqloc.asn" -oA -oc seqblock -or objects/seqblock -odi -od seqblock.def -oex '' -ocvs -pch 'ncbi_pch.hpp' -fd seqblock.dump 
datatool: 2.16.0
make[5]: Leaving directory '/data/tusers/yutianx/tongji2/Software/ncbi-blast-2.6.0+-src/c++/src/objects/seqblock'
/usr/bin/make -w -f /data/tusers/yutianx/tongji2/Software/ncbi-blast-2.6.0+-src/c++/src/build-system/Makefile.module MODULE=seqcode MODULE_PATH=objects/seqcode MODULE_ASN=seqcode.asn MODULE_IMPORT='' IMPDEPS='' IMPFILES='' top_srcdir=/data/tusers/yutianx/tongji2/Software/ncbi-blast-2.6.0+-src/c++ DATATOOL=/data/tusers/yutianx/tongji2/Software/ncbi-blast-2.6.0+-src/c++/ReleaseMT/bin/datatool MODULE_SEARCH=/data/tusers/yutianx/tongji2/Software/ncbi-blast-2.6.0+-src/c++/src all
make[5]: Entering directory '/data/tusers/yutianx/tongji2/Software/ncbi-blast-2.6.0+-src/c++/src/objects/seqcode'
/data/tusers/yutianx/tongji2/Software/ncbi-blast-2.6.0+-src/c++/ReleaseMT/bin/datatool -oR /data/tusers/yutianx/tongji2/Software/ncbi-blast-2.6.0+-src/c++ -opm /data/tusers/yutianx/tongji2/Software/ncbi-blast-2.6.0+-src/c++/src -m seqcode.asn -M "" -oA -oc seqcode -or objects/seqcode -odi -od seqcode.def -oex '' -ocvs -pch 'ncbi_pch.hpp' -fd seqcode.dump 
datatool: 2.16.0
make[5]: Leaving directory '/data/tusers/yutianx/tongji2/Software/ncbi-blast-2.6.0+-src/c++/src/objects/seqcode'
/usr/bin/make -w -f /data/tusers/yutianx/tongji2/Software/ncbi-blast-2.6.0+-src/c++/src/build-system/Makefile.module MODULE=seqfeat MODULE_PATH=objects/seqfeat MODULE_ASN=seqfeat.asn MODULE_IMPORT='objects/general/general objects/biblio/biblio objects/medline/medline objects/pub/pub objects/seqloc/seqloc objects/seq/seq' IMPDEPS='/data/tusers/yutianx/tongji2/Software/ncbi-blast-2.6.0+-src/c++/src/objects/general/general.asn /data/tusers/yutianx/tongji2/Software/ncbi-blast-2.6.0+-src/c++/src/objects/biblio/biblio.asn /data/tusers/yutianx/tongji2/Software/ncbi-blast-2.6.0+-src/c++/src/objects/medline/medline.asn /data/tusers/yutianx/tongji2/Software/ncbi-blast-2.6.0+-src/c++/src/objects/pub/pub.asn /data/tusers/yutianx/tongji2/Software/ncbi-blast-2.6.0+-src/c++/src/objects/seqloc/seqloc.asn /data/tusers/yutianx/tongji2/Software/ncbi-blast-2.6.0+-src/c++/src/objects/seq/seq.asn' IMPFILES='objects/general/general.asn objects/biblio/biblio.asn objects/medline/medline.asn objects/pub/pub.asn objects/seqloc/seqloc.asn objects/seq/seq.asn' top_srcdir=/data/tusers/yutianx/tongji2/Software/ncbi-blast-2.6.0+-src/c++ DATATOOL=/data/tusers/yutianx/tongji2/Software/ncbi-blast-2.6.0+-src/c++/ReleaseMT/bin/datatool MODULE_SEARCH=/data/tusers/yutianx/tongji2/Software/ncbi-blast-2.6.0+-src/c++/src all
make[5]: Entering directory '/data/tusers/yutianx/tongji2/Software/ncbi-blast-2.6.0+-src/c++/src/objects/seqfeat'
/data/tusers/yutianx/tongji2/Software/ncbi-blast-2.6.0+-src/c++/ReleaseMT/bin/datatool -oR /data/tusers/yutianx/tongji2/Software/ncbi-blast-2.6.0+-src/c++ -opm /data/tusers/yutianx/tongji2/Software/ncbi-blast-2.6.0+-src/c++/src -m seqfeat.asn -M "objects/general/general.asn objects/biblio/biblio.asn objects/medline/medline.asn objects/pub/pub.asn objects/seqloc/seqloc.asn objects/seq/seq.asn" -oA -oc seqfeat -or objects/seqfeat -odi -od seqfeat.def -oex '' -ocvs -pch 'ncbi_pch.hpp' -fd seqfeat.dump 
datatool: 2.16.0
make[5]: Leaving directory '/data/tusers/yutianx/tongji2/Software/ncbi-blast-2.6.0+-src/c++/src/objects/seqfeat'
/usr/bin/make -w -f /data/tusers/yutianx/tongji2/Software/ncbi-blast-2.6.0+-src/c++/src/build-system/Makefile.module MODULE=seqloc MODULE_PATH=objects/seqloc MODULE_ASN=seqloc.asn MODULE_IMPORT='objects/general/general objects/biblio/biblio objects/seqfeat/seqfeat' IMPDEPS='/data/tusers/yutianx/tongji2/Software/ncbi-blast-2.6.0+-src/c++/src/objects/general/general.asn /data/tusers/yutianx/tongji2/Software/ncbi-blast-2.6.0+-src/c++/src/objects/biblio/biblio.asn /data/tusers/yutianx/tongji2/Software/ncbi-blast-2.6.0+-src/c++/src/objects/seqfeat/seqfeat.asn' IMPFILES='objects/general/general.asn objects/biblio/biblio.asn objects/seqfeat/seqfeat.asn' top_srcdir=/data/tusers/yutianx/tongji2/Software/ncbi-blast-2.6.0+-src/c++ DATATOOL=/data/tusers/yutianx/tongji2/Software/ncbi-blast-2.6.0+-src/c++/ReleaseMT/bin/datatool MODULE_SEARCH=/data/tusers/yutianx/tongji2/Software/ncbi-blast-2.6.0+-src/c++/src all
make[5]: Entering directory '/data/tusers/yutianx/tongji2/Software/ncbi-blast-2.6.0+-src/c++/src/objects/seqloc'
/data/tusers/yutianx/tongji2/Software/ncbi-blast-2.6.0+-src/c++/ReleaseMT/bin/datatool -oR /data/tusers/yutianx/tongji2/Software/ncbi-blast-2.6.0+-src/c++ -opm /data/tusers/yutianx/tongji2/Software/ncbi-blast-2.6.0+-src/c++/src -m seqloc.asn -M "objects/general/general.asn objects/biblio/biblio.asn objects/seqfeat/seqfeat.asn" -oA -oc seqloc -or objects/seqloc -odi -od seqloc.def -oex '' -ocvs -pch 'ncbi_pch.hpp' -fd seqloc.dump 
datatool: 2.16.0
make[5]: Leaving directory '/data/tusers/yutianx/tongji2/Software/ncbi-blast-2.6.0+-src/c++/src/objects/seqloc'
/usr/bin/make -w -f /data/tusers/yutianx/tongji2/Software/ncbi-blast-2.6.0+-src/c++/src/build-system/Makefile.module MODULE=seqsplit MODULE_PATH=objects/seqsplit MODULE_ASN=seqsplit.asn MODULE_IMPORT='objects/seqloc/seqloc objects/seqset/seqset objects/seq/seq objects/seqalign/seqalign objects/seqfeat/seqfeat' IMPDEPS='/data/tusers/yutianx/tongji2/Software/ncbi-blast-2.6.0+-src/c++/src/objects/seqloc/seqloc.asn /data/tusers/yutianx/tongji2/Software/ncbi-blast-2.6.0+-src/c++/src/objects/seqset/seqset.asn /data/tusers/yutianx/tongji2/Software/ncbi-blast-2.6.0+-src/c++/src/objects/seq/seq.asn /data/tusers/yutianx/tongji2/Software/ncbi-blast-2.6.0+-src/c++/src/objects/seqalign/seqalign.asn /data/tusers/yutianx/tongji2/Software/ncbi-blast-2.6.0+-src/c++/src/objects/seqfeat/seqfeat.asn' IMPFILES='objects/seqloc/seqloc.asn objects/seqset/seqset.asn objects/seq/seq.asn objects/seqalign/seqalign.asn objects/seqfeat/seqfeat.asn' top_srcdir=/data/tusers/yutianx/tongji2/Software/ncbi-blast-2.6.0+-src/c++ DATATOOL=/data/tusers/yutianx/tongji2/Software/ncbi-blast-2.6.0+-src/c++/ReleaseMT/bin/datatool MODULE_SEARCH=/data/tusers/yutianx/tongji2/Software/ncbi-blast-2.6.0+-src/c++/src all
make[5]: Entering directory '/data/tusers/yutianx/tongji2/Software/ncbi-blast-2.6.0+-src/c++/src/objects/seqsplit'
/data/tusers/yutianx/tongji2/Software/ncbi-blast-2.6.0+-src/c++/ReleaseMT/bin/datatool -oR /data/tusers/yutianx/tongji2/Software/ncbi-blast-2.6.0+-src/c++ -opm /data/tusers/yutianx/tongji2/Software/ncbi-blast-2.6.0+-src/c++/src -m seqsplit.asn -M "objects/seqloc/seqloc.asn objects/seqset/seqset.asn objects/seq/seq.asn objects/seqalign/seqalign.asn objects/seqfeat/seqfeat.asn" -oA -oc seqsplit -or objects/seqsplit -odi -od seqsplit.def -oex '' -ocvs -pch 'ncbi_pch.hpp' -fd seqsplit.dump 
datatool: 2.16.0
make[5]: Leaving directory '/data/tusers/yutianx/tongji2/Software/ncbi-blast-2.6.0+-src/c++/src/objects/seqsplit'
/usr/bin/make -w -f /data/tusers/yutianx/tongji2/Software/ncbi-blast-2.6.0+-src/c++/src/build-system/Makefile.module MODULE=seqres MODULE_PATH=objects/seqres MODULE_ASN=seqres.asn MODULE_IMPORT='objects/general/general objects/biblio/biblio objects/medline/medline objects/seqloc/seqloc' IMPDEPS='/data/tusers/yutianx/tongji2/Software/ncbi-blast-2.6.0+-src/c++/src/objects/general/general.asn /data/tusers/yutianx/tongji2/Software/ncbi-blast-2.6.0+-src/c++/src/objects/biblio/biblio.asn /data/tusers/yutianx/tongji2/Software/ncbi-blast-2.6.0+-src/c++/src/objects/medline/medline.asn /data/tusers/yutianx/tongji2/Software/ncbi-blast-2.6.0+-src/c++/src/objects/seqloc/seqloc.asn' IMPFILES='objects/general/general.asn objects/biblio/biblio.asn objects/medline/medline.asn objects/seqloc/seqloc.asn' top_srcdir=/data/tusers/yutianx/tongji2/Software/ncbi-blast-2.6.0+-src/c++ DATATOOL=/data/tusers/yutianx/tongji2/Software/ncbi-blast-2.6.0+-src/c++/ReleaseMT/bin/datatool MODULE_SEARCH=/data/tusers/yutianx/tongji2/Software/ncbi-blast-2.6.0+-src/c++/src all
make[5]: Entering directory '/data/tusers/yutianx/tongji2/Software/ncbi-blast-2.6.0+-src/c++/src/objects/seqres'
/data/tusers/yutianx/tongji2/Software/ncbi-blast-2.6.0+-src/c++/ReleaseMT/bin/datatool -oR /data/tusers/yutianx/tongji2/Software/ncbi-blast-2.6.0+-src/c++ -opm /data/tusers/yutianx/tongji2/Software/ncbi-blast-2.6.0+-src/c++/src -m seqres.asn -M "objects/general/general.asn objects/biblio/biblio.asn objects/medline/medline.asn objects/seqloc/seqloc.asn" -oA -oc seqres -or objects/seqres -odi -od seqres.def -oex '' -ocvs -pch 'ncbi_pch.hpp' -fd seqres.dump 
datatool: 2.16.0
make[5]: Leaving directory '/data/tusers/yutianx/tongji2/Software/ncbi-blast-2.6.0+-src/c++/src/objects/seqres'
/usr/bin/make -w -f /data/tusers/yutianx/tongji2/Software/ncbi-blast-2.6.0+-src/c++/src/build-system/Makefile.module MODULE=seqset MODULE_PATH=objects/seqset MODULE_ASN=seqset.asn MODULE_IMPORT='objects/general/general objects/biblio/biblio objects/medline/medline objects/seq/seq' IMPDEPS='/data/tusers/yutianx/tongji2/Software/ncbi-blast-2.6.0+-src/c++/src/objects/general/general.asn /data/tusers/yutianx/tongji2/Software/ncbi-blast-2.6.0+-src/c++/src/objects/biblio/biblio.asn /data/tusers/yutianx/tongji2/Software/ncbi-blast-2.6.0+-src/c++/src/objects/medline/medline.asn /data/tusers/yutianx/tongji2/Software/ncbi-blast-2.6.0+-src/c++/src/objects/seq/seq.asn' IMPFILES='objects/general/general.asn objects/biblio/biblio.asn objects/medline/medline.asn objects/seq/seq.asn' top_srcdir=/data/tusers/yutianx/tongji2/Software/ncbi-blast-2.6.0+-src/c++ DATATOOL=/data/tusers/yutianx/tongji2/Software/ncbi-blast-2.6.0+-src/c++/ReleaseMT/bin/datatool MODULE_SEARCH=/data/tusers/yutianx/tongji2/Software/ncbi-blast-2.6.0+-src/c++/src all
make[5]: Entering directory '/data/tusers/yutianx/tongji2/Software/ncbi-blast-2.6.0+-src/c++/src/objects/seqset'
/data/tusers/yutianx/tongji2/Software/ncbi-blast-2.6.0+-src/c++/ReleaseMT/bin/datatool -oR /data/tusers/yutianx/tongji2/Software/ncbi-blast-2.6.0+-src/c++ -opm /data/tusers/yutianx/tongji2/Software/ncbi-blast-2.6.0+-src/c++/src -m seqset.asn -M "objects/general/general.asn objects/biblio/biblio.asn objects/medline/medline.asn objects/seq/seq.asn" -oA -oc seqset -or objects/seqset -odi -od seqset.def -oex '' -ocvs -pch 'ncbi_pch.hpp' -fd seqset.dump 
datatool: 2.16.0
make[5]: Leaving directory '/data/tusers/yutianx/tongji2/Software/ncbi-blast-2.6.0+-src/c++/src/objects/seqset'
/usr/bin/make -w -f /data/tusers/yutianx/tongji2/Software/ncbi-blast-2.6.0+-src/c++/src/build-system/Makefile.module MODULE=submit MODULE_PATH=objects/submit MODULE_ASN=submit.asn MODULE_IMPORT='objects/general/general objects/biblio/biblio objects/seq/seq objects/seqset/seqset objects/seqloc/seqloc' IMPDEPS='/data/tusers/yutianx/tongji2/Software/ncbi-blast-2.6.0+-src/c++/src/objects/general/general.asn /data/tusers/yutianx/tongji2/Software/ncbi-blast-2.6.0+-src/c++/src/objects/biblio/biblio.asn /data/tusers/yutianx/tongji2/Software/ncbi-blast-2.6.0+-src/c++/src/objects/seq/seq.asn /data/tusers/yutianx/tongji2/Software/ncbi-blast-2.6.0+-src/c++/src/objects/seqset/seqset.asn /data/tusers/yutianx/tongji2/Software/ncbi-blast-2.6.0+-src/c++/src/objects/seqloc/seqloc.asn' IMPFILES='objects/general/general.asn objects/biblio/biblio.asn objects/seq/seq.asn objects/seqset/seqset.asn objects/seqloc/seqloc.asn' top_srcdir=/data/tusers/yutianx/tongji2/Software/ncbi-blast-2.6.0+-src/c++ DATATOOL=/data/tusers/yutianx/tongji2/Software/ncbi-blast-2.6.0+-src/c++/ReleaseMT/bin/datatool MODULE_SEARCH=/data/tusers/yutianx/tongji2/Software/ncbi-blast-2.6.0+-src/c++/src all
make[5]: Entering directory '/data/tusers/yutianx/tongji2/Software/ncbi-blast-2.6.0+-src/c++/src/objects/submit'
/data/tusers/yutianx/tongji2/Software/ncbi-blast-2.6.0+-src/c++/ReleaseMT/bin/datatool -oR /data/tusers/yutianx/tongji2/Software/ncbi-blast-2.6.0+-src/c++ -opm /data/tusers/yutianx/tongji2/Software/ncbi-blast-2.6.0+-src/c++/src -m submit.asn -M "objects/general/general.asn objects/biblio/biblio.asn objects/seq/seq.asn objects/seqset/seqset.asn objects/seqloc/seqloc.asn" -oA -oc submit -or objects/submit -odi -od submit.def -oex '' -ocvs -pch 'ncbi_pch.hpp' -fd submit.dump 
datatool: 2.16.0
make[5]: Leaving directory '/data/tusers/yutianx/tongji2/Software/ncbi-blast-2.6.0+-src/c++/src/objects/submit'
/usr/bin/make -w -f /data/tusers/yutianx/tongji2/Software/ncbi-blast-2.6.0+-src/c++/src/build-system/Makefile.module MODULE=taxon1 MODULE_PATH=objects/taxon1 MODULE_ASN=taxon1.asn MODULE_IMPORT='objects/seqfeat/seqfeat' IMPDEPS='/data/tusers/yutianx/tongji2/Software/ncbi-blast-2.6.0+-src/c++/src/objects/seqfeat/seqfeat.asn' IMPFILES='objects/seqfeat/seqfeat.asn' top_srcdir=/data/tusers/yutianx/tongji2/Software/ncbi-blast-2.6.0+-src/c++ DATATOOL=/data/tusers/yutianx/tongji2/Software/ncbi-blast-2.6.0+-src/c++/ReleaseMT/bin/datatool MODULE_SEARCH=/data/tusers/yutianx/tongji2/Software/ncbi-blast-2.6.0+-src/c++/src all
make[5]: Entering directory '/data/tusers/yutianx/tongji2/Software/ncbi-blast-2.6.0+-src/c++/src/objects/taxon1'
/data/tusers/yutianx/tongji2/Software/ncbi-blast-2.6.0+-src/c++/ReleaseMT/bin/datatool -oR /data/tusers/yutianx/tongji2/Software/ncbi-blast-2.6.0+-src/c++ -opm /data/tusers/yutianx/tongji2/Software/ncbi-blast-2.6.0+-src/c++/src -m taxon1.asn -M "objects/seqfeat/seqfeat.asn" -oA -oc taxon1 -or objects/taxon1 -odi -od taxon1.def -oex '' -ocvs -pch 'ncbi_pch.hpp' -fd taxon1.dump 
Warning: (110.8) Found multiple [Taxon1-name] taxid._type settings; using the one from line 18
datatool: 2.16.0
make[5]: Leaving directory '/data/tusers/yutianx/tongji2/Software/ncbi-blast-2.6.0+-src/c++/src/objects/taxon1'
/usr/bin/make -w -f /data/tusers/yutianx/tongji2/Software/ncbi-blast-2.6.0+-src/c++/src/build-system/Makefile.module MODULE=taxon3 MODULE_PATH=objects/taxon3 MODULE_ASN=taxon3.asn MODULE_IMPORT='objects/seqfeat/seqfeat' IMPDEPS='/data/tusers/yutianx/tongji2/Software/ncbi-blast-2.6.0+-src/c++/src/objects/seqfeat/seqfeat.asn' IMPFILES='objects/seqfeat/seqfeat.asn' top_srcdir=/data/tusers/yutianx/tongji2/Software/ncbi-blast-2.6.0+-src/c++ DATATOOL=/data/tusers/yutianx/tongji2/Software/ncbi-blast-2.6.0+-src/c++/ReleaseMT/bin/datatool MODULE_SEARCH=/data/tusers/yutianx/tongji2/Software/ncbi-blast-2.6.0+-src/c++/src all
make[5]: Entering directory '/data/tusers/yutianx/tongji2/Software/ncbi-blast-2.6.0+-src/c++/src/objects/taxon3'
/data/tusers/yutianx/tongji2/Software/ncbi-blast-2.6.0+-src/c++/ReleaseMT/bin/datatool -oR /data/tusers/yutianx/tongji2/Software/ncbi-blast-2.6.0+-src/c++ -opm /data/tusers/yutianx/tongji2/Software/ncbi-blast-2.6.0+-src/c++/src -m taxon3.asn -M "objects/seqfeat/seqfeat.asn" -oA -oc taxon3 -or objects/taxon3 -odi -od taxon3.def -oex '' -ocvs -pch 'ncbi_pch.hpp' -fd taxon3.dump 
datatool: 2.16.0
make[5]: Leaving directory '/data/tusers/yutianx/tongji2/Software/ncbi-blast-2.6.0+-src/c++/src/objects/taxon3'
/usr/bin/make -w -f /data/tusers/yutianx/tongji2/Software/ncbi-blast-2.6.0+-src/c++/src/build-system/Makefile.module MODULE=tinyseq MODULE_PATH=objects/tinyseq MODULE_ASN=tinyseq.asn MODULE_IMPORT='' IMPDEPS='' IMPFILES='' top_srcdir=/data/tusers/yutianx/tongji2/Software/ncbi-blast-2.6.0+-src/c++ DATATOOL=/data/tusers/yutianx/tongji2/Software/ncbi-blast-2.6.0+-src/c++/ReleaseMT/bin/datatool MODULE_SEARCH=/data/tusers/yutianx/tongji2/Software/ncbi-blast-2.6.0+-src/c++/src all
make[5]: Entering directory '/data/tusers/yutianx/tongji2/Software/ncbi-blast-2.6.0+-src/c++/src/objects/tinyseq'
/data/tusers/yutianx/tongji2/Software/ncbi-blast-2.6.0+-src/c++/ReleaseMT/bin/datatool -oR /data/tusers/yutianx/tongji2/Software/ncbi-blast-2.6.0+-src/c++ -opm /data/tusers/yutianx/tongji2/Software/ncbi-blast-2.6.0+-src/c++/src -m tinyseq.asn -M "" -oA -oc tinyseq -or objects/tinyseq -odi -od tinyseq.def -oex '' -ocvs -pch 'ncbi_pch.hpp' -fd tinyseq.dump 
datatool: 2.16.0
make[5]: Leaving directory '/data/tusers/yutianx/tongji2/Software/ncbi-blast-2.6.0+-src/c++/src/objects/tinyseq'
/usr/bin/make -w -f /data/tusers/yutianx/tongji2/Software/ncbi-blast-2.6.0+-src/c++/src/build-system/Makefile.module MODULE=pcsubstance MODULE_PATH=objects/pcsubstance MODULE_ASN=pcsubstance.asn MODULE_IMPORT='objects/general/general objects/pub/pub' IMPDEPS='/data/tusers/yutianx/tongji2/Software/ncbi-blast-2.6.0+-src/c++/src/objects/general/general.asn /data/tusers/yutianx/tongji2/Software/ncbi-blast-2.6.0+-src/c++/src/objects/pub/pub.asn' IMPFILES='objects/general/general.asn objects/pub/pub.asn' top_srcdir=/data/tusers/yutianx/tongji2/Software/ncbi-blast-2.6.0+-src/c++ DATATOOL=/data/tusers/yutianx/tongji2/Software/ncbi-blast-2.6.0+-src/c++/ReleaseMT/bin/datatool MODULE_SEARCH=/data/tusers/yutianx/tongji2/Software/ncbi-blast-2.6.0+-src/c++/src all
make[5]: Entering directory '/data/tusers/yutianx/tongji2/Software/ncbi-blast-2.6.0+-src/c++/src/objects/pcsubstance'
/data/tusers/yutianx/tongji2/Software/ncbi-blast-2.6.0+-src/c++/ReleaseMT/bin/datatool -oR /data/tusers/yutianx/tongji2/Software/ncbi-blast-2.6.0+-src/c++ -opm /data/tusers/yutianx/tongji2/Software/ncbi-blast-2.6.0+-src/c++/src -m pcsubstance.asn -M "objects/general/general.asn objects/pub/pub.asn" -oA -oc pcsubstance -or objects/pcsubstance -odi -od pcsubstance.def -oex '' -ocvs -pch 'ncbi_pch.hpp' -fd pcsubstance.dump 
datatool: 2.16.0
make[5]: Leaving directory '/data/tusers/yutianx/tongji2/Software/ncbi-blast-2.6.0+-src/c++/src/objects/pcsubstance'
/usr/bin/make -w -f /data/tusers/yutianx/tongji2/Software/ncbi-blast-2.6.0+-src/c++/src/build-system/Makefile.module MODULE=pcassay MODULE_PATH=objects/pcassay MODULE_ASN=pcassay.asn MODULE_IMPORT='objects/general/general objects/pub/pub objects/seqfeat/seqfeat objects/pcsubstance/pcsubstance' IMPDEPS='/data/tusers/yutianx/tongji2/Software/ncbi-blast-2.6.0+-src/c++/src/objects/general/general.asn /data/tusers/yutianx/tongji2/Software/ncbi-blast-2.6.0+-src/c++/src/objects/pub/pub.asn /data/tusers/yutianx/tongji2/Software/ncbi-blast-2.6.0+-src/c++/src/objects/seqfeat/seqfeat.asn /data/tusers/yutianx/tongji2/Software/ncbi-blast-2.6.0+-src/c++/src/objects/pcsubstance/pcsubstance.asn' IMPFILES='objects/general/general.asn objects/pub/pub.asn objects/seqfeat/seqfeat.asn objects/pcsubstance/pcsubstance.asn' top_srcdir=/data/tusers/yutianx/tongji2/Software/ncbi-blast-2.6.0+-src/c++ DATATOOL=/data/tusers/yutianx/tongji2/Software/ncbi-blast-2.6.0+-src/c++/ReleaseMT/bin/datatool MODULE_SEARCH=/data/tusers/yutianx/tongji2/Software/ncbi-blast-2.6.0+-src/c++/src all
make[5]: Entering directory '/data/tusers/yutianx/tongji2/Software/ncbi-blast-2.6.0+-src/c++/src/objects/pcassay'
/data/tusers/yutianx/tongji2/Software/ncbi-blast-2.6.0+-src/c++/ReleaseMT/bin/datatool -oR /data/tusers/yutianx/tongji2/Software/ncbi-blast-2.6.0+-src/c++ -opm /data/tusers/yutianx/tongji2/Software/ncbi-blast-2.6.0+-src/c++/src -m pcassay.asn -M "objects/general/general.asn objects/pub/pub.asn objects/seqfeat/seqfeat.asn objects/pcsubstance/pcsubstance.asn" -oA -oc pcassay -or objects/pcassay -odi -od pcassay.def -oex '' -ocvs -pch 'ncbi_pch.hpp' -fd pcassay.dump 
datatool: 2.16.0
make[5]: Leaving directory '/data/tusers/yutianx/tongji2/Software/ncbi-blast-2.6.0+-src/c++/src/objects/pcassay'
/usr/bin/make -w -f /data/tusers/yutianx/tongji2/Software/ncbi-blast-2.6.0+-src/c++/src/build-system/Makefile.module MODULE=remap MODULE_PATH=objects/remap MODULE_ASN=remap.asn MODULE_IMPORT='objects/seqloc/seqloc' IMPDEPS='/data/tusers/yutianx/tongji2/Software/ncbi-blast-2.6.0+-src/c++/src/objects/seqloc/seqloc.asn' IMPFILES='objects/seqloc/seqloc.asn' top_srcdir=/data/tusers/yutianx/tongji2/Software/ncbi-blast-2.6.0+-src/c++ DATATOOL=/data/tusers/yutianx/tongji2/Software/ncbi-blast-2.6.0+-src/c++/ReleaseMT/bin/datatool MODULE_SEARCH=/data/tusers/yutianx/tongji2/Software/ncbi-blast-2.6.0+-src/c++/src all
make[5]: Entering directory '/data/tusers/yutianx/tongji2/Software/ncbi-blast-2.6.0+-src/c++/src/objects/remap'
/data/tusers/yutianx/tongji2/Software/ncbi-blast-2.6.0+-src/c++/ReleaseMT/bin/datatool -oR /data/tusers/yutianx/tongji2/Software/ncbi-blast-2.6.0+-src/c++ -opm /data/tusers/yutianx/tongji2/Software/ncbi-blast-2.6.0+-src/c++/src -m remap.asn -M "objects/seqloc/seqloc.asn" -oA -oc remap -or objects/remap -odi -od remap.def -oex '' -ocvs -pch 'ncbi_pch.hpp' -fd remap.dump 
datatool: 2.16.0
make[5]: Leaving directory '/data/tusers/yutianx/tongji2/Software/ncbi-blast-2.6.0+-src/c++/src/objects/remap'
/usr/bin/make -w -f /data/tusers/yutianx/tongji2/Software/ncbi-blast-2.6.0+-src/c++/src/build-system/Makefile.module MODULE=homologene MODULE_PATH=objects/homologene MODULE_ASN=homologene.asn MODULE_IMPORT='objects/general/general objects/seqalign/seqalign objects/seqloc/seqloc' IMPDEPS='/data/tusers/yutianx/tongji2/Software/ncbi-blast-2.6.0+-src/c++/src/objects/general/general.asn /data/tusers/yutianx/tongji2/Software/ncbi-blast-2.6.0+-src/c++/src/objects/seqalign/seqalign.asn /data/tusers/yutianx/tongji2/Software/ncbi-blast-2.6.0+-src/c++/src/objects/seqloc/seqloc.asn' IMPFILES='objects/general/general.asn objects/seqalign/seqalign.asn objects/seqloc/seqloc.asn' top_srcdir=/data/tusers/yutianx/tongji2/Software/ncbi-blast-2.6.0+-src/c++ DATATOOL=/data/tusers/yutianx/tongji2/Software/ncbi-blast-2.6.0+-src/c++/ReleaseMT/bin/datatool MODULE_SEARCH=/data/tusers/yutianx/tongji2/Software/ncbi-blast-2.6.0+-src/c++/src all
make[5]: Entering directory '/data/tusers/yutianx/tongji2/Software/ncbi-blast-2.6.0+-src/c++/src/objects/homologene'
/data/tusers/yutianx/tongji2/Software/ncbi-blast-2.6.0+-src/c++/ReleaseMT/bin/datatool -oR /data/tusers/yutianx/tongji2/Software/ncbi-blast-2.6.0+-src/c++ -opm /data/tusers/yutianx/tongji2/Software/ncbi-blast-2.6.0+-src/c++/src -m homologene.asn -M "objects/general/general.asn objects/seqalign/seqalign.asn objects/seqloc/seqloc.asn" -oA -oc homologene -or objects/homologene -odi -od homologene.def -oex '' -ocvs -pch 'ncbi_pch.hpp' -fd homologene.dump 
datatool: 2.16.0
make[5]: Leaving directory '/data/tusers/yutianx/tongji2/Software/ncbi-blast-2.6.0+-src/c++/src/objects/homologene'
/usr/bin/make -w -f /data/tusers/yutianx/tongji2/Software/ncbi-blast-2.6.0+-src/c++/src/build-system/Makefile.module MODULE=seqedit MODULE_PATH=objects/seqedit MODULE_ASN=seqedit.asn MODULE_IMPORT='objects/general/general objects/seqloc/seqloc objects/seqset/seqset objects/seq/seq objects/seqalign/seqalign objects/seqfeat/seqfeat objects/seqres/seqres' IMPDEPS='/data/tusers/yutianx/tongji2/Software/ncbi-blast-2.6.0+-src/c++/src/objects/general/general.asn /data/tusers/yutianx/tongji2/Software/ncbi-blast-2.6.0+-src/c++/src/objects/seqloc/seqloc.asn /data/tusers/yutianx/tongji2/Software/ncbi-blast-2.6.0+-src/c++/src/objects/seqset/seqset.asn /data/tusers/yutianx/tongji2/Software/ncbi-blast-2.6.0+-src/c++/src/objects/seq/seq.asn /data/tusers/yutianx/tongji2/Software/ncbi-blast-2.6.0+-src/c++/src/objects/seqalign/seqalign.asn /data/tusers/yutianx/tongji2/Software/ncbi-blast-2.6.0+-src/c++/src/objects/seqfeat/seqfeat.asn /data/tusers/yutianx/tongji2/Software/ncbi-blast-2.6.0+-src/c++/src/objects/seqres/seqres.asn' IMPFILES='objects/general/general.asn objects/seqloc/seqloc.asn objects/seqset/seqset.asn objects/seq/seq.asn objects/seqalign/seqalign.asn objects/seqfeat/seqfeat.asn objects/seqres/seqres.asn' top_srcdir=/data/tusers/yutianx/tongji2/Software/ncbi-blast-2.6.0+-src/c++ DATATOOL=/data/tusers/yutianx/tongji2/Software/ncbi-blast-2.6.0+-src/c++/ReleaseMT/bin/datatool MODULE_SEARCH=/data/tusers/yutianx/tongji2/Software/ncbi-blast-2.6.0+-src/c++/src all
make[5]: Entering directory '/data/tusers/yutianx/tongji2/Software/ncbi-blast-2.6.0+-src/c++/src/objects/seqedit'
/data/tusers/yutianx/tongji2/Software/ncbi-blast-2.6.0+-src/c++/ReleaseMT/bin/datatool -oR /data/tusers/yutianx/tongji2/Software/ncbi-blast-2.6.0+-src/c++ -opm /data/tusers/yutianx/tongji2/Software/ncbi-blast-2.6.0+-src/c++/src -m seqedit.asn -M "objects/general/general.asn objects/seqloc/seqloc.asn objects/seqset/seqset.asn objects/seq/seq.asn objects/seqalign/seqalign.asn objects/seqfeat/seqfeat.asn objects/seqres/seqres.asn" -oA -oc seqedit -or objects/seqedit -odi -od seqedit.def -oex '' -ocvs -pch 'ncbi_pch.hpp' -fd seqedit.dump 
datatool: 2.16.0
make[5]: Leaving directory '/data/tusers/yutianx/tongji2/Software/ncbi-blast-2.6.0+-src/c++/src/objects/seqedit'
/usr/bin/make -w -f /data/tusers/yutianx/tongji2/Software/ncbi-blast-2.6.0+-src/c++/src/build-system/Makefile.module MODULE=seqtable MODULE_PATH=objects/seqtable MODULE_ASN=seqtable.asn MODULE_IMPORT='objects/general/general objects/seq/seq objects/seqloc/seqloc' IMPDEPS='/data/tusers/yutianx/tongji2/Software/ncbi-blast-2.6.0+-src/c++/src/objects/general/general.asn /data/tusers/yutianx/tongji2/Software/ncbi-blast-2.6.0+-src/c++/src/objects/seq/seq.asn /data/tusers/yutianx/tongji2/Software/ncbi-blast-2.6.0+-src/c++/src/objects/seqloc/seqloc.asn' IMPFILES='objects/general/general.asn objects/seq/seq.asn objects/seqloc/seqloc.asn' top_srcdir=/data/tusers/yutianx/tongji2/Software/ncbi-blast-2.6.0+-src/c++ DATATOOL=/data/tusers/yutianx/tongji2/Software/ncbi-blast-2.6.0+-src/c++/ReleaseMT/bin/datatool MODULE_SEARCH=/data/tusers/yutianx/tongji2/Software/ncbi-blast-2.6.0+-src/c++/src all
make[5]: Entering directory '/data/tusers/yutianx/tongji2/Software/ncbi-blast-2.6.0+-src/c++/src/objects/seqtable'
/data/tusers/yutianx/tongji2/Software/ncbi-blast-2.6.0+-src/c++/ReleaseMT/bin/datatool -oR /data/tusers/yutianx/tongji2/Software/ncbi-blast-2.6.0+-src/c++ -opm /data/tusers/yutianx/tongji2/Software/ncbi-blast-2.6.0+-src/c++/src -m seqtable.asn -M "objects/general/general.asn objects/seq/seq.asn objects/seqloc/seqloc.asn" -oA -oc seqtable -or objects/seqtable -odi -od seqtable.def -oex '' -ocvs -pch 'ncbi_pch.hpp' -fd seqtable.dump 
datatool: 2.16.0
make[5]: Leaving directory '/data/tusers/yutianx/tongji2/Software/ncbi-blast-2.6.0+-src/c++/src/objects/seqtable'
/usr/bin/make -w -f /data/tusers/yutianx/tongji2/Software/ncbi-blast-2.6.0+-src/c++/src/build-system/Makefile.module MODULE=seqtest MODULE_PATH=objects/seqtest MODULE_ASN=seqtest.asn MODULE_IMPORT='objects/general/general objects/seqloc/seqloc objects/seqalign/seqalign objects/seqfeat/seqfeat objects/seq/seq' IMPDEPS='/data/tusers/yutianx/tongji2/Software/ncbi-blast-2.6.0+-src/c++/src/objects/general/general.asn /data/tusers/yutianx/tongji2/Software/ncbi-blast-2.6.0+-src/c++/src/objects/seqloc/seqloc.asn /data/tusers/yutianx/tongji2/Software/ncbi-blast-2.6.0+-src/c++/src/objects/seqalign/seqalign.asn /data/tusers/yutianx/tongji2/Software/ncbi-blast-2.6.0+-src/c++/src/objects/seqfeat/seqfeat.asn /data/tusers/yutianx/tongji2/Software/ncbi-blast-2.6.0+-src/c++/src/objects/seq/seq.asn' IMPFILES='objects/general/general.asn objects/seqloc/seqloc.asn objects/seqalign/seqalign.asn objects/seqfeat/seqfeat.asn objects/seq/seq.asn' top_srcdir=/data/tusers/yutianx/tongji2/Software/ncbi-blast-2.6.0+-src/c++ DATATOOL=/data/tusers/yutianx/tongji2/Software/ncbi-blast-2.6.0+-src/c++/ReleaseMT/bin/datatool MODULE_SEARCH=/data/tusers/yutianx/tongji2/Software/ncbi-blast-2.6.0+-src/c++/src all
make[5]: Entering directory '/data/tusers/yutianx/tongji2/Software/ncbi-blast-2.6.0+-src/c++/src/objects/seqtest'
/data/tusers/yutianx/tongji2/Software/ncbi-blast-2.6.0+-src/c++/ReleaseMT/bin/datatool -oR /data/tusers/yutianx/tongji2/Software/ncbi-blast-2.6.0+-src/c++ -opm /data/tusers/yutianx/tongji2/Software/ncbi-blast-2.6.0+-src/c++/src -m seqtest.asn -M "objects/general/general.asn objects/seqloc/seqloc.asn objects/seqalign/seqalign.asn objects/seqfeat/seqfeat.asn objects/seq/seq.asn" -oA -oc seqtest -or objects/seqtest -odi -od seqtest.def -oex '' -ocvs -pch 'ncbi_pch.hpp' -fd seqtest.dump 
datatool: 2.16.0
make[5]: Leaving directory '/data/tusers/yutianx/tongji2/Software/ncbi-blast-2.6.0+-src/c++/src/objects/seqtest'
/usr/bin/make -w -f /data/tusers/yutianx/tongji2/Software/ncbi-blast-2.6.0+-src/c++/src/build-system/Makefile.module MODULE=trackmgr MODULE_PATH=objects/trackmgr MODULE_ASN=trackmgr.asn MODULE_IMPORT='objects/seqloc/seqloc objects/general/general' IMPDEPS='/data/tusers/yutianx/tongji2/Software/ncbi-blast-2.6.0+-src/c++/src/objects/seqloc/seqloc.asn /data/tusers/yutianx/tongji2/Software/ncbi-blast-2.6.0+-src/c++/src/objects/general/general.asn' IMPFILES='objects/seqloc/seqloc.asn objects/general/general.asn' top_srcdir=/data/tusers/yutianx/tongji2/Software/ncbi-blast-2.6.0+-src/c++ DATATOOL=/data/tusers/yutianx/tongji2/Software/ncbi-blast-2.6.0+-src/c++/ReleaseMT/bin/datatool MODULE_SEARCH=/data/tusers/yutianx/tongji2/Software/ncbi-blast-2.6.0+-src/c++/src all
make[5]: Entering directory '/data/tusers/yutianx/tongji2/Software/ncbi-blast-2.6.0+-src/c++/src/objects/trackmgr'
/data/tusers/yutianx/tongji2/Software/ncbi-blast-2.6.0+-src/c++/ReleaseMT/bin/datatool -oR /data/tusers/yutianx/tongji2/Software/ncbi-blast-2.6.0+-src/c++ -opm /data/tusers/yutianx/tongji2/Software/ncbi-blast-2.6.0+-src/c++/src -m trackmgr.asn -M "objects/seqloc/seqloc.asn objects/general/general.asn" -oA -oc trackmgr -or objects/trackmgr -odi -od trackmgr.def -oex '' -ocvs -pch 'ncbi_pch.hpp' -fd trackmgr.dump 
datatool: 2.16.0
Warning: (810.1) No service name provided for CTrackMgrClient
make[5]: Leaving directory '/data/tusers/yutianx/tongji2/Software/ncbi-blast-2.6.0+-src/c++/src/objects/trackmgr'
/usr/bin/make -w -f /data/tusers/yutianx/tongji2/Software/ncbi-blast-2.6.0+-src/c++/src/build-system/Makefile.module MODULE=gbproj MODULE_PATH=objects/gbproj MODULE_ASN=gbproj.asn MODULE_IMPORT='objects/seq/seq objects/seqloc/seqloc objects/seqset/seqset objects/general/general objects/submit/submit objects/seqalign/seqalign' IMPDEPS='/data/tusers/yutianx/tongji2/Software/ncbi-blast-2.6.0+-src/c++/src/objects/seq/seq.asn /data/tusers/yutianx/tongji2/Software/ncbi-blast-2.6.0+-src/c++/src/objects/seqloc/seqloc.asn /data/tusers/yutianx/tongji2/Software/ncbi-blast-2.6.0+-src/c++/src/objects/seqset/seqset.asn /data/tusers/yutianx/tongji2/Software/ncbi-blast-2.6.0+-src/c++/src/objects/general/general.asn /data/tusers/yutianx/tongji2/Software/ncbi-blast-2.6.0+-src/c++/src/objects/submit/submit.asn /data/tusers/yutianx/tongji2/Software/ncbi-blast-2.6.0+-src/c++/src/objects/seqalign/seqalign.asn' IMPFILES='objects/seq/seq.asn objects/seqloc/seqloc.asn objects/seqset/seqset.asn objects/general/general.asn objects/submit/submit.asn objects/seqalign/seqalign.asn' top_srcdir=/data/tusers/yutianx/tongji2/Software/ncbi-blast-2.6.0+-src/c++ DATATOOL=/data/tusers/yutianx/tongji2/Software/ncbi-blast-2.6.0+-src/c++/ReleaseMT/bin/datatool MODULE_SEARCH=/data/tusers/yutianx/tongji2/Software/ncbi-blast-2.6.0+-src/c++/src all
make[5]: Entering directory '/data/tusers/yutianx/tongji2/Software/ncbi-blast-2.6.0+-src/c++/src/objects/gbproj'
/data/tusers/yutianx/tongji2/Software/ncbi-blast-2.6.0+-src/c++/ReleaseMT/bin/datatool -oR /data/tusers/yutianx/tongji2/Software/ncbi-blast-2.6.0+-src/c++ -opm /data/tusers/yutianx/tongji2/Software/ncbi-blast-2.6.0+-src/c++/src -m gbproj.asn -M "objects/seq/seq.asn objects/seqloc/seqloc.asn objects/seqset/seqset.asn objects/general/general.asn objects/submit/submit.asn objects/seqalign/seqalign.asn" -oA -oc gbproj -or objects/gbproj -odi -od gbproj.def -oex '' -ocvs -pch 'ncbi_pch.hpp' -fd gbproj.dump 
datatool: 2.16.0
make[5]: Leaving directory '/data/tusers/yutianx/tongji2/Software/ncbi-blast-2.6.0+-src/c++/src/objects/gbproj'
/usr/bin/make -w -f /data/tusers/yutianx/tongji2/Software/ncbi-blast-2.6.0+-src/c++/src/build-system/Makefile.module MODULE=valerr MODULE_PATH=objects/valerr MODULE_ASN=valerr.asn MODULE_IMPORT='' IMPDEPS='' IMPFILES='' top_srcdir=/data/tusers/yutianx/tongji2/Software/ncbi-blast-2.6.0+-src/c++ DATATOOL=/data/tusers/yutianx/tongji2/Software/ncbi-blast-2.6.0+-src/c++/ReleaseMT/bin/datatool MODULE_SEARCH=/data/tusers/yutianx/tongji2/Software/ncbi-blast-2.6.0+-src/c++/src all
make[5]: Entering directory '/data/tusers/yutianx/tongji2/Software/ncbi-blast-2.6.0+-src/c++/src/objects/valerr'
/data/tusers/yutianx/tongji2/Software/ncbi-blast-2.6.0+-src/c++/ReleaseMT/bin/datatool -oR /data/tusers/yutianx/tongji2/Software/ncbi-blast-2.6.0+-src/c++ -opm /data/tusers/yutianx/tongji2/Software/ncbi-blast-2.6.0+-src/c++/src -m valerr.asn -M "" -oA -oc valerr -or objects/valerr -odi -od valerr.def -oex '' -ocvs -pch 'ncbi_pch.hpp' -fd valerr.dump 
datatool: 2.16.0
make[5]: Leaving directory '/data/tusers/yutianx/tongji2/Software/ncbi-blast-2.6.0+-src/c++/src/objects/valerr'
/usr/bin/make -w -f /data/tusers/yutianx/tongji2/Software/ncbi-blast-2.6.0+-src/c++/src/build-system/Makefile.module MODULE=valid MODULE_PATH=objects/valid MODULE_ASN=valid.asn MODULE_IMPORT='' IMPDEPS='' IMPFILES='' top_srcdir=/data/tusers/yutianx/tongji2/Software/ncbi-blast-2.6.0+-src/c++ DATATOOL=/data/tusers/yutianx/tongji2/Software/ncbi-blast-2.6.0+-src/c++/ReleaseMT/bin/datatool MODULE_SEARCH=/data/tusers/yutianx/tongji2/Software/ncbi-blast-2.6.0+-src/c++/src all
make[5]: Entering directory '/data/tusers/yutianx/tongji2/Software/ncbi-blast-2.6.0+-src/c++/src/objects/valid'
/data/tusers/yutianx/tongji2/Software/ncbi-blast-2.6.0+-src/c++/ReleaseMT/bin/datatool -oR /data/tusers/yutianx/tongji2/Software/ncbi-blast-2.6.0+-src/c++ -opm /data/tusers/yutianx/tongji2/Software/ncbi-blast-2.6.0+-src/c++/src -m valid.asn -M "" -oA -oc valid -or objects/valid -odi -od valid.def -oex '' -ocvs -pch 'ncbi_pch.hpp' -fd valid.dump 
datatool: 2.16.0
make[5]: Leaving directory '/data/tusers/yutianx/tongji2/Software/ncbi-blast-2.6.0+-src/c++/src/objects/valid'
/usr/bin/make -w -f /data/tusers/yutianx/tongji2/Software/ncbi-blast-2.6.0+-src/c++/src/build-system/Makefile.module MODULE=genesbyloc MODULE_PATH=objects/genesbyloc MODULE_ASN=genesbyloc.asn MODULE_IMPORT='' IMPDEPS='' IMPFILES='' top_srcdir=/data/tusers/yutianx/tongji2/Software/ncbi-blast-2.6.0+-src/c++ DATATOOL=/data/tusers/yutianx/tongji2/Software/ncbi-blast-2.6.0+-src/c++/ReleaseMT/bin/datatool MODULE_SEARCH=/data/tusers/yutianx/tongji2/Software/ncbi-blast-2.6.0+-src/c++/src all
make[5]: Entering directory '/data/tusers/yutianx/tongji2/Software/ncbi-blast-2.6.0+-src/c++/src/objects/genesbyloc'
/data/tusers/yutianx/tongji2/Software/ncbi-blast-2.6.0+-src/c++/ReleaseMT/bin/datatool -oR /data/tusers/yutianx/tongji2/Software/ncbi-blast-2.6.0+-src/c++ -opm /data/tusers/yutianx/tongji2/Software/ncbi-blast-2.6.0+-src/c++/src -m genesbyloc.asn -M "" -oA -oc genesbyloc -or objects/genesbyloc -odi -od genesbyloc.def -oex '' -ocvs -pch 'ncbi_pch.hpp' -fd genesbyloc.dump 
datatool: 2.16.0
make[5]: Leaving directory '/data/tusers/yutianx/tongji2/Software/ncbi-blast-2.6.0+-src/c++/src/objects/genesbyloc'
make[4]: Leaving directory '/data/tusers/yutianx/tongji2/Software/ncbi-blast-2.6.0+-src/c++/ReleaseMT/build/objects'
