make[5]: Entering directory '/data/tusers/yutianx/tongji2/Software/ncbi-blast-2.6.0+-src/c++/ReleaseMT/build/objects/seq'
status=0 ; \
MAKE="/usr/bin/make -w"; \
export MAKE; \
for x in seqalign seqblock seqfeat seqloc seqres seqtable; do \
    d=/data/tusers/yutianx/tongji2/Software/ncbi-blast-2.6.0+-src/c++/src/objects/seq/../$x ; \
    (cd $d  &&  /data/tusers/yutianx/tongji2/Software/ncbi-blast-2.6.0+-src/c++/ReleaseMT/build/new_module.sh) || status=9 ; \
    test -f ${x}__.cpp  ||  \
        echo "#include \"../$x/${x}__.cpp\""  > ${x}__.cpp ; \
    test -f ${x}___.cpp  ||  \
        echo "#include \"../$x/${x}___.cpp\"" > ${x}___.cpp ; \
done ; \
exit $status
/usr/bin/make -w -f /data/tusers/yutianx/tongji2/Software/ncbi-blast-2.6.0+-src/c++/src/build-system/Makefile.module MODULE=seqalign MODULE_PATH=objects/seqalign MODULE_ASN=seqalign.asn MODULE_IMPORT='objects/general/general objects/biblio/biblio objects/medline/medline objects/seqloc/seqloc' IMPDEPS='/data/tusers/yutianx/tongji2/Software/ncbi-blast-2.6.0+-src/c++/src/objects/general/general.asn /data/tusers/yutianx/tongji2/Software/ncbi-blast-2.6.0+-src/c++/src/objects/biblio/biblio.asn /data/tusers/yutianx/tongji2/Software/ncbi-blast-2.6.0+-src/c++/src/objects/medline/medline.asn /data/tusers/yutianx/tongji2/Software/ncbi-blast-2.6.0+-src/c++/src/objects/seqloc/seqloc.asn' IMPFILES='objects/general/general.asn objects/biblio/biblio.asn objects/medline/medline.asn objects/seqloc/seqloc.asn' top_srcdir=/data/tusers/yutianx/tongji2/Software/ncbi-blast-2.6.0+-src/c++ DATATOOL=/data/tusers/yutianx/tongji2/Software/ncbi-blast-2.6.0+-src/c++/ReleaseMT/bin/datatool MODULE_SEARCH=/data/tusers/yutianx/tongji2/Software/ncbi-blast-2.6.0+-src/c++/src
make[6]: Entering directory '/data/tusers/yutianx/tongji2/Software/ncbi-blast-2.6.0+-src/c++/src/objects/seqalign'
make[6]: Nothing to be done for 'all'.
make[6]: Leaving directory '/data/tusers/yutianx/tongji2/Software/ncbi-blast-2.6.0+-src/c++/src/objects/seqalign'
/usr/bin/make -w -f /data/tusers/yutianx/tongji2/Software/ncbi-blast-2.6.0+-src/c++/src/build-system/Makefile.module MODULE=seqblock MODULE_PATH=objects/seqblock MODULE_ASN=seqblock.asn MODULE_IMPORT='objects/general/general objects/biblio/biblio objects/medline/medline objects/seqloc/seqloc' IMPDEPS='/data/tusers/yutianx/tongji2/Software/ncbi-blast-2.6.0+-src/c++/src/objects/general/general.asn /data/tusers/yutianx/tongji2/Software/ncbi-blast-2.6.0+-src/c++/src/objects/biblio/biblio.asn /data/tusers/yutianx/tongji2/Software/ncbi-blast-2.6.0+-src/c++/src/objects/medline/medline.asn /data/tusers/yutianx/tongji2/Software/ncbi-blast-2.6.0+-src/c++/src/objects/seqloc/seqloc.asn' IMPFILES='objects/general/general.asn objects/biblio/biblio.asn objects/medline/medline.asn objects/seqloc/seqloc.asn' top_srcdir=/data/tusers/yutianx/tongji2/Software/ncbi-blast-2.6.0+-src/c++ DATATOOL=/data/tusers/yutianx/tongji2/Software/ncbi-blast-2.6.0+-src/c++/ReleaseMT/bin/datatool MODULE_SEARCH=/data/tusers/yutianx/tongji2/Software/ncbi-blast-2.6.0+-src/c++/src
make[6]: Entering directory '/data/tusers/yutianx/tongji2/Software/ncbi-blast-2.6.0+-src/c++/src/objects/seqblock'
make[6]: Nothing to be done for 'all'.
make[6]: Leaving directory '/data/tusers/yutianx/tongji2/Software/ncbi-blast-2.6.0+-src/c++/src/objects/seqblock'
/usr/bin/make -w -f /data/tusers/yutianx/tongji2/Software/ncbi-blast-2.6.0+-src/c++/src/build-system/Makefile.module MODULE=seqfeat MODULE_PATH=objects/seqfeat MODULE_ASN=seqfeat.asn MODULE_IMPORT='objects/general/general objects/biblio/biblio objects/medline/medline objects/pub/pub objects/seqloc/seqloc objects/seq/seq' IMPDEPS='/data/tusers/yutianx/tongji2/Software/ncbi-blast-2.6.0+-src/c++/src/objects/general/general.asn /data/tusers/yutianx/tongji2/Software/ncbi-blast-2.6.0+-src/c++/src/objects/biblio/biblio.asn /data/tusers/yutianx/tongji2/Software/ncbi-blast-2.6.0+-src/c++/src/objects/medline/medline.asn /data/tusers/yutianx/tongji2/Software/ncbi-blast-2.6.0+-src/c++/src/objects/pub/pub.asn /data/tusers/yutianx/tongji2/Software/ncbi-blast-2.6.0+-src/c++/src/objects/seqloc/seqloc.asn /data/tusers/yutianx/tongji2/Software/ncbi-blast-2.6.0+-src/c++/src/objects/seq/seq.asn' IMPFILES='objects/general/general.asn objects/biblio/biblio.asn objects/medline/medline.asn objects/pub/pub.asn objects/seqloc/seqloc.asn objects/seq/seq.asn' top_srcdir=/data/tusers/yutianx/tongji2/Software/ncbi-blast-2.6.0+-src/c++ DATATOOL=/data/tusers/yutianx/tongji2/Software/ncbi-blast-2.6.0+-src/c++/ReleaseMT/bin/datatool MODULE_SEARCH=/data/tusers/yutianx/tongji2/Software/ncbi-blast-2.6.0+-src/c++/src
make[6]: Entering directory '/data/tusers/yutianx/tongji2/Software/ncbi-blast-2.6.0+-src/c++/src/objects/seqfeat'
make[6]: Nothing to be done for 'all'.
make[6]: Leaving directory '/data/tusers/yutianx/tongji2/Software/ncbi-blast-2.6.0+-src/c++/src/objects/seqfeat'
/usr/bin/make -w -f /data/tusers/yutianx/tongji2/Software/ncbi-blast-2.6.0+-src/c++/src/build-system/Makefile.module MODULE=seqloc MODULE_PATH=objects/seqloc MODULE_ASN=seqloc.asn MODULE_IMPORT='objects/general/general objects/biblio/biblio objects/seqfeat/seqfeat' IMPDEPS='/data/tusers/yutianx/tongji2/Software/ncbi-blast-2.6.0+-src/c++/src/objects/general/general.asn /data/tusers/yutianx/tongji2/Software/ncbi-blast-2.6.0+-src/c++/src/objects/biblio/biblio.asn /data/tusers/yutianx/tongji2/Software/ncbi-blast-2.6.0+-src/c++/src/objects/seqfeat/seqfeat.asn' IMPFILES='objects/general/general.asn objects/biblio/biblio.asn objects/seqfeat/seqfeat.asn' top_srcdir=/data/tusers/yutianx/tongji2/Software/ncbi-blast-2.6.0+-src/c++ DATATOOL=/data/tusers/yutianx/tongji2/Software/ncbi-blast-2.6.0+-src/c++/ReleaseMT/bin/datatool MODULE_SEARCH=/data/tusers/yutianx/tongji2/Software/ncbi-blast-2.6.0+-src/c++/src
make[6]: Entering directory '/data/tusers/yutianx/tongji2/Software/ncbi-blast-2.6.0+-src/c++/src/objects/seqloc'
make[6]: Nothing to be done for 'all'.
make[6]: Leaving directory '/data/tusers/yutianx/tongji2/Software/ncbi-blast-2.6.0+-src/c++/src/objects/seqloc'
/usr/bin/make -w -f /data/tusers/yutianx/tongji2/Software/ncbi-blast-2.6.0+-src/c++/src/build-system/Makefile.module MODULE=seqres MODULE_PATH=objects/seqres MODULE_ASN=seqres.asn MODULE_IMPORT='objects/general/general objects/biblio/biblio objects/medline/medline objects/seqloc/seqloc' IMPDEPS='/data/tusers/yutianx/tongji2/Software/ncbi-blast-2.6.0+-src/c++/src/objects/general/general.asn /data/tusers/yutianx/tongji2/Software/ncbi-blast-2.6.0+-src/c++/src/objects/biblio/biblio.asn /data/tusers/yutianx/tongji2/Software/ncbi-blast-2.6.0+-src/c++/src/objects/medline/medline.asn /data/tusers/yutianx/tongji2/Software/ncbi-blast-2.6.0+-src/c++/src/objects/seqloc/seqloc.asn' IMPFILES='objects/general/general.asn objects/biblio/biblio.asn objects/medline/medline.asn objects/seqloc/seqloc.asn' top_srcdir=/data/tusers/yutianx/tongji2/Software/ncbi-blast-2.6.0+-src/c++ DATATOOL=/data/tusers/yutianx/tongji2/Software/ncbi-blast-2.6.0+-src/c++/ReleaseMT/bin/datatool MODULE_SEARCH=/data/tusers/yutianx/tongji2/Software/ncbi-blast-2.6.0+-src/c++/src
make[6]: Entering directory '/data/tusers/yutianx/tongji2/Software/ncbi-blast-2.6.0+-src/c++/src/objects/seqres'
make[6]: Nothing to be done for 'all'.
make[6]: Leaving directory '/data/tusers/yutianx/tongji2/Software/ncbi-blast-2.6.0+-src/c++/src/objects/seqres'
/usr/bin/make -w -f /data/tusers/yutianx/tongji2/Software/ncbi-blast-2.6.0+-src/c++/src/build-system/Makefile.module MODULE=seqtable MODULE_PATH=objects/seqtable MODULE_ASN=seqtable.asn MODULE_IMPORT='objects/general/general objects/seq/seq objects/seqloc/seqloc' IMPDEPS='/data/tusers/yutianx/tongji2/Software/ncbi-blast-2.6.0+-src/c++/src/objects/general/general.asn /data/tusers/yutianx/tongji2/Software/ncbi-blast-2.6.0+-src/c++/src/objects/seq/seq.asn /data/tusers/yutianx/tongji2/Software/ncbi-blast-2.6.0+-src/c++/src/objects/seqloc/seqloc.asn' IMPFILES='objects/general/general.asn objects/seq/seq.asn objects/seqloc/seqloc.asn' top_srcdir=/data/tusers/yutianx/tongji2/Software/ncbi-blast-2.6.0+-src/c++ DATATOOL=/data/tusers/yutianx/tongji2/Software/ncbi-blast-2.6.0+-src/c++/ReleaseMT/bin/datatool MODULE_SEARCH=/data/tusers/yutianx/tongji2/Software/ncbi-blast-2.6.0+-src/c++/src
make[6]: Entering directory '/data/tusers/yutianx/tongji2/Software/ncbi-blast-2.6.0+-src/c++/src/objects/seqtable'
make[6]: Nothing to be done for 'all'.
make[6]: Leaving directory '/data/tusers/yutianx/tongji2/Software/ncbi-blast-2.6.0+-src/c++/src/objects/seqtable'
make[5]: Leaving directory '/data/tusers/yutianx/tongji2/Software/ncbi-blast-2.6.0+-src/c++/ReleaseMT/build/objects/seq'
