make[3]: Entering directory '/data/tusers/yutianx/tongji2/Software/ncbi-blast-2.6.0+-src/c++/ReleaseMT/build/cgi'
Updating dependency information for /data/tusers/yutianx/tongji2/Software/ncbi-blast-2.6.0+-src/c++/src/cgi/user_agent.cpp.
Updating dependency information for /data/tusers/yutianx/tongji2/Software/ncbi-blast-2.6.0+-src/c++/src/cgi/cgi_entry_reader.cpp.
Updating dependency information for /data/tusers/yutianx/tongji2/Software/ncbi-blast-2.6.0+-src/c++/src/cgi/cgiapp_cached.cpp.
Updating dependency information for /data/tusers/yutianx/tongji2/Software/ncbi-blast-2.6.0+-src/c++/src/cgi/cgi_exception.cpp.
Updating dependency information for /data/tusers/yutianx/tongji2/Software/ncbi-blast-2.6.0+-src/c++/src/cgi/cgi_session.cpp.
Updating dependency information for /data/tusers/yutianx/tongji2/Software/ncbi-blast-2.6.0+-src/c++/src/cgi/cgi_serial.cpp.
Updating dependency information for /data/tusers/yutianx/tongji2/Software/ncbi-blast-2.6.0+-src/c++/src/cgi/cgi_util.cpp.
Updating dependency information for /data/tusers/yutianx/tongji2/Software/ncbi-blast-2.6.0+-src/c++/src/cgi/cgi_run.cpp.
Updating dependency information for /data/tusers/yutianx/tongji2/Software/ncbi-blast-2.6.0+-src/c++/src/cgi/ref_args.cpp.
Updating dependency information for /data/tusers/yutianx/tongji2/Software/ncbi-blast-2.6.0+-src/c++/src/cgi/ncbires.cpp.
Updating dependency information for /data/tusers/yutianx/tongji2/Software/ncbi-blast-2.6.0+-src/c++/src/cgi/ncbicgir.cpp.
Updating dependency information for /data/tusers/yutianx/tongji2/Software/ncbi-blast-2.6.0+-src/c++/src/cgi/cgictx.cpp.
Updating dependency information for /data/tusers/yutianx/tongji2/Software/ncbi-blast-2.6.0+-src/c++/src/cgi/cgiapp.cpp.
Updating dependency information for /data/tusers/yutianx/tongji2/Software/ncbi-blast-2.6.0+-src/c++/src/cgi/ncbicgi.cpp.
/usr/bin/ccache /usr/bin/g++  -std=gnu++11 -c  -Wall -Wno-format-y2k  -pthread -fopenmp -O2 -fPIC   -DNDEBUG -D_LARGEFILE_SOURCE -D_FILE_OFFSET_BITS=64 -D_LARGEFILE64_SOURCE   -D_MT -D_REENTRANT -D_THREAD_SAFE -I/data/tusers/yutianx/tongji2/Software/ncbi-blast-2.6.0+-src/c++/ReleaseMT/inc -I/data/tusers/yutianx/tongji2/Software/ncbi-blast-2.6.0+-src/c++/include   -fdiagnostics-color=always /data/tusers/yutianx/tongji2/Software/ncbi-blast-2.6.0+-src/c++/src/cgi/ncbicgi.cpp -o ncbicgi.o 
/usr/bin/ccache /usr/bin/g++  -std=gnu++11 -c  -Wall -Wno-format-y2k  -pthread -fopenmp -O2 -fPIC   -DNDEBUG -D_LARGEFILE_SOURCE -D_FILE_OFFSET_BITS=64 -D_LARGEFILE64_SOURCE   -D_MT -D_REENTRANT -D_THREAD_SAFE -I/data/tusers/yutianx/tongji2/Software/ncbi-blast-2.6.0+-src/c++/ReleaseMT/inc -I/data/tusers/yutianx/tongji2/Software/ncbi-blast-2.6.0+-src/c++/include   -fdiagnostics-color=always /data/tusers/yutianx/tongji2/Software/ncbi-blast-2.6.0+-src/c++/src/cgi/cgiapp.cpp -o cgiapp.o 
/usr/bin/ccache /usr/bin/g++  -std=gnu++11 -c  -Wall -Wno-format-y2k  -pthread -fopenmp -O2 -fPIC   -DNDEBUG -D_LARGEFILE_SOURCE -D_FILE_OFFSET_BITS=64 -D_LARGEFILE64_SOURCE   -D_MT -D_REENTRANT -D_THREAD_SAFE -I/data/tusers/yutianx/tongji2/Software/ncbi-blast-2.6.0+-src/c++/ReleaseMT/inc -I/data/tusers/yutianx/tongji2/Software/ncbi-blast-2.6.0+-src/c++/include   -fdiagnostics-color=always /data/tusers/yutianx/tongji2/Software/ncbi-blast-2.6.0+-src/c++/src/cgi/cgictx.cpp -o cgictx.o 
/usr/bin/ccache /usr/bin/g++  -std=gnu++11 -c  -Wall -Wno-format-y2k  -pthread -fopenmp -O2 -fPIC   -DNDEBUG -D_LARGEFILE_SOURCE -D_FILE_OFFSET_BITS=64 -D_LARGEFILE64_SOURCE   -D_MT -D_REENTRANT -D_THREAD_SAFE -I/data/tusers/yutianx/tongji2/Software/ncbi-blast-2.6.0+-src/c++/ReleaseMT/inc -I/data/tusers/yutianx/tongji2/Software/ncbi-blast-2.6.0+-src/c++/include   -fdiagnostics-color=always /data/tusers/yutianx/tongji2/Software/ncbi-blast-2.6.0+-src/c++/src/cgi/ncbicgir.cpp -o ncbicgir.o 
/usr/bin/ccache /usr/bin/g++  -std=gnu++11 -c  -Wall -Wno-format-y2k  -pthread -fopenmp -O2 -fPIC   -DNDEBUG -D_LARGEFILE_SOURCE -D_FILE_OFFSET_BITS=64 -D_LARGEFILE64_SOURCE   -D_MT -D_REENTRANT -D_THREAD_SAFE -I/data/tusers/yutianx/tongji2/Software/ncbi-blast-2.6.0+-src/c++/ReleaseMT/inc -I/data/tusers/yutianx/tongji2/Software/ncbi-blast-2.6.0+-src/c++/include   -fdiagnostics-color=always /data/tusers/yutianx/tongji2/Software/ncbi-blast-2.6.0+-src/c++/src/cgi/ncbires.cpp -o ncbires.o 
/usr/bin/ccache /usr/bin/g++  -std=gnu++11 -c  -Wall -Wno-format-y2k  -pthread -fopenmp -O2 -fPIC   -DNDEBUG -D_LARGEFILE_SOURCE -D_FILE_OFFSET_BITS=64 -D_LARGEFILE64_SOURCE   -D_MT -D_REENTRANT -D_THREAD_SAFE -I/data/tusers/yutianx/tongji2/Software/ncbi-blast-2.6.0+-src/c++/ReleaseMT/inc -I/data/tusers/yutianx/tongji2/Software/ncbi-blast-2.6.0+-src/c++/include   -fdiagnostics-color=always /data/tusers/yutianx/tongji2/Software/ncbi-blast-2.6.0+-src/c++/src/cgi/ref_args.cpp -o ref_args.o 
/usr/bin/ccache /usr/bin/g++  -std=gnu++11 -c  -Wall -Wno-format-y2k  -pthread -fopenmp -O2 -fPIC   -DNDEBUG -D_LARGEFILE_SOURCE -D_FILE_OFFSET_BITS=64 -D_LARGEFILE64_SOURCE   -D_MT -D_REENTRANT -D_THREAD_SAFE -I/data/tusers/yutianx/tongji2/Software/ncbi-blast-2.6.0+-src/c++/ReleaseMT/inc -I/data/tusers/yutianx/tongji2/Software/ncbi-blast-2.6.0+-src/c++/include   -fdiagnostics-color=always /data/tusers/yutianx/tongji2/Software/ncbi-blast-2.6.0+-src/c++/src/cgi/cgi_run.cpp -o cgi_run.o 
/usr/bin/ccache /usr/bin/g++  -std=gnu++11 -c  -Wall -Wno-format-y2k  -pthread -fopenmp -O2 -fPIC   -DNDEBUG -D_LARGEFILE_SOURCE -D_FILE_OFFSET_BITS=64 -D_LARGEFILE64_SOURCE   -D_MT -D_REENTRANT -D_THREAD_SAFE -I/data/tusers/yutianx/tongji2/Software/ncbi-blast-2.6.0+-src/c++/ReleaseMT/inc -I/data/tusers/yutianx/tongji2/Software/ncbi-blast-2.6.0+-src/c++/include   -fdiagnostics-color=always /data/tusers/yutianx/tongji2/Software/ncbi-blast-2.6.0+-src/c++/src/cgi/cgi_util.cpp -o cgi_util.o 
/usr/bin/ccache /usr/bin/g++  -std=gnu++11 -c  -Wall -Wno-format-y2k  -pthread -fopenmp -O2 -fPIC   -DNDEBUG -D_LARGEFILE_SOURCE -D_FILE_OFFSET_BITS=64 -D_LARGEFILE64_SOURCE   -D_MT -D_REENTRANT -D_THREAD_SAFE -I/data/tusers/yutianx/tongji2/Software/ncbi-blast-2.6.0+-src/c++/ReleaseMT/inc -I/data/tusers/yutianx/tongji2/Software/ncbi-blast-2.6.0+-src/c++/include   -fdiagnostics-color=always /data/tusers/yutianx/tongji2/Software/ncbi-blast-2.6.0+-src/c++/src/cgi/cgi_serial.cpp -o cgi_serial.o 
/usr/bin/ccache /usr/bin/g++  -std=gnu++11 -c  -Wall -Wno-format-y2k  -pthread -fopenmp -O2 -fPIC   -DNDEBUG -D_LARGEFILE_SOURCE -D_FILE_OFFSET_BITS=64 -D_LARGEFILE64_SOURCE   -D_MT -D_REENTRANT -D_THREAD_SAFE -I/data/tusers/yutianx/tongji2/Software/ncbi-blast-2.6.0+-src/c++/ReleaseMT/inc -I/data/tusers/yutianx/tongji2/Software/ncbi-blast-2.6.0+-src/c++/include   -fdiagnostics-color=always /data/tusers/yutianx/tongji2/Software/ncbi-blast-2.6.0+-src/c++/src/cgi/cgi_session.cpp -o cgi_session.o 
/usr/bin/ccache /usr/bin/g++  -std=gnu++11 -c  -Wall -Wno-format-y2k  -pthread -fopenmp -O2 -fPIC   -DNDEBUG -D_LARGEFILE_SOURCE -D_FILE_OFFSET_BITS=64 -D_LARGEFILE64_SOURCE   -D_MT -D_REENTRANT -D_THREAD_SAFE -I/data/tusers/yutianx/tongji2/Software/ncbi-blast-2.6.0+-src/c++/ReleaseMT/inc -I/data/tusers/yutianx/tongji2/Software/ncbi-blast-2.6.0+-src/c++/include   -fdiagnostics-color=always /data/tusers/yutianx/tongji2/Software/ncbi-blast-2.6.0+-src/c++/src/cgi/cgi_exception.cpp -o cgi_exception.o 
/usr/bin/ccache /usr/bin/g++  -std=gnu++11 -c  -Wall -Wno-format-y2k  -pthread -fopenmp -O2 -fPIC   -DNDEBUG -D_LARGEFILE_SOURCE -D_FILE_OFFSET_BITS=64 -D_LARGEFILE64_SOURCE   -D_MT -D_REENTRANT -D_THREAD_SAFE -I/data/tusers/yutianx/tongji2/Software/ncbi-blast-2.6.0+-src/c++/ReleaseMT/inc -I/data/tusers/yutianx/tongji2/Software/ncbi-blast-2.6.0+-src/c++/include   -fdiagnostics-color=always /data/tusers/yutianx/tongji2/Software/ncbi-blast-2.6.0+-src/c++/src/cgi/cgiapp_cached.cpp -o cgiapp_cached.o 
/usr/bin/ccache /usr/bin/g++  -std=gnu++11 -c  -Wall -Wno-format-y2k  -pthread -fopenmp -O2 -fPIC   -DNDEBUG -D_LARGEFILE_SOURCE -D_FILE_OFFSET_BITS=64 -D_LARGEFILE64_SOURCE   -D_MT -D_REENTRANT -D_THREAD_SAFE -I/data/tusers/yutianx/tongji2/Software/ncbi-blast-2.6.0+-src/c++/ReleaseMT/inc -I/data/tusers/yutianx/tongji2/Software/ncbi-blast-2.6.0+-src/c++/include   -fdiagnostics-color=always /data/tusers/yutianx/tongji2/Software/ncbi-blast-2.6.0+-src/c++/src/cgi/cgi_entry_reader.cpp -o cgi_entry_reader.o 
/usr/bin/ccache /usr/bin/g++  -std=gnu++11 -c  -Wall -Wno-format-y2k  -pthread -fopenmp -O2 -fPIC   -DNDEBUG -D_LARGEFILE_SOURCE -D_FILE_OFFSET_BITS=64 -D_LARGEFILE64_SOURCE   -D_MT -D_REENTRANT -D_THREAD_SAFE -I/data/tusers/yutianx/tongji2/Software/ncbi-blast-2.6.0+-src/c++/ReleaseMT/inc -I/data/tusers/yutianx/tongji2/Software/ncbi-blast-2.6.0+-src/c++/include   -fdiagnostics-color=always /data/tusers/yutianx/tongji2/Software/ncbi-blast-2.6.0+-src/c++/src/cgi/user_agent.cpp -o user_agent.o 
/bin/rm -f libxcgi.a .libxcgi.a.stamp
ar cr libxcgi.a ncbicgi.o cgiapp.o cgictx.o ncbicgir.o ncbires.o ref_args.o cgi_run.o cgi_util.o cgi_serial.o cgi_session.o cgi_exception.o cgiapp_cached.o cgi_entry_reader.o user_agent.o  
/bin/bash /data/tusers/yutianx/tongji2/Software/ncbi-blast-2.6.0+-src/c++/scripts/common/impl/if_diff.sh /bin/ln -f libxcgi.a /data/tusers/yutianx/tongji2/Software/ncbi-blast-2.6.0+-src/c++/ReleaseMT/lib
/bin/ln -f libxcgi.a /data/tusers/yutianx/tongji2/Software/ncbi-blast-2.6.0+-src/c++/ReleaseMT/lib/libxcgi.a
/bin/ln -f .xcgi.dep /data/tusers/yutianx/tongji2/Software/ncbi-blast-2.6.0+-src/c++/ReleaseMT/status/.xcgi.dep
make[3]: Leaving directory '/data/tusers/yutianx/tongji2/Software/ncbi-blast-2.6.0+-src/c++/ReleaseMT/build/cgi'
