make[4]: Entering directory '/data/tusers/yutianx/tongji2/Software/ncbi-blast-2.6.0+-src/c++/ReleaseMT/build/objects/macro'
Updating dependency information for /data/tusers/yutianx/tongji2/Software/ncbi-blast-2.6.0+-src/c++/src/objects/macro/macro___.cpp.
Updating dependency information for /data/tusers/yutianx/tongji2/Software/ncbi-blast-2.6.0+-src/c++/src/objects/macro/macro__.cpp.
/usr/bin/ccache /usr/bin/g++  -std=gnu++11 -c  -Wall -Wno-format-y2k  -pthread -fopenmp -O2 -fPIC   -DNDEBUG -D_LARGEFILE_SOURCE -D_FILE_OFFSET_BITS=64 -D_LARGEFILE64_SOURCE   -D_MT -D_REENTRANT -D_THREAD_SAFE -I/data/tusers/yutianx/tongji2/Software/ncbi-blast-2.6.0+-src/c++/ReleaseMT/inc -I/data/tusers/yutianx/tongji2/Software/ncbi-blast-2.6.0+-src/c++/include  -fdiagnostics-color=always /data/tusers/yutianx/tongji2/Software/ncbi-blast-2.6.0+-src/c++/src/objects/macro/macro__.cpp -o macro__.o 
In file included from acro/macro__.cpp:129:0acro/Replace_func.cpp:acro/Replace_func.cpp:61:84:pString, ncbi::CTempString, ncbi::SIZE_TYPE, ncbi::SIZE_TYPE, ncbi::NStr::EOccurrence, ncbi::NStr::ECase)   acro/AECRParse_action_.hpp:43 acro/AECRParse_action.hpp:44 acro/AECRParse_action.cpp:41 acro/macro__.cpp:2pString str, const CTempString pattern,
 acro/macro__.cpp:129:0acro/Replace_func.cpp:74:103:pString, ncbi::CTempString, ncbi::SIZE_TYPE, ncbi::SIZE_TYPE, ncbi::NStr::EOccurrence, ncbi::NStr::ECase)   acro/AECRParse_action_.hpp:43 acro/AECRParse_action.hpp:44 acro/AECRParse_action.cpp:41 acro/macro__.cpp:2pString str, const CTempString pattern,
 acro/macro__.cpp:129:0acro/Replace_func.cpp:76:91:pString, ncbi::CTempString, ncbi::SIZE_TYPE, ncbi::SIZE_TYPE, ncbi::NStr::EOccurrence, ncbi::NStr::ECase)   acro/AECRParse_action_.hpp:43 acro/AECRParse_action.hpp:44 acro/AECRParse_action.cpp:41 acro/macro__.cpp:2pString str, const CTempString pattern,
 acro/macro__.cpp:129:0acro/Replace_func.cpp:acro/Replace_func.cpp:88:84:pString, ncbi::CTempString, ncbi::SIZE_TYPE, ncbi::SIZE_TYPE, ncbi::NStr::EOccurrence, ncbi::NStr::ECase)   acro/AECRParse_action_.hpp:43 acro/AECRParse_action.hpp:44 acro/AECRParse_action.cpp:41 acro/macro__.cpp:2pString str, const CTempString pattern,
 acro/macro__.cpp:129:0acro/Replace_func.cpp:99:99:pString, ncbi::CTempString, ncbi::SIZE_TYPE, ncbi::SIZE_TYPE, ncbi::NStr::EOccurrence, ncbi::NStr::ECase)   acro/AECRParse_action_.hpp:43 acro/AECRParse_action.hpp:44 acro/AECRParse_action.cpp:41 acro/macro__.cpp:2pString str, const CTempString pattern,
 acro/macro__.cpp:136:0acro/Search_func.cpp:ember function 'acro/Search_func.cpp:97:58:pString, ncbi::CTempString, std::vector<std::__cxx11::basic_string<char> >&, ncbi::NStr::EMergeDelims, std::vector<long unsigned int>*)s);
   acro/AECRParse_action_.hpp:43 acro/AECRParse_action.hpp:44 acro/AECRParse_action.cpp:41 acro/macro__.cpp:2pString  str,
 acro/macro__.cpp:136:0acro/Search_func.cpp:ember function 'acro/Search_func.cpp:345:37:pString, ncbi::CTempString, std::vector<std::__cxx11::basic_string<char> >&, ncbi::NStr::TSplitFlags, std::vector<long unsigned int>*)   acro/AECRParse_action_.hpp:43 acro/AECRParse_action.hpp:44 acro/AECRParse_action.cpp:41 acro/macro__.cpp:2pString  str,
 acro/macro__.cpp:143:0acro/Simple_replace.cpp:acro/Simple_replace.cpp:92:36:pString, ncbi::CTempString, std::vector<std::__cxx11::basic_string<char> >&, ncbi::NStr::TSplitFlags, std::vector<long unsigned int>*)   acro/AECRParse_action_.hpp:43 acro/AECRParse_action.hpp:44 acro/AECRParse_action.cpp:41 acro/macro__.cpp:2pString  str,
 acro/macro__.cpp:158:0acro/String_constraint.cpp:ember function 'acro/String_constraint.cpp:190:37:pString, ncbi::CTempString, std::vector<std::__cxx11::basic_string<char> >&, ncbi::NStr::TSplitFlags, std::vector<long unsigned int>*)   acro/AECRParse_action_.hpp:43 acro/AECRParse_action.hpp:44 acro/AECRParse_action.cpp:41 acro/macro__.cpp:2pString  str,
 acro/macro__.cpp:158:0acro/String_constraint.cpp:ember function 'acro/String_constraint.cpp:625:99:pString, ncbi::CTempString, ncbi::SIZE_TYPE, ncbi::SIZE_TYPE, ncbi::NStr::EOccurrence, ncbi::NStr::ECase)   acro/AECRParse_action_.hpp:43 acro/AECRParse_action.hpp:44 acro/AECRParse_action.cpp:41 acro/macro__.cpp:2pString str, const CTempString pattern,
 acro/macro__.cpp:158:0acro/String_constraint.cpp:635:116:pString, ncbi::CTempString, ncbi::SIZE_TYPE, ncbi::SIZE_TYPE, ncbi::NStr::EOccurrence, ncbi::NStr::ECase)   acro/AECRParse_action_.hpp:43 acro/AECRParse_action.hpp:44 acro/AECRParse_action.cpp:41 acro/macro__.cpp:2pString str, const CTempString pattern,
 acro/macro__.cpp:158:0acro/String_constraint.cpp:654:116:pString, ncbi::CTempString, ncbi::SIZE_TYPE, ncbi::SIZE_TYPE, ncbi::NStr::EOccurrence, ncbi::NStr::ECase)   acro/AECRParse_action_.hpp:43 acro/AECRParse_action.hpp:44 acro/AECRParse_action.cpp:41 acro/macro__.cpp:2pString str, const CTempString pattern,
 acro/macro__.cpp:158:0acro/String_constraint.cpp:662:99:pString, ncbi::CTempString, ncbi::SIZE_TYPE, ncbi::SIZE_TYPE, ncbi::NStr::EOccurrence, ncbi::NStr::ECase)   acro/AECRParse_action_.hpp:43 acro/AECRParse_action.hpp:44 acro/AECRParse_action.cpp:41 acro/macro__.cpp:2pString str, const CTempString pattern,
 acro/macro__.cpp:158:0acro/String_constraint.cpp:668:126:pString, ncbi::CTempString, ncbi::SIZE_TYPE, ncbi::SIZE_TYPE, ncbi::NStr::EOccurrence, ncbi::NStr::ECase)   acro/AECRParse_action_.hpp:43 acro/AECRParse_action.hpp:44 acro/AECRParse_action.cpp:41 acro/macro__.cpp:2pString str, const CTempString pattern,
 acro/macro__.cpp:163:0acro/Suspect_rule.cpp:ember function 'marizeSearchFunc(const ncbi::objects::CSearch_func&) constacro/Suspect_rule.cpp:167:12:eration value 'acro/Suspect_rule.cpp:ember function 'marizeEndDistance(const ncbi::objects::CLocation_pos_constraint&) constacro/Suspect_rule.cpp:196:12:eration value 'acro/Suspect_rule.cpp:ember function 'marizeConstraint(const ncbi::objects::CConstraint_choice&) constacro/Suspect_rule.cpp:355:12:eration value ' acro/macro__.cpp:72:0acro/Location_constraint.cpp:ember function 'acro/Location_constraint.cpp:195:34:ay be used uninitialized in this function [-Wmaybe-uninitialized]
       return GetEnd3().Match(pos2);
/usr/bin/ccache /usr/bin/g++  -std=gnu++11 -c  -Wall -Wno-format-y2k  -pthread -fopenmp -O2 -fPIC   -DNDEBUG -D_LARGEFILE_SOURCE -D_FILE_OFFSET_BITS=64 -D_LARGEFILE64_SOURCE   -D_MT -D_REENTRANT -D_THREAD_SAFE -I/data/tusers/yutianx/tongji2/Software/ncbi-blast-2.6.0+-src/c++/ReleaseMT/inc -I/data/tusers/yutianx/tongji2/Software/ncbi-blast-2.6.0+-src/c++/include  -fdiagnostics-color=always /data/tusers/yutianx/tongji2/Software/ncbi-blast-2.6.0+-src/c++/src/objects/macro/macro___.cpp -o macro___.o 
/bin/rm -f libmacro.a .libmacro.a.stamp
ar cr libmacro.a macro__.o macro___.o  
/bin/bash /data/tusers/yutianx/tongji2/Software/ncbi-blast-2.6.0+-src/c++/scripts/common/impl/if_diff.sh /bin/ln -f libmacro.a /data/tusers/yutianx/tongji2/Software/ncbi-blast-2.6.0+-src/c++/ReleaseMT/lib
/bin/ln -f libmacro.a /data/tusers/yutianx/tongji2/Software/ncbi-blast-2.6.0+-src/c++/ReleaseMT/lib/libmacro.a
/bin/ln -f .macro.dep /data/tusers/yutianx/tongji2/Software/ncbi-blast-2.6.0+-src/c++/ReleaseMT/status/.macro.dep
make[4]: Leaving directory '/data/tusers/yutianx/tongji2/Software/ncbi-blast-2.6.0+-src/c++/ReleaseMT/build/objects/macro'
