make[4]: Entering directory '/data/tusers/yutianx/tongji2/Software/ncbi-blast-2.6.0+-src/c++/ReleaseMT/build/objtools/cleanup'
Updating dependency information for /data/tusers/yutianx/tongji2/Software/ncbi-blast-2.6.0+-src/c++/src/objtools/cleanup/newcleanupp.cpp.
Updating dependency information for /data/tusers/yutianx/tongji2/Software/ncbi-blast-2.6.0+-src/c++/src/objtools/cleanup/cleanup_utils.cpp.
Updating dependency information for /data/tusers/yutianx/tongji2/Software/ncbi-blast-2.6.0+-src/c++/src/objtools/cleanup/cleanup.cpp.
Updating dependency information for /data/tusers/yutianx/tongji2/Software/ncbi-blast-2.6.0+-src/c++/src/objtools/cleanup/autogenerated_extended_cleanup.cpp.
Updating dependency information for /data/tusers/yutianx/tongji2/Software/ncbi-blast-2.6.0+-src/c++/src/objtools/cleanup/autogenerated_cleanup.cpp.
/usr/bin/ccache /usr/bin/g++  -std=gnu++11 -c  -Wall -Wno-format-y2k  -pthread -fopenmp -O2 -fPIC   -DNDEBUG -D_LARGEFILE_SOURCE -D_FILE_OFFSET_BITS=64 -D_LARGEFILE64_SOURCE   -D_MT -D_REENTRANT -D_THREAD_SAFE -I/data/tusers/yutianx/tongji2/Software/ncbi-blast-2.6.0+-src/c++/ReleaseMT/inc -I/data/tusers/yutianx/tongji2/Software/ncbi-blast-2.6.0+-src/c++/include  -fdiagnostics-color=always /data/tusers/yutianx/tongji2/Software/ncbi-blast-2.6.0+-src/c++/src/objtools/cleanup/autogenerated_cleanup.cpp -o autogenerated_cleanup.o 
/usr/bin/ccache /usr/bin/g++  -std=gnu++11 -c  -Wall -Wno-format-y2k  -pthread -fopenmp -O2 -fPIC   -DNDEBUG -D_LARGEFILE_SOURCE -D_FILE_OFFSET_BITS=64 -D_LARGEFILE64_SOURCE   -D_MT -D_REENTRANT -D_THREAD_SAFE -I/data/tusers/yutianx/tongji2/Software/ncbi-blast-2.6.0+-src/c++/ReleaseMT/inc -I/data/tusers/yutianx/tongji2/Software/ncbi-blast-2.6.0+-src/c++/include  -fdiagnostics-color=always /data/tusers/yutianx/tongji2/Software/ncbi-blast-2.6.0+-src/c++/src/objtools/cleanup/autogenerated_extended_cleanup.cpp -o autogenerated_extended_cleanup.o 
/usr/bin/ccache /usr/bin/g++  -std=gnu++11 -c  -Wall -Wno-format-y2k  -pthread -fopenmp -O2 -fPIC   -DNDEBUG -D_LARGEFILE_SOURCE -D_FILE_OFFSET_BITS=64 -D_LARGEFILE64_SOURCE   -D_MT -D_REENTRANT -D_THREAD_SAFE -I/data/tusers/yutianx/tongji2/Software/ncbi-blast-2.6.0+-src/c++/ReleaseMT/inc -I/data/tusers/yutianx/tongji2/Software/ncbi-blast-2.6.0+-src/c++/include  -fdiagnostics-color=always /data/tusers/yutianx/tongji2/Software/ncbi-blast-2.6.0+-src/c++/src/objtools/cleanup/cleanup.cpp -o cleanup.o 
(const string&, const string&, ncbi::SIZE_TYPE*)pString, ncbi::CTempString, ncbi::SIZE_TYPE, ncbi::SIZE_TYPE, ncbi::NStr::EOccurrence)  pString str,
oveOrgFromEndOfProtein(ncbi::objects::CBioseq&, std::__cxx11::string)pString, ncbi::CTempString, ncbi::SIZE_TYPE, ncbi::SIZE_TYPE, ncbi::NStr::EOccurrence, ncbi::NStr::ECase)  pString str, const CTempString pattern,
/usr/bin/ccache /usr/bin/g++  -std=gnu++11 -c  -Wall -Wno-format-y2k  -pthread -fopenmp -O2 -fPIC   -DNDEBUG -D_LARGEFILE_SOURCE -D_FILE_OFFSET_BITS=64 -D_LARGEFILE64_SOURCE   -D_MT -D_REENTRANT -D_THREAD_SAFE -I/data/tusers/yutianx/tongji2/Software/ncbi-blast-2.6.0+-src/c++/ReleaseMT/inc -I/data/tusers/yutianx/tongji2/Software/ncbi-blast-2.6.0+-src/c++/include  -fdiagnostics-color=always /data/tusers/yutianx/tongji2/Software/ncbi-blast-2.6.0+-src/c++/src/objtools/cleanup/cleanup_utils.cpp -o cleanup_utils.o 
/usr/bin/ccache /usr/bin/g++  -std=gnu++11 -c  -Wall -Wno-format-y2k  -pthread -fopenmp -O2 -fPIC   -DNDEBUG -D_LARGEFILE_SOURCE -D_FILE_OFFSET_BITS=64 -D_LARGEFILE64_SOURCE   -D_MT -D_REENTRANT -D_THREAD_SAFE -I/data/tusers/yutianx/tongji2/Software/ncbi-blast-2.6.0+-src/c++/ReleaseMT/inc -I/data/tusers/yutianx/tongji2/Software/ncbi-blast-2.6.0+-src/c++/include  -fdiagnostics-color=always /data/tusers/yutianx/tongji2/Software/ncbi-blast-2.6.0+-src/c++/src/objtools/cleanup/newcleanupp.cpp -o newcleanupp.o 
ember function 'p::x_SeqFeatTRNABC(ncbi::objects::CSeq_feat&, ncbi::objects::CTrna_ext&)mentment = ( FIELD_IS_SET(feat, Comment) ? GET_FIELD(feat, Comment) : kEmptyStr );
ember function 'p::x_RemoveFlankingQuotes(std::__cxx11::string&)parison between signed and unsigned integer expressions [-Wsign-compare]
     for( ; first_pos <= last_pos ; ++first_pos, --last_pos ) {
parison between signed and unsigned integer expressions [-Wsign-compare]
     if( first_pos > last_pos ) {
/bin/rm -f libxcleanup.a .libxcleanup.a.stamp
ar cr libxcleanup.a autogenerated_cleanup.o autogenerated_extended_cleanup.o cleanup.o cleanup_utils.o newcleanupp.o  
/bin/bash /data/tusers/yutianx/tongji2/Software/ncbi-blast-2.6.0+-src/c++/scripts/common/impl/if_diff.sh /bin/ln -f libxcleanup.a /data/tusers/yutianx/tongji2/Software/ncbi-blast-2.6.0+-src/c++/ReleaseMT/lib
/bin/ln -f libxcleanup.a /data/tusers/yutianx/tongji2/Software/ncbi-blast-2.6.0+-src/c++/ReleaseMT/lib/libxcleanup.a
/bin/ln -f .xcleanup.dep /data/tusers/yutianx/tongji2/Software/ncbi-blast-2.6.0+-src/c++/ReleaseMT/status/.xcleanup.dep
make[4]: Leaving directory '/data/tusers/yutianx/tongji2/Software/ncbi-blast-2.6.0+-src/c++/ReleaseMT/build/objtools/cleanup'
