make[5]: Entering directory '/data/tusers/yutianx/tongji2/Software/ncbi-blast-2.6.0+-src/c++/ReleaseMT/build/objtools/data_loaders/genbank'
Updating dependency information for /data/tusers/yutianx/tongji2/Software/ncbi-blast-2.6.0+-src/c++/src/objtools/data_loaders/genbank/info_cache.cpp.
Updating dependency information for /data/tusers/yutianx/tongji2/Software/ncbi-blast-2.6.0+-src/c++/src/objtools/data_loaders/genbank/incr_time.cpp.
Updating dependency information for /data/tusers/yutianx/tongji2/Software/ncbi-blast-2.6.0+-src/c++/src/objtools/data_loaders/genbank/reader_service.cpp.
Updating dependency information for /data/tusers/yutianx/tongji2/Software/ncbi-blast-2.6.0+-src/c++/src/objtools/data_loaders/genbank/reader_id2_base.cpp.
Updating dependency information for /data/tusers/yutianx/tongji2/Software/ncbi-blast-2.6.0+-src/c++/src/objtools/data_loaders/genbank/reader_id1_base.cpp.
Updating dependency information for /data/tusers/yutianx/tongji2/Software/ncbi-blast-2.6.0+-src/c++/src/objtools/data_loaders/genbank/request_result.cpp.
Updating dependency information for /data/tusers/yutianx/tongji2/Software/ncbi-blast-2.6.0+-src/c++/src/objtools/data_loaders/genbank/blob_id.cpp.
Updating dependency information for /data/tusers/yutianx/tongji2/Software/ncbi-blast-2.6.0+-src/c++/src/objtools/data_loaders/genbank/seqref.cpp.
Updating dependency information for /data/tusers/yutianx/tongji2/Software/ncbi-blast-2.6.0+-src/c++/src/objtools/data_loaders/genbank/reader_snp.cpp.
Updating dependency information for /data/tusers/yutianx/tongji2/Software/ncbi-blast-2.6.0+-src/c++/src/objtools/data_loaders/genbank/processors.cpp.
Updating dependency information for /data/tusers/yutianx/tongji2/Software/ncbi-blast-2.6.0+-src/c++/src/objtools/data_loaders/genbank/writer.cpp.
Updating dependency information for /data/tusers/yutianx/tongji2/Software/ncbi-blast-2.6.0+-src/c++/src/objtools/data_loaders/genbank/reader.cpp.
Updating dependency information for /data/tusers/yutianx/tongji2/Software/ncbi-blast-2.6.0+-src/c++/src/objtools/data_loaders/genbank/dispatcher.cpp.
/usr/bin/ccache /usr/bin/g++  -std=gnu++11 -c -Wall -Wno-format-y2k  -pthread -fopenmp -O2 -fPIC    -DNDEBUG -D_LARGEFILE_SOURCE -D_FILE_OFFSET_BITS=64 -D_LARGEFILE64_SOURCE   -D_MT -D_REENTRANT -D_THREAD_SAFE -I/data/tusers/yutianx/tongji2/Software/ncbi-blast-2.6.0+-src/c++/ReleaseMT/inc -I/data/tusers/yutianx/tongji2/Software/ncbi-blast-2.6.0+-src/c++/include  -fdiagnostics-color=always /data/tusers/yutianx/tongji2/Software/ncbi-blast-2.6.0+-src/c++/src/objtools/data_loaders/genbank/dispatcher.cpp -o dispatcher.o 
/usr/bin/ccache /usr/bin/g++  -std=gnu++11 -c -Wall -Wno-format-y2k  -pthread -fopenmp -O2 -fPIC    -DNDEBUG -D_LARGEFILE_SOURCE -D_FILE_OFFSET_BITS=64 -D_LARGEFILE64_SOURCE   -D_MT -D_REENTRANT -D_THREAD_SAFE -I/data/tusers/yutianx/tongji2/Software/ncbi-blast-2.6.0+-src/c++/ReleaseMT/inc -I/data/tusers/yutianx/tongji2/Software/ncbi-blast-2.6.0+-src/c++/include  -fdiagnostics-color=always /data/tusers/yutianx/tongji2/Software/ncbi-blast-2.6.0+-src/c++/src/objtools/data_loaders/genbank/reader.cpp -o reader.o 
/usr/bin/ccache /usr/bin/g++  -std=gnu++11 -c -Wall -Wno-format-y2k  -pthread -fopenmp -O2 -fPIC    -DNDEBUG -D_LARGEFILE_SOURCE -D_FILE_OFFSET_BITS=64 -D_LARGEFILE64_SOURCE   -D_MT -D_REENTRANT -D_THREAD_SAFE -I/data/tusers/yutianx/tongji2/Software/ncbi-blast-2.6.0+-src/c++/ReleaseMT/inc -I/data/tusers/yutianx/tongji2/Software/ncbi-blast-2.6.0+-src/c++/include  -fdiagnostics-color=always /data/tusers/yutianx/tongji2/Software/ncbi-blast-2.6.0+-src/c++/src/objtools/data_loaders/genbank/writer.cpp -o writer.o 
/usr/bin/ccache /usr/bin/g++  -std=gnu++11 -c -Wall -Wno-format-y2k  -pthread -fopenmp -O2 -fPIC    -DNDEBUG -D_LARGEFILE_SOURCE -D_FILE_OFFSET_BITS=64 -D_LARGEFILE64_SOURCE   -D_MT -D_REENTRANT -D_THREAD_SAFE -I/data/tusers/yutianx/tongji2/Software/ncbi-blast-2.6.0+-src/c++/ReleaseMT/inc -I/data/tusers/yutianx/tongji2/Software/ncbi-blast-2.6.0+-src/c++/include  -fdiagnostics-color=always /data/tusers/yutianx/tongji2/Software/ncbi-blast-2.6.0+-src/c++/src/objtools/data_loaders/genbank/processors.cpp -o processors.o 
/usr/bin/ccache /usr/bin/g++  -std=gnu++11 -c -Wall -Wno-format-y2k  -pthread -fopenmp -O2 -fPIC    -DNDEBUG -D_LARGEFILE_SOURCE -D_FILE_OFFSET_BITS=64 -D_LARGEFILE64_SOURCE   -D_MT -D_REENTRANT -D_THREAD_SAFE -I/data/tusers/yutianx/tongji2/Software/ncbi-blast-2.6.0+-src/c++/ReleaseMT/inc -I/data/tusers/yutianx/tongji2/Software/ncbi-blast-2.6.0+-src/c++/include  -fdiagnostics-color=always /data/tusers/yutianx/tongji2/Software/ncbi-blast-2.6.0+-src/c++/src/objtools/data_loaders/genbank/reader_snp.cpp -o reader_snp.o 
/usr/bin/ccache /usr/bin/g++  -std=gnu++11 -c -Wall -Wno-format-y2k  -pthread -fopenmp -O2 -fPIC    -DNDEBUG -D_LARGEFILE_SOURCE -D_FILE_OFFSET_BITS=64 -D_LARGEFILE64_SOURCE   -D_MT -D_REENTRANT -D_THREAD_SAFE -I/data/tusers/yutianx/tongji2/Software/ncbi-blast-2.6.0+-src/c++/ReleaseMT/inc -I/data/tusers/yutianx/tongji2/Software/ncbi-blast-2.6.0+-src/c++/include  -fdiagnostics-color=always /data/tusers/yutianx/tongji2/Software/ncbi-blast-2.6.0+-src/c++/src/objtools/data_loaders/genbank/seqref.cpp -o seqref.o 
/usr/bin/ccache /usr/bin/g++  -std=gnu++11 -c -Wall -Wno-format-y2k  -pthread -fopenmp -O2 -fPIC    -DNDEBUG -D_LARGEFILE_SOURCE -D_FILE_OFFSET_BITS=64 -D_LARGEFILE64_SOURCE   -D_MT -D_REENTRANT -D_THREAD_SAFE -I/data/tusers/yutianx/tongji2/Software/ncbi-blast-2.6.0+-src/c++/ReleaseMT/inc -I/data/tusers/yutianx/tongji2/Software/ncbi-blast-2.6.0+-src/c++/include  -fdiagnostics-color=always /data/tusers/yutianx/tongji2/Software/ncbi-blast-2.6.0+-src/c++/src/objtools/data_loaders/genbank/blob_id.cpp -o blob_id.o 
/usr/bin/ccache /usr/bin/g++  -std=gnu++11 -c -Wall -Wno-format-y2k  -pthread -fopenmp -O2 -fPIC    -DNDEBUG -D_LARGEFILE_SOURCE -D_FILE_OFFSET_BITS=64 -D_LARGEFILE64_SOURCE   -D_MT -D_REENTRANT -D_THREAD_SAFE -I/data/tusers/yutianx/tongji2/Software/ncbi-blast-2.6.0+-src/c++/ReleaseMT/inc -I/data/tusers/yutianx/tongji2/Software/ncbi-blast-2.6.0+-src/c++/include  -fdiagnostics-color=always /data/tusers/yutianx/tongji2/Software/ncbi-blast-2.6.0+-src/c++/src/objtools/data_loaders/genbank/request_result.cpp -o request_result.o 
/usr/bin/ccache /usr/bin/g++  -std=gnu++11 -c -Wall -Wno-format-y2k  -pthread -fopenmp -O2 -fPIC    -DNDEBUG -D_LARGEFILE_SOURCE -D_FILE_OFFSET_BITS=64 -D_LARGEFILE64_SOURCE   -D_MT -D_REENTRANT -D_THREAD_SAFE -I/data/tusers/yutianx/tongji2/Software/ncbi-blast-2.6.0+-src/c++/ReleaseMT/inc -I/data/tusers/yutianx/tongji2/Software/ncbi-blast-2.6.0+-src/c++/include  -fdiagnostics-color=always /data/tusers/yutianx/tongji2/Software/ncbi-blast-2.6.0+-src/c++/src/objtools/data_loaders/genbank/reader_id1_base.cpp -o reader_id1_base.o 
/usr/bin/ccache /usr/bin/g++  -std=gnu++11 -c -Wall -Wno-format-y2k  -pthread -fopenmp -O2 -fPIC    -DNDEBUG -D_LARGEFILE_SOURCE -D_FILE_OFFSET_BITS=64 -D_LARGEFILE64_SOURCE   -D_MT -D_REENTRANT -D_THREAD_SAFE -I/data/tusers/yutianx/tongji2/Software/ncbi-blast-2.6.0+-src/c++/ReleaseMT/inc -I/data/tusers/yutianx/tongji2/Software/ncbi-blast-2.6.0+-src/c++/include  -fdiagnostics-color=always /data/tusers/yutianx/tongji2/Software/ncbi-blast-2.6.0+-src/c++/src/objtools/data_loaders/genbank/reader_id2_base.cpp -o reader_id2_base.o 
/usr/bin/ccache /usr/bin/g++  -std=gnu++11 -c -Wall -Wno-format-y2k  -pthread -fopenmp -O2 -fPIC    -DNDEBUG -D_LARGEFILE_SOURCE -D_FILE_OFFSET_BITS=64 -D_LARGEFILE64_SOURCE   -D_MT -D_REENTRANT -D_THREAD_SAFE -I/data/tusers/yutianx/tongji2/Software/ncbi-blast-2.6.0+-src/c++/ReleaseMT/inc -I/data/tusers/yutianx/tongji2/Software/ncbi-blast-2.6.0+-src/c++/include  -fdiagnostics-color=always /data/tusers/yutianx/tongji2/Software/ncbi-blast-2.6.0+-src/c++/src/objtools/data_loaders/genbank/reader_service.cpp -o reader_service.o 
/usr/bin/ccache /usr/bin/g++  -std=gnu++11 -c -Wall -Wno-format-y2k  -pthread -fopenmp -O2 -fPIC    -DNDEBUG -D_LARGEFILE_SOURCE -D_FILE_OFFSET_BITS=64 -D_LARGEFILE64_SOURCE   -D_MT -D_REENTRANT -D_THREAD_SAFE -I/data/tusers/yutianx/tongji2/Software/ncbi-blast-2.6.0+-src/c++/ReleaseMT/inc -I/data/tusers/yutianx/tongji2/Software/ncbi-blast-2.6.0+-src/c++/include  -fdiagnostics-color=always /data/tusers/yutianx/tongji2/Software/ncbi-blast-2.6.0+-src/c++/src/objtools/data_loaders/genbank/incr_time.cpp -o incr_time.o 
/usr/bin/ccache /usr/bin/g++  -std=gnu++11 -c -Wall -Wno-format-y2k  -pthread -fopenmp -O2 -fPIC    -DNDEBUG -D_LARGEFILE_SOURCE -D_FILE_OFFSET_BITS=64 -D_LARGEFILE64_SOURCE   -D_MT -D_REENTRANT -D_THREAD_SAFE -I/data/tusers/yutianx/tongji2/Software/ncbi-blast-2.6.0+-src/c++/ReleaseMT/inc -I/data/tusers/yutianx/tongji2/Software/ncbi-blast-2.6.0+-src/c++/include  -fdiagnostics-color=always /data/tusers/yutianx/tongji2/Software/ncbi-blast-2.6.0+-src/c++/src/objtools/data_loaders/genbank/info_cache.cpp -o info_cache.o 
/bin/rm -f libncbi_xreader.a .libncbi_xreader.a.stamp
ar cr libncbi_xreader.a dispatcher.o reader.o writer.o processors.o reader_snp.o seqref.o blob_id.o request_result.o reader_id1_base.o reader_id2_base.o reader_service.o incr_time.o info_cache.o  
/bin/bash /data/tusers/yutianx/tongji2/Software/ncbi-blast-2.6.0+-src/c++/scripts/common/impl/if_diff.sh /bin/ln -f libncbi_xreader.a /data/tusers/yutianx/tongji2/Software/ncbi-blast-2.6.0+-src/c++/ReleaseMT/lib
/bin/ln -f libncbi_xreader.a /data/tusers/yutianx/tongji2/Software/ncbi-blast-2.6.0+-src/c++/ReleaseMT/lib/libncbi_xreader.a
/bin/ln -f .ncbi_xreader.dep /data/tusers/yutianx/tongji2/Software/ncbi-blast-2.6.0+-src/c++/ReleaseMT/status/.ncbi_xreader.dep
/bin/rm -f libncbi_xreader-dll.so .libncbi_xreader-dll.so.stamp
/usr/bin/g++  -std=gnu++11  -shared -o libncbi_xreader-dll.so -Wl,--enable-new-dtags -Wl,-export-dynamic  -pthread -fopenmp   -O -fdiagnostics-color=always -fPIC  dispatcher.o reader.o writer.o processors.o reader_snp.o seqref.o blob_id.o request_result.o reader_id1_base.o reader_id2_base.o reader_service.o incr_time.o info_cache.o  -Wl,-rpath,/home/yutianx/bin/lib -Wl,-rpath-link,/data/tusers/yutianx/tongji2/Software/ncbi-blast-2.6.0+-src/c++/ReleaseMT/lib -L/data/tusers/yutianx/tongji2/Software/ncbi-blast-2.6.0+-src/c++/ReleaseMT/lib -lxconnect -lid1 -lid2 -lxobjmgr -lgenome_collection -lseqedit -lseqsplit -lseqset -lseq -lseqcode -lsequtil -lpub -lmedline -lbiblio -lgeneral -lxser -lxutil -lxncbi -lxcompress -lz  -lbz2   -lssl -lcrypto -lnsl -ldl -ldl -lm  -lpthread 
/bin/bash /data/tusers/yutianx/tongji2/Software/ncbi-blast-2.6.0+-src/c++/scripts/common/impl/if_diff.sh /bin/ln -f libncbi_xreader-dll.so /data/tusers/yutianx/tongji2/Software/ncbi-blast-2.6.0+-src/c++/ReleaseMT/lib
/bin/ln -f libncbi_xreader-dll.so /data/tusers/yutianx/tongji2/Software/ncbi-blast-2.6.0+-src/c++/ReleaseMT/lib/libncbi_xreader-dll.so
/bin/ln -f .ncbi_xreader-dll.dep /data/tusers/yutianx/tongji2/Software/ncbi-blast-2.6.0+-src/c++/ReleaseMT/status/.ncbi_xreader-dll.dep
make[5]: Leaving directory '/data/tusers/yutianx/tongji2/Software/ncbi-blast-2.6.0+-src/c++/ReleaseMT/build/objtools/data_loaders/genbank'
