This file contains any messages produced by compilers while
running configure, to aid debugging if configure makes a mistake.

It was created by Inchworm configure 0.1, which was
generated by GNU Autoconf 2.69.  Invocation command line was

  $ ./configure --prefix=/opt/conda/conda-bld/trinity_1518672154213/work/trinityrnaseq-Trinity-v2.5.1/Inchworm CC=/opt/anaconda1anaconda2anaconda3/bin/gcc CXX=/opt/anaconda1anaconda2anaconda3/bin/g++ CFLAGS=-fopenmp CXXFLAGS=-fopenmp

## --------- ##
## Platform. ##
## --------- ##

hostname = prealloc-nq5ecowb-ee3ccbe0-fb91-47ae-abff-cc19e3913e6d
uname -m = x86_64
uname -r = 4.4.0-96-generic
uname -s = Linux
uname -v = #119~14.04.1-Ubuntu SMP Wed Sep 13 08:40:48 UTC 2017

/usr/bin/uname -p = unknown
/bin/uname -X     = unknown

/bin/arch              = x86_64
/usr/bin/arch -k       = unknown
/usr/convex/getsysinfo = unknown
/usr/bin/hostinfo      = unknown
/bin/machine           = unknown
/usr/bin/oslevel       = unknown
/bin/universe          = unknown

PATH: /opt/anaconda1anaconda2anaconda3/bin
PATH: /opt/anaconda1anaconda2anaconda3
PATH: /opt/anaconda1anaconda2anaconda3/bin
PATH: /opt/conda/bin
PATH: /opt/rh/devtoolset-2/root/usr/bin
PATH: /usr/local/sbin
PATH: /usr/local/bin
PATH: /usr/sbin
PATH: /usr/bin
PATH: /sbin
PATH: /bin
PATH: /root/bin


## ----------- ##
## Core tests. ##
## ----------- ##

configure:1881: checking for a BSD-compatible install
configure:1949: result: /usr/bin/install -c
configure:1960: checking whether build environment is sane
configure:2010: result: yes
configure:2151: checking for a thread-safe mkdir -p
configure:2190: result: /bin/mkdir -p
configure:2203: checking for gawk
configure:2219: found /usr/bin/gawk
configure:2230: result: gawk
configure:2241: checking whether make sets $(MAKE)
configure:2263: result: yes
configure:2461: checking for C++ compiler version
configure:2470: /opt/anaconda1anaconda2anaconda3/bin/g++ --version >&5
g++ (GCC) 4.8.5
Copyright (C) 2015 Free Software Foundation, Inc.
This is free software; see the source for copying conditions.  There is NO
warranty; not even for MERCHANTABILITY or FITNESS FOR A PARTICULAR PURPOSE.

configure:2481: $? = 0
configure:2470: /opt/anaconda1anaconda2anaconda3/bin/g++ -v >&5
Reading specs from /opt/anaconda1anaconda2anaconda3/bin/../lib/gcc/x86_64-unknown-linux-gnu/4.8.5/specs
COLLECT_GCC=/opt/anaconda1anaconda2anaconda3/bin/g++
COLLECT_LTO_WRAPPER=/opt/anaconda1anaconda2anaconda3/bin/../libexec/gcc/x86_64-unknown-linux-gnu/4.8.5/lto-wrapper
Target: x86_64-unknown-linux-gnu
Configured with: ./configure --prefix=/home/ray/mc-x64-2.7/conda-bld/gcc_1479223211463/_b_env_placehold_placehold_placehold_placehold_placehold_placehold_placehold_placehold_placehold_placehold_placehold_placehold_placehold_placehold_placehold_placehold_placehold_placehold_placehold_placehold --with-gxx-include-dir=/home/ray/mc-x64-2.7/conda-bld/gcc_1479223211463/_b_env_placehold_placehold_placehold_placehold_placehold_placehold_placehold_placehold_placehold_placehold_placehold_placehold_placehold_placehold_placehold_placehold_placehold_placehold_placehold_placehold/gcc/include/c++ --bindir=/home/ray/mc-x64-2.7/conda-bld/gcc_1479223211463/_b_env_placehold_placehold_placehold_placehold_placehold_placehold_placehold_placehold_placehold_placehold_placehold_placehold_placehold_placehold_placehold_placehold_placehold_placehold_placehold_placehold/bin --datarootdir=/home/ray/mc-x64-2.7/conda-bld/gcc_1479223211463/_b_env_placehold_placehold_placehold_placehold_placehold_placehold_placehold_placehold_placehold_placehold_placehold_placehold_placehold_placehold_placehold_placehold_placehold_placehold_placehold_placehold/share --libdir=/home/ray/mc-x64-2.7/conda-bld/gcc_1479223211463/_b_env_placehold_placehold_placehold_placehold_placehold_placehold_placehold_placehold_placehold_placehold_placehold_placehold_placehold_placehold_placehold_placehold_placehold_placehold_placehold_placehold/lib --with-gmp=/home/ray/mc-x64-2.7/conda-bld/gcc_1479223211463/_b_env_placehold_placehold_placehold_placehold_placehold_placehold_placehold_placehold_placehold_placehold_placehold_placehold_placehold_placehold_placehold_placehold_placehold_placehold_placehold_placehold --with-mpfr=/home/ray/mc-x64-2.7/conda-bld/gcc_1479223211463/_b_env_placehold_placehold_placehold_placehold_placehold_placehold_placehold_placehold_placehold_placehold_placehold_placehold_placehold_placehold_placehold_placehold_placehold_placehold_placehold_placehold --with-mpc=/home/ray/mc-x64-2.7/conda-bld/gcc_1479223211463/_b_env_placehold_placehold_placehold_placehold_placehold_placehold_placehold_placehold_placehold_placehold_placehold_placehold_placehold_placehold_placehold_placehold_placehold_placehold_placehold_placehold --with-isl=/home/ray/mc-x64-2.7/conda-bld/gcc_1479223211463/_b_env_placehold_placehold_placehold_placehold_placehold_placehold_placehold_placehold_placehold_placehold_placehold_placehold_placehold_placehold_placehold_placehold_placehold_placehold_placehold_placehold --with-cloog=/home/ray/mc-x64-2.7/conda-bld/gcc_1479223211463/_b_env_placehold_placehold_placehold_placehold_placehold_placehold_placehold_placehold_placehold_placehold_placehold_placehold_placehold_placehold_placehold_placehold_placehold_placehold_placehold_placehold --enable-checking=release --with-tune=generic --disable-multilib
Thread model: posix
gcc version 4.8.5 (GCC) 
configure:2481: $? = 0
configure:2470: /opt/anaconda1anaconda2anaconda3/bin/g++ -V >&5
g++: error: unrecognized command line option '-V'
g++: fatal error: no input files
compilation terminated.
configure:2481: $? = 1
configure:2470: /opt/anaconda1anaconda2anaconda3/bin/g++ -qversion >&5
g++: error: unrecognized command line option '-qversion'
g++: fatal error: no input files
compilation terminated.
configure:2481: $? = 1
configure:2501: checking whether the C++ compiler works
configure:2523: /opt/anaconda1anaconda2anaconda3/bin/g++ -fopenmp -I/opt/anaconda1anaconda2anaconda3/include -L/opt/anaconda1anaconda2anaconda3/lib conftest.cpp  >&5
configure:2527: $? = 0
configure:2575: result: yes
configure:2578: checking for C++ compiler default output file name
configure:2580: result: a.out
configure:2586: checking for suffix of executables
configure:2593: /opt/anaconda1anaconda2anaconda3/bin/g++ -o conftest -fopenmp -I/opt/anaconda1anaconda2anaconda3/include -L/opt/anaconda1anaconda2anaconda3/lib conftest.cpp  >&5
configure:2597: $? = 0
configure:2619: result: 
configure:2641: checking whether we are cross compiling
configure:2649: /opt/anaconda1anaconda2anaconda3/bin/g++ -o conftest -fopenmp -I/opt/anaconda1anaconda2anaconda3/include -L/opt/anaconda1anaconda2anaconda3/lib conftest.cpp  >&5
configure:2653: $? = 0
configure:2660: ./conftest
configure:2664: $? = 0
configure:2679: result: no
configure:2684: checking for suffix of object files
configure:2706: /opt/anaconda1anaconda2anaconda3/bin/g++ -c -fopenmp -I/opt/anaconda1anaconda2anaconda3/include conftest.cpp >&5
configure:2710: $? = 0
configure:2731: result: o
configure:2735: checking whether we are using the GNU C++ compiler
configure:2754: /opt/anaconda1anaconda2anaconda3/bin/g++ -c -fopenmp -I/opt/anaconda1anaconda2anaconda3/include conftest.cpp >&5
configure:2754: $? = 0
configure:2763: result: yes
configure:2772: checking whether /opt/anaconda1anaconda2anaconda3/bin/g++ accepts -g
configure:2792: /opt/anaconda1anaconda2anaconda3/bin/g++ -c -g -I/opt/anaconda1anaconda2anaconda3/include conftest.cpp >&5
configure:2792: $? = 0
configure:2833: result: yes
configure:2867: checking for style of include used by make
configure:2895: result: GNU
configure:2920: checking dependency style of /opt/anaconda1anaconda2anaconda3/bin/g++
configure:3030: result: gcc3
configure:3057: checking for library containing cos
configure:3088: /opt/anaconda1anaconda2anaconda3/bin/g++ -o conftest -fopenmp -I/opt/anaconda1anaconda2anaconda3/include -L/opt/anaconda1anaconda2anaconda3/lib conftest.cpp  >&5
configure:3088: $? = 0
configure:3105: result: none required
configure:3247: creating ./config.status

## ---------------------- ##
## Running config.status. ##
## ---------------------- ##

This file was extended by Inchworm config.status 0.1, which was
generated by GNU Autoconf 2.69.  Invocation command line was

  CONFIG_FILES    = 
  CONFIG_HEADERS  = 
  CONFIG_LINKS    = 
  CONFIG_COMMANDS = 
  $ ./config.status 

on prealloc-nq5ecowb-ee3ccbe0-fb91-47ae-abff-cc19e3913e6d

config.status:840: creating Makefile
config.status:840: creating src/Makefile
config.status:840: creating config.h
config.status:1021: config.h is unchanged
config.status:1069: executing depfiles commands

## ---------------- ##
## Cache variables. ##
## ---------------- ##

ac_cv_cxx_compiler_gnu=yes
ac_cv_env_CCC_set=
ac_cv_env_CCC_value=
ac_cv_env_CPPFLAGS_set=set
ac_cv_env_CPPFLAGS_value=-I/opt/anaconda1anaconda2anaconda3/include
ac_cv_env_CXXFLAGS_set=set
ac_cv_env_CXXFLAGS_value=-fopenmp
ac_cv_env_CXX_set=set
ac_cv_env_CXX_value=/opt/anaconda1anaconda2anaconda3/bin/g++
ac_cv_env_LDFLAGS_set=set
ac_cv_env_LDFLAGS_value=-L/opt/anaconda1anaconda2anaconda3/lib
ac_cv_env_LIBS_set=
ac_cv_env_LIBS_value=
ac_cv_env_build_alias_set=
ac_cv_env_build_alias_value=
ac_cv_env_host_alias_set=
ac_cv_env_host_alias_value=
ac_cv_env_target_alias_set=
ac_cv_env_target_alias_value=
ac_cv_objext=o
ac_cv_path_install='/usr/bin/install -c'
ac_cv_path_mkdir=/bin/mkdir
ac_cv_prog_AWK=gawk
ac_cv_prog_cxx_g=yes
ac_cv_prog_make_make_set=yes
ac_cv_search_cos='none required'
am_cv_CXX_dependencies_compiler_type=gcc3

## ----------------- ##
## Output variables. ##
## ----------------- ##

ACLOCAL='${SHELL} /opt/conda/conda-bld/trinity_1518672154213/work/trinityrnaseq-Trinity-v2.5.1/Inchworm/missing --run aclocal-1.11'
AMDEPBACKSLASH='\'
AMDEP_FALSE='#'
AMDEP_TRUE=''
AMTAR='${SHELL} /opt/conda/conda-bld/trinity_1518672154213/work/trinityrnaseq-Trinity-v2.5.1/Inchworm/missing --run tar'
AM_CXXFLAGS='-std=c++0x -pedantic -fopenmp -Wall -Wextra -Wno-deprecated -m64'
AUTOCONF='${SHELL} /opt/conda/conda-bld/trinity_1518672154213/work/trinityrnaseq-Trinity-v2.5.1/Inchworm/missing --run autoconf'
AUTOHEADER='${SHELL} /opt/conda/conda-bld/trinity_1518672154213/work/trinityrnaseq-Trinity-v2.5.1/Inchworm/missing --run autoheader'
AUTOMAKE='${SHELL} /opt/conda/conda-bld/trinity_1518672154213/work/trinityrnaseq-Trinity-v2.5.1/Inchworm/missing --run automake-1.11'
AWK='gawk'
CPPFLAGS='-I/opt/anaconda1anaconda2anaconda3/include'
CXX='/opt/anaconda1anaconda2anaconda3/bin/g++'
CXXDEPMODE='depmode=gcc3'
CXXFLAGS='-fopenmp'
CYGPATH_W='echo'
DEFS='-DHAVE_CONFIG_H'
DEPDIR='.deps'
ECHO_C=''
ECHO_N='-n'
ECHO_T=''
EXEEXT=''
INSTALL_DATA='${INSTALL} -m 644'
INSTALL_PROGRAM='${INSTALL}'
INSTALL_SCRIPT='${INSTALL}'
INSTALL_STRIP_PROGRAM='$(install_sh) -c -s'
LDFLAGS='-L/opt/anaconda1anaconda2anaconda3/lib'
LIBOBJS=''
LIBS=''
LTLIBOBJS=''
MAKEINFO='${SHELL} /opt/conda/conda-bld/trinity_1518672154213/work/trinityrnaseq-Trinity-v2.5.1/Inchworm/missing --run makeinfo'
MKDIR_P='/bin/mkdir -p'
OBJEXT='o'
PACKAGE='inchworm'
PACKAGE_BUGREPORT='bug-report@address'
PACKAGE_NAME='Inchworm'
PACKAGE_STRING='Inchworm 0.1'
PACKAGE_TARNAME='inchworm'
PACKAGE_URL=''
PACKAGE_VERSION='0.1'
PATH_SEPARATOR=':'
SET_MAKE=''
SHELL='/bin/sh'
STRIP=''
VERSION='0.1'
ac_ct_CXX=''
am__EXEEXT_FALSE=''
am__EXEEXT_TRUE='#'
am__fastdepCXX_FALSE='#'
am__fastdepCXX_TRUE=''
am__include='include'
am__isrc=''
am__leading_dot='.'
am__quote=''
am__tar='${AMTAR} chof - "$$tardir"'
am__untar='${AMTAR} xf -'
bindir='${exec_prefix}/bin'
build_alias=''
datadir='${datarootdir}'
datarootdir='${prefix}/share'
docdir='${datarootdir}/doc/${PACKAGE_TARNAME}'
dvidir='${docdir}'
exec_prefix='${prefix}'
host_alias=''
htmldir='${docdir}'
includedir='${prefix}/include'
infodir='${datarootdir}/info'
install_sh='${SHELL} /opt/conda/conda-bld/trinity_1518672154213/work/trinityrnaseq-Trinity-v2.5.1/Inchworm/install-sh'
libdir='${exec_prefix}/lib'
libexecdir='${exec_prefix}/libexec'
localedir='${datarootdir}/locale'
localstatedir='${prefix}/var'
mandir='${datarootdir}/man'
mkdir_p='/bin/mkdir -p'
oldincludedir='/usr/include'
pdfdir='${docdir}'
prefix='/opt/conda/conda-bld/trinity_1518672154213/work/trinityrnaseq-Trinity-v2.5.1/Inchworm'
program_transform_name='s,x,x,'
psdir='${docdir}'
runstatedir='${localstatedir}/run'
sbindir='${exec_prefix}/sbin'
sharedstatedir='${prefix}/com'
sysconfdir='${prefix}/etc'
target_alias=''

## ----------- ##
## confdefs.h. ##
## ----------- ##

/* confdefs.h */
#define PACKAGE_NAME "Inchworm"
#define PACKAGE_TARNAME "inchworm"
#define PACKAGE_VERSION "0.1"
#define PACKAGE_STRING "Inchworm 0.1"
#define PACKAGE_BUGREPORT "bug-report@address"
#define PACKAGE_URL ""
#define PACKAGE "inchworm"
#define VERSION "0.1"

configure: exit 0
